[0] $ LOG_LEVEL=debug LOG_PRETTY=true bun run --watch src/index.ts
[1] $ vite
[1] 
[1]   VITE v5.4.20  ready in 179 ms
[1] 
[1]   ➜  Local:   http://localhost:5173/
[1]   ➜  Network: http://192.168.0.67:5173/
[1]   ➜  Network: http://198.19.249.3:5173/
[1]   ➜  Network: http://192.168.117.0:5173/
[1]   ➜  Network: http://192.168.155.0:5173/
[0] [32m🕒 09:55:02 📝 INFO    🐘 Connected to PostgreSQL database[0m
[0] [32m🕒 09:55:02 📝 INFO    🚀 Starting Scani Backend Server[0m
[0] [32m🕒 09:55:02 📝 INFO    🔌 WebSocket server initializing[0m
[0] [32m🕒 09:55:02 📝 INFO    🎉 Scani Backend Server started successfully[0m
[0] [32m🕒 09:55:05 📝 INFO   {qumeaefv} 📨 HTTP Request received | OPTIONS http://localhost:3001/trpc/accounts.getAll,holdings.getAll,institutions.getAll,users.getBaseCurrency,accounts.getSummaries,accountTypes.getAll,holdings.getUnpriceableTokens?batch=1&input=%7B%7D[0m
[0] [32m🕒 09:55:05 📝 INFO   {qumeaefv} ✅ HTTP Response sent successfully | OPTIONS http://localhost:3001/trpc/accounts.getAll,holdings.getAll,institutions.getAll,users.getBaseCurrency,accounts.getSummaries,accountTypes.getAll,holdings.getUnpriceableTokens?batch=1&input=%7B%7D | ⏱️ 1.6825ms | 🟢200[0m
[0] [32m🕒 09:55:05 📝 INFO   {zqhvufkf} 📨 HTTP Request received | GET http://localhost:3001/trpc/accounts.getAll,holdings.getAll,institutions.getAll,users.getBaseCurrency,accounts.getSummaries,accountTypes.getAll,holdings.getUnpriceableTokens?batch=1&input=%7B%7D[0m
[0] [32m🕒 09:55:05 📝 INFO   {z3yy1p4z} 🔄 Incoming tRPC request | GET http://localhost:3001/trpc/accounts.getAll,holdings.getAll,institutions.getAll,users.getBaseCurrency,accounts.getSummaries,accountTypes.getAll,holdings.getUnpriceableTokens?batch=1&input=%7B%7D[0m
[0] [36m🕒 09:55:05 🐛 DEBUG   📊 Drizzle PostgreSQL Query | SQL:select "id", "email", "name", "avatar", ...[0m
[0] [36m🕒 09:55:06 🐛 DEBUG   🔍 PostgreSQL Query | SQL:
[0]       select b.oid, b.typarray
[0]       fr...[0m
[0] [36m🕒 09:55:06 🐛 DEBUG   🔍 PostgreSQL Query | SQL:select "id", "email", "name", "avatar", ...[0m
[0] [36m🕒 09:55:06 🐛 DEBUG   ⚡ Starting query procedure: accounts.getAll[0m
[0] [36m🕒 09:55:06 🐛 DEBUG   ⚡ Starting query procedure: holdings.getAll[0m
[0] [36m🕒 09:55:06 🐛 DEBUG   ⚡ Starting query procedure: institutions.getAll[0m
[0] [36m🕒 09:55:06 🐛 DEBUG   ⚡ Starting query procedure: users.getBaseCurrency[0m
[0] [36m🕒 09:55:06 🐛 DEBUG   ⚡ Starting query procedure: accounts.getSummaries[0m
[0] [36m🕒 09:55:06 🐛 DEBUG   ⚡ Starting query procedure: accountTypes.getAll[0m
[0] [36m🕒 09:55:06 🐛 DEBUG   ⚡ Starting query procedure: holdings.getUnpriceableTokens[0m
[0] [36m🕒 09:55:06 🐛 DEBUG   📊 Drizzle PostgreSQL Query | SQL:select "accounts"."id", "accounts"."inst...[0m
[0] [36m🕒 09:55:06 🐛 DEBUG   📊 Drizzle PostgreSQL Query | SQL:select "id", "user_id", "account_id", "t...[0m
[0] [36m🕒 09:55:06 🐛 DEBUG   📊 Drizzle PostgreSQL Query | SQL:select "institutions"."id", "institution...[0m
[0] [36m🕒 09:55:06 🐛 DEBUG   📊 Drizzle PostgreSQL Query | SQL:select "id", "symbol", "name" from "toke...[0m
[0] [36m🕒 09:55:06 🐛 DEBUG   📊 Drizzle PostgreSQL Query | SQL:select "users"."id", "users"."base_curre...[0m
[0] [36m🕒 09:55:06 🐛 DEBUG   📊 Drizzle PostgreSQL Query | SQL:select "id", "code", "name", "descriptio...[0m
[0] [36m🕒 09:55:06 🐛 DEBUG   📊 Drizzle PostgreSQL Query | SQL:select "users"."id", "users"."base_curre...[0m
[0] [36m🕒 09:55:06 🐛 DEBUG   🔍 PostgreSQL Query | SQL:select "accounts"."id", "accounts"."inst...[0m
[0] [32m🕒 09:55:06 📝 INFO    ✅ Procedure completed successfully: accounts.getAll | ⏱️ 104.983167ms[0m
[0] [36m🕒 09:55:06 🐛 DEBUG   🔍 PostgreSQL Query | SQL:
[0]       select b.oid, b.typarray
[0]       fr...[0m
[0] [36m🕒 09:55:06 🐛 DEBUG   🔍 PostgreSQL Query | SQL:
[0]       select b.oid, b.typarray
[0]       fr...[0m
[0] [36m🕒 09:55:06 🐛 DEBUG   🔍 PostgreSQL Query | SQL:
[0]       select b.oid, b.typarray
[0]       fr...[0m
[0] [36m🕒 09:55:06 🐛 DEBUG   🔍 PostgreSQL Query | SQL:
[0]       select b.oid, b.typarray
[0]       fr...[0m
[0] [36m🕒 09:55:06 🐛 DEBUG   🔍 PostgreSQL Query | SQL:
[0]       select b.oid, b.typarray
[0]       fr...[0m
[0] [36m🕒 09:55:06 🐛 DEBUG   🔍 PostgreSQL Query | SQL:
[0]       select b.oid, b.typarray
[0]       fr...[0m
[0] [36m🕒 09:55:06 🐛 DEBUG   🔍 PostgreSQL Query | SQL:select "id", "symbol", "name" from "toke...[0m
[0] [36m🕒 09:55:06 🐛 DEBUG   🔍 PostgreSQL Query | SQL:select "id", "user_id", "account_id", "t...[0m
[0] [36m🕒 09:55:06 🐛 DEBUG   🔍 PostgreSQL Query | SQL:select "id", "code", "name", "descriptio...[0m
[0] [36m🕒 09:55:06 🐛 DEBUG   🔍 PostgreSQL Query | SQL:select "institutions"."id", "institution...[0m
[0] [36m🕒 09:55:06 🐛 DEBUG   🔍 PostgreSQL Query | SQL:select "users"."id", "users"."base_curre...[0m
[0] [36m🕒 09:55:06 🐛 DEBUG   🔍 PostgreSQL Query | SQL:select "users"."id", "users"."base_curre...[0m
[0] [32m🕒 09:55:06 📝 INFO    ✅ Procedure completed successfully: users.getBaseCurrency | ⏱️ 324.519042ms[0m
[0] [32m🕒 09:55:06 📝 INFO    ✅ Procedure completed successfully: holdings.getAll | ⏱️ 325.548292ms[0m
[0] [32m🕒 09:55:06 📝 INFO    ✅ Procedure completed successfully: accountTypes.getAll | ⏱️ 324.889416ms[0m
[0] [36m🕒 09:55:06 🐛 DEBUG   📊 Drizzle PostgreSQL Query | SQL:select "holdings"."balance", "tokens"."i...[0m
[0] [36m🕒 09:55:06 🐛 DEBUG   🔍 PostgreSQL Query | SQL:select "holdings"."balance", "tokens"."i...[0m
[0] [32m🕒 09:55:06 📝 INFO    ✅ Procedure completed successfully: institutions.getAll | ⏱️ 377.604125ms[0m
[0] [36m🕒 09:55:06 🐛 DEBUG   📊 Drizzle PostgreSQL Query | SQL:select "holdings"."id", "holdings"."bala...[0m
[0] [36m🕒 09:55:06 🐛 DEBUG   🔍 PostgreSQL Query | SQL:select "holdings"."id", "holdings"."bala...[0m
[0] [36m🕒 09:55:06 🐛 DEBUG   📊 Drizzle PostgreSQL Query | SQL:select "id", "symbol", "name", "type_id"...[0m
[0] [36m🕒 09:55:06 🐛 DEBUG   🔍 PostgreSQL Query | SQL:select "id", "symbol", "name", "type_id"...[0m
[0] [36m🕒 09:55:06 🐛 DEBUG   📊 Drizzle PostgreSQL Query | SQL:select "id", "symbol", "name", "type_id"...[0m
[0] [36m🕒 09:55:06 🐛 DEBUG   🔍 PostgreSQL Query | SQL:select "id", "symbol", "name", "type_id"...[0m
[0] [36m🕒 09:55:06 🐛 DEBUG   📊 Drizzle PostgreSQL Query | SQL:select "id", "symbol", "name", "type_id"...[0m
[0] [36m🕒 09:55:06 🐛 DEBUG   🔍 PostgreSQL Query | SQL:select "id", "symbol", "name", "type_id"...[0m
[0] [36m🕒 09:55:06 🐛 DEBUG   📊 Drizzle PostgreSQL Query | SQL:select "id", "symbol", "name", "type_id"...[0m
[0] [36m🕒 09:55:06 🐛 DEBUG   🔍 PostgreSQL Query | SQL:select "id", "symbol", "name", "type_id"...[0m
[0] [36m🕒 09:55:06 🐛 DEBUG   📊 Drizzle PostgreSQL Query | SQL:select "id", "token_id", "base_token_id"...[0m
[0] [36m🕒 09:55:06 🐛 DEBUG   🔍 PostgreSQL Query | SQL:select "id", "token_id", "base_token_id"...[0m
[0] [36m🕒 09:55:07 🐛 DEBUG   📊 Drizzle PostgreSQL Query | SQL:select "id", "token_id", "base_token_id"...[0m
[0] [36m🕒 09:55:07 🐛 DEBUG   🔍 PostgreSQL Query | SQL:select "id", "token_id", "base_token_id"...[0m
[0] [36m🕒 09:55:07 🐛 DEBUG   📊 Drizzle PostgreSQL Query | SQL:select "id", "symbol", "name", "type_id"...[0m
[0] [36m🕒 09:55:07 🐛 DEBUG   🔍 PostgreSQL Query | SQL:select "id", "symbol", "name", "type_id"...[0m
[0] [36m🕒 09:55:07 🐛 DEBUG   📊 Drizzle PostgreSQL Query | SQL:select "id", "symbol", "name", "type_id"...[0m
[0] [36m🕒 09:55:07 🐛 DEBUG   🔍 PostgreSQL Query | SQL:select "id", "symbol", "name", "type_id"...[0m
[0] [36m🕒 09:55:07 🐛 DEBUG   📊 Drizzle PostgreSQL Query | SQL:select "id", "symbol", "name", "type_id"...[0m
[0] [36m🕒 09:55:07 🐛 DEBUG   🔍 PostgreSQL Query | SQL:select "id", "symbol", "name", "type_id"...[0m
[0] [36m🕒 09:55:07 🐛 DEBUG   📊 Drizzle PostgreSQL Query | SQL:select "id", "symbol", "name", "type_id"...[0m
[0] [36m🕒 09:55:07 🐛 DEBUG   🔍 PostgreSQL Query | SQL:select "id", "symbol", "name", "type_id"...[0m
[0] [36m🕒 09:55:07 🐛 DEBUG   📊 Drizzle PostgreSQL Query | SQL:select "id", "token_id", "base_token_id"...[0m
[0] [36m🕒 09:55:07 🐛 DEBUG   🔍 PostgreSQL Query | SQL:select "id", "token_id", "base_token_id"...[0m
[0] [36m🕒 09:55:07 🐛 DEBUG   📊 Drizzle PostgreSQL Query | SQL:select "id", "token_id", "base_token_id"...[0m
[0] [36m🕒 09:55:07 🐛 DEBUG   🔍 PostgreSQL Query | SQL:select "id", "token_id", "base_token_id"...[0m
[0] [36m🕒 09:55:07 🐛 DEBUG   📊 Drizzle PostgreSQL Query | SQL:select "id", "symbol", "name", "type_id"...[0m
[0] [36m🕒 09:55:07 🐛 DEBUG   🔍 PostgreSQL Query | SQL:select "id", "symbol", "name", "type_id"...[0m
[0] [36m🕒 09:55:07 🐛 DEBUG   📊 Drizzle PostgreSQL Query | SQL:select "id", "symbol", "name", "type_id"...[0m
[0] [36m🕒 09:55:07 🐛 DEBUG   🔍 PostgreSQL Query | SQL:select "id", "symbol", "name", "type_id"...[0m
[0] [36m🕒 09:55:07 🐛 DEBUG   📊 Drizzle PostgreSQL Query | SQL:select "id", "symbol", "name", "type_id"...[0m
[0] [36m🕒 09:55:07 🐛 DEBUG   🔍 PostgreSQL Query | SQL:select "id", "symbol", "name", "type_id"...[0m
[0] [36m🕒 09:55:07 🐛 DEBUG   📊 Drizzle PostgreSQL Query | SQL:select "id", "symbol", "name", "type_id"...[0m
[0] [36m🕒 09:55:07 🐛 DEBUG   🔍 PostgreSQL Query | SQL:select "id", "symbol", "name", "type_id"...[0m
[0] [36m🕒 09:55:07 🐛 DEBUG   📊 Drizzle PostgreSQL Query | SQL:select "id", "token_id", "base_token_id"...[0m
[0] [36m🕒 09:55:07 🐛 DEBUG   🔍 PostgreSQL Query | SQL:select "id", "token_id", "base_token_id"...[0m
[0] [36m🕒 09:55:07 🐛 DEBUG   📊 Drizzle PostgreSQL Query | SQL:select "id", "token_id", "base_token_id"...[0m
[0] [36m🕒 09:55:07 🐛 DEBUG   🔍 PostgreSQL Query | SQL:select "id", "token_id", "base_token_id"...[0m
[0] [36m🕒 09:55:07 🐛 DEBUG   📊 Drizzle PostgreSQL Query | SQL:select "id", "symbol", "name", "type_id"...[0m
[0] [36m🕒 09:55:07 🐛 DEBUG   🔍 PostgreSQL Query | SQL:select "id", "symbol", "name", "type_id"...[0m
[0] [36m🕒 09:55:07 🐛 DEBUG   📊 Drizzle PostgreSQL Query | SQL:select "id", "symbol", "name", "type_id"...[0m
[0] [36m🕒 09:55:07 🐛 DEBUG   🔍 PostgreSQL Query | SQL:select "id", "symbol", "name", "type_id"...[0m
[0] [36m🕒 09:55:07 🐛 DEBUG   📊 Drizzle PostgreSQL Query | SQL:select "id", "symbol", "name", "type_id"...[0m
[0] [36m🕒 09:55:07 🐛 DEBUG   🔍 PostgreSQL Query | SQL:select "id", "symbol", "name", "type_id"...[0m
[0] [36m🕒 09:55:07 🐛 DEBUG   📊 Drizzle PostgreSQL Query | SQL:select "id", "symbol", "name", "type_id"...[0m
[0] [36m🕒 09:55:07 🐛 DEBUG   🔍 PostgreSQL Query | SQL:select "id", "symbol", "name", "type_id"...[0m
[0] [36m🕒 09:55:07 🐛 DEBUG   📊 Drizzle PostgreSQL Query | SQL:select "id", "token_id", "base_token_id"...[0m
[0] [36m🕒 09:55:07 🐛 DEBUG   🔍 PostgreSQL Query | SQL:select "id", "token_id", "base_token_id"...[0m
[0] [36m🕒 09:55:07 🐛 DEBUG   📊 Drizzle PostgreSQL Query | SQL:select "id", "token_id", "base_token_id"...[0m
[0] [36m🕒 09:55:07 🐛 DEBUG   🔍 PostgreSQL Query | SQL:select "id", "token_id", "base_token_id"...[0m
[0] [36m🕒 09:55:07 🐛 DEBUG   📊 Drizzle PostgreSQL Query | SQL:select "id", "symbol", "name", "type_id"...[0m
[0] [36m🕒 09:55:07 🐛 DEBUG   🔍 PostgreSQL Query | SQL:select "id", "symbol", "name", "type_id"...[0m
[0] [36m🕒 09:55:07 🐛 DEBUG   📊 Drizzle PostgreSQL Query | SQL:select "id", "symbol", "name", "type_id"...[0m
[0] [36m🕒 09:55:07 🐛 DEBUG   🔍 PostgreSQL Query | SQL:select "id", "symbol", "name", "type_id"...[0m
[0] [36m🕒 09:55:08 🐛 DEBUG   📊 Drizzle PostgreSQL Query | SQL:select "id", "symbol", "name", "type_id"...[0m
[0] [36m🕒 09:55:08 🐛 DEBUG   🔍 PostgreSQL Query | SQL:select "id", "symbol", "name", "type_id"...[0m
[0] [36m🕒 09:55:08 🐛 DEBUG   📊 Drizzle PostgreSQL Query | SQL:select "id", "symbol", "name", "type_id"...[0m
[0] [36m🕒 09:55:08 🐛 DEBUG   🔍 PostgreSQL Query | SQL:select "id", "symbol", "name", "type_id"...[0m
[0] [36m🕒 09:55:08 🐛 DEBUG   📊 Drizzle PostgreSQL Query | SQL:select "id", "token_id", "base_token_id"...[0m
[0] [36m🕒 09:55:08 🐛 DEBUG   🔍 PostgreSQL Query | SQL:select "id", "token_id", "base_token_id"...[0m
[0] [36m🕒 09:55:08 🐛 DEBUG   📊 Drizzle PostgreSQL Query | SQL:select "id", "token_id", "base_token_id"...[0m
[0] [36m🕒 09:55:08 🐛 DEBUG   🔍 PostgreSQL Query | SQL:select "id", "token_id", "base_token_id"...[0m
[0] [36m🕒 09:55:08 🐛 DEBUG   📊 Drizzle PostgreSQL Query | SQL:select "id", "symbol", "name", "type_id"...[0m
[0] [36m🕒 09:55:08 🐛 DEBUG   🔍 PostgreSQL Query | SQL:select "id", "symbol", "name", "type_id"...[0m
[0] [36m🕒 09:55:08 🐛 DEBUG   📊 Drizzle PostgreSQL Query | SQL:select "id", "symbol", "name", "type_id"...[0m
[0] [36m🕒 09:55:08 🐛 DEBUG   🔍 PostgreSQL Query | SQL:select "id", "symbol", "name", "type_id"...[0m
[0] [36m🕒 09:55:08 🐛 DEBUG   📊 Drizzle PostgreSQL Query | SQL:select "id", "symbol", "name", "type_id"...[0m
[0] [36m🕒 09:55:08 🐛 DEBUG   🔍 PostgreSQL Query | SQL:select "id", "symbol", "name", "type_id"...[0m
[0] [36m🕒 09:55:08 🐛 DEBUG   📊 Drizzle PostgreSQL Query | SQL:select "id", "symbol", "name", "type_id"...[0m
[0] [36m🕒 09:55:08 🐛 DEBUG   🔍 PostgreSQL Query | SQL:select "id", "symbol", "name", "type_id"...[0m
[0] [36m🕒 09:55:08 🐛 DEBUG   📊 Drizzle PostgreSQL Query | SQL:select "id", "token_id", "base_token_id"...[0m
[0] [36m🕒 09:55:08 🐛 DEBUG   🔍 PostgreSQL Query | SQL:select "id", "token_id", "base_token_id"...[0m
[0] [36m🕒 09:55:08 🐛 DEBUG   📊 Drizzle PostgreSQL Query | SQL:select "id", "token_id", "base_token_id"...[0m
[0] [36m🕒 09:55:08 🐛 DEBUG   🔍 PostgreSQL Query | SQL:select "id", "token_id", "base_token_id"...[0m
[0] [36m🕒 09:55:08 🐛 DEBUG   📊 Drizzle PostgreSQL Query | SQL:select "id", "symbol", "name", "type_id"...[0m
[0] [36m🕒 09:55:08 🐛 DEBUG   🔍 PostgreSQL Query | SQL:select "id", "symbol", "name", "type_id"...[0m
[0] [36m🕒 09:55:08 🐛 DEBUG   📊 Drizzle PostgreSQL Query | SQL:select "id", "symbol", "name", "type_id"...[0m
[0] [36m🕒 09:55:08 🐛 DEBUG   🔍 PostgreSQL Query | SQL:select "id", "symbol", "name", "type_id"...[0m
[0] [36m🕒 09:55:08 🐛 DEBUG   📊 Drizzle PostgreSQL Query | SQL:select "id", "symbol", "name", "type_id"...[0m
[0] [36m🕒 09:55:08 🐛 DEBUG   🔍 PostgreSQL Query | SQL:select "id", "symbol", "name", "type_id"...[0m
[0] [36m🕒 09:55:08 🐛 DEBUG   📊 Drizzle PostgreSQL Query | SQL:select "id", "symbol", "name", "type_id"...[0m
[0] [36m🕒 09:55:08 🐛 DEBUG   🔍 PostgreSQL Query | SQL:select "id", "symbol", "name", "type_id"...[0m
[0] [36m🕒 09:55:08 🐛 DEBUG   📊 Drizzle PostgreSQL Query | SQL:select "id", "token_id", "base_token_id"...[0m
[0] [36m🕒 09:55:08 🐛 DEBUG   🔍 PostgreSQL Query | SQL:select "id", "token_id", "base_token_id"...[0m
[0] [36m🕒 09:55:08 🐛 DEBUG   📊 Drizzle PostgreSQL Query | SQL:select "id", "token_id", "base_token_id"...[0m
[0] [36m🕒 09:55:08 🐛 DEBUG   🔍 PostgreSQL Query | SQL:select "id", "token_id", "base_token_id"...[0m
[0] [36m🕒 09:55:08 🐛 DEBUG   📊 Drizzle PostgreSQL Query | SQL:select "id", "symbol", "name", "type_id"...[0m
[0] [36m🕒 09:55:08 🐛 DEBUG   🔍 PostgreSQL Query | SQL:select "id", "symbol", "name", "type_id"...[0m
[0] [36m🕒 09:55:08 🐛 DEBUG   📊 Drizzle PostgreSQL Query | SQL:select "id", "symbol", "name", "type_id"...[0m
[0] [36m🕒 09:55:08 🐛 DEBUG   🔍 PostgreSQL Query | SQL:select "id", "symbol", "name", "type_id"...[0m
[0] [36m🕒 09:55:08 🐛 DEBUG   📊 Drizzle PostgreSQL Query | SQL:select "id", "symbol", "name", "type_id"...[0m
[0] [36m🕒 09:55:08 🐛 DEBUG   🔍 PostgreSQL Query | SQL:select "id", "symbol", "name", "type_id"...[0m
[0] [36m🕒 09:55:08 🐛 DEBUG   📊 Drizzle PostgreSQL Query | SQL:select "id", "symbol", "name", "type_id"...[0m
[0] [36m🕒 09:55:08 🐛 DEBUG   🔍 PostgreSQL Query | SQL:select "id", "symbol", "name", "type_id"...[0m
[0] [36m🕒 09:55:08 🐛 DEBUG   📊 Drizzle PostgreSQL Query | SQL:select "id", "token_id", "base_token_id"...[0m
[0] [36m🕒 09:55:08 🐛 DEBUG   🔍 PostgreSQL Query | SQL:select "id", "token_id", "base_token_id"...[0m
[0] [36m🕒 09:55:08 🐛 DEBUG   📊 Drizzle PostgreSQL Query | SQL:select "id", "token_id", "base_token_id"...[0m
[0] [36m🕒 09:55:08 🐛 DEBUG   🔍 PostgreSQL Query | SQL:select "id", "token_id", "base_token_id"...[0m
[0] [36m🕒 09:55:09 🐛 DEBUG   📊 Drizzle PostgreSQL Query | SQL:select "id", "symbol", "name", "type_id"...[0m
[0] [36m🕒 09:55:09 🐛 DEBUG   🔍 PostgreSQL Query | SQL:select "id", "symbol", "name", "type_id"...[0m
[0] [36m🕒 09:55:09 🐛 DEBUG   📊 Drizzle PostgreSQL Query | SQL:select "id", "symbol", "name", "type_id"...[0m
[0] [36m🕒 09:55:09 🐛 DEBUG   🔍 PostgreSQL Query | SQL:select "id", "symbol", "name", "type_id"...[0m
[0] [36m🕒 09:55:09 🐛 DEBUG   📊 Drizzle PostgreSQL Query | SQL:select "id", "symbol", "name", "type_id"...[0m
[0] [36m🕒 09:55:09 🐛 DEBUG   🔍 PostgreSQL Query | SQL:select "id", "symbol", "name", "type_id"...[0m
[0] [36m🕒 09:55:09 🐛 DEBUG   📊 Drizzle PostgreSQL Query | SQL:select "id", "symbol", "name", "type_id"...[0m
[0] [36m🕒 09:55:09 🐛 DEBUG   🔍 PostgreSQL Query | SQL:select "id", "symbol", "name", "type_id"...[0m
[0] [36m🕒 09:55:09 🐛 DEBUG   📊 Drizzle PostgreSQL Query | SQL:select "id", "token_id", "base_token_id"...[0m
[0] [36m🕒 09:55:09 🐛 DEBUG   🔍 PostgreSQL Query | SQL:select "id", "token_id", "base_token_id"...[0m
[0] [36m🕒 09:55:09 🐛 DEBUG   📊 Drizzle PostgreSQL Query | SQL:select "id", "token_id", "base_token_id"...[0m
[0] [36m🕒 09:55:09 🐛 DEBUG   🔍 PostgreSQL Query | SQL:select "id", "token_id", "base_token_id"...[0m
[0] [36m🕒 09:55:09 🐛 DEBUG   📊 Drizzle PostgreSQL Query | SQL:select "id", "symbol", "name", "type_id"...[0m
[0] [36m🕒 09:55:09 🐛 DEBUG   🔍 PostgreSQL Query | SQL:select "id", "symbol", "name", "type_id"...[0m
[0] [36m🕒 09:55:09 🐛 DEBUG   📊 Drizzle PostgreSQL Query | SQL:select "id", "symbol", "name", "type_id"...[0m
[0] [36m🕒 09:55:09 🐛 DEBUG   🔍 PostgreSQL Query | SQL:select "id", "symbol", "name", "type_id"...[0m
[0] [36m🕒 09:55:09 🐛 DEBUG   📊 Drizzle PostgreSQL Query | SQL:select "id", "symbol", "name", "type_id"...[0m
[0] [36m🕒 09:55:09 🐛 DEBUG   🔍 PostgreSQL Query | SQL:select "id", "symbol", "name", "type_id"...[0m
[0] [36m🕒 09:55:09 🐛 DEBUG   📊 Drizzle PostgreSQL Query | SQL:select "id", "symbol", "name", "type_id"...[0m
[0] [36m🕒 09:55:09 🐛 DEBUG   🔍 PostgreSQL Query | SQL:select "id", "symbol", "name", "type_id"...[0m
[0] [36m🕒 09:55:09 🐛 DEBUG   📊 Drizzle PostgreSQL Query | SQL:select "id", "token_id", "base_token_id"...[0m
[0] [36m🕒 09:55:09 🐛 DEBUG   🔍 PostgreSQL Query | SQL:select "id", "token_id", "base_token_id"...[0m
[0] [36m🕒 09:55:09 🐛 DEBUG   📊 Drizzle PostgreSQL Query | SQL:select "id", "token_id", "base_token_id"...[0m
[0] [36m🕒 09:55:09 🐛 DEBUG   🔍 PostgreSQL Query | SQL:select "id", "token_id", "base_token_id"...[0m
[0] [36m🕒 09:55:09 🐛 DEBUG   📊 Drizzle PostgreSQL Query | SQL:select "id", "symbol", "name", "type_id"...[0m
[0] [36m🕒 09:55:09 🐛 DEBUG   🔍 PostgreSQL Query | SQL:select "id", "symbol", "name", "type_id"...[0m
[0] [36m🕒 09:55:09 🐛 DEBUG   📊 Drizzle PostgreSQL Query | SQL:select "id", "symbol", "name", "type_id"...[0m
[0] [36m🕒 09:55:09 🐛 DEBUG   🔍 PostgreSQL Query | SQL:select "id", "symbol", "name", "type_id"...[0m
[0] [36m🕒 09:55:09 🐛 DEBUG   📊 Drizzle PostgreSQL Query | SQL:select "id", "code", "name", "descriptio...[0m
[0] [36m🕒 09:55:09 🐛 DEBUG   🔍 PostgreSQL Query | SQL:select "id", "code", "name", "descriptio...[0m
[0] [36m🕒 09:55:09 🐛 DEBUG   📊 Drizzle PostgreSQL Query | SQL:select "id", "code", "name", "descriptio...[0m
[0] [36m🕒 09:55:09 🐛 DEBUG   🔍 PostgreSQL Query | SQL:select "id", "code", "name", "descriptio...[0m
[0] Failed to fetch profile for XEQT.TO: 403 Forbidden
[0] Failed to fetch profile for XEQT.TO: 403 Forbidden
[0] Failed to fetch price for XEQT.TO/USD: Error: Finnhub API error for XEQT.TO: 403 Forbidden. {"error":"You don't have access to this resource."}. Using price 0.
[0] [36m🕒 09:55:10 🐛 DEBUG   📊 Drizzle PostgreSQL Query | SQL:select "id", "symbol", "name", "type_id"...[0m
[0] [36m🕒 09:55:10 🐛 DEBUG   🔍 PostgreSQL Query | SQL:select "id", "symbol", "name", "type_id"...[0m
[0] [36m🕒 09:55:10 🐛 DEBUG   📊 Drizzle PostgreSQL Query | SQL:select "id", "symbol", "name", "type_id"...[0m
[0] [36m🕒 09:55:10 🐛 DEBUG   🔍 PostgreSQL Query | SQL:select "id", "symbol", "name", "type_id"...[0m
[0] Failed to fetch price for XEQT.TO/USD: Error: Finnhub API error for XEQT.TO: 403 Forbidden. {"error":"You don't have access to this resource."}. Using price 0.
[0] [36m🕒 09:55:10 🐛 DEBUG   📊 Drizzle PostgreSQL Query | SQL:select "id", "symbol", "name", "type_id"...[0m
[0] [36m🕒 09:55:10 🐛 DEBUG   🔍 PostgreSQL Query | SQL:select "id", "symbol", "name", "type_id"...[0m
[0] [36m🕒 09:55:10 🐛 DEBUG   📊 Drizzle PostgreSQL Query | SQL:select "id", "token_id", "base_token_id"...[0m
[0] [36m🕒 09:55:10 🐛 DEBUG   🔍 PostgreSQL Query | SQL:select "id", "token_id", "base_token_id"...[0m
[0] [36m🕒 09:55:10 🐛 DEBUG   📊 Drizzle PostgreSQL Query | SQL:select "id", "symbol", "name", "type_id"...[0m
[0] [36m🕒 09:55:10 🐛 DEBUG   🔍 PostgreSQL Query | SQL:select "id", "symbol", "name", "type_id"...[0m
[0] [36m🕒 09:55:10 🐛 DEBUG   📊 Drizzle PostgreSQL Query | SQL:select "id", "symbol", "name", "type_id"...[0m
[0] [36m🕒 09:55:10 🐛 DEBUG   🔍 PostgreSQL Query | SQL:select "id", "symbol", "name", "type_id"...[0m
[0] [36m🕒 09:55:10 🐛 DEBUG   📊 Drizzle PostgreSQL Query | SQL:select "id", "token_id", "base_token_id"...[0m
[0] [36m🕒 09:55:10 🐛 DEBUG   🔍 PostgreSQL Query | SQL:select "id", "token_id", "base_token_id"...[0m
[0] [36m🕒 09:55:10 🐛 DEBUG   📊 Drizzle PostgreSQL Query | SQL:select "id", "code", "name", "descriptio...[0m
[0] [36m🕒 09:55:10 🐛 DEBUG   🔍 PostgreSQL Query | SQL:select "id", "code", "name", "descriptio...[0m
[0] [36m🕒 09:55:10 🐛 DEBUG   📊 Drizzle PostgreSQL Query | SQL:select "id", "symbol", "name", "type_id"...[0m
[0] [36m🕒 09:55:10 🐛 DEBUG   🔍 PostgreSQL Query | SQL:select "id", "symbol", "name", "type_id"...[0m
[0] [36m🕒 09:55:10 🐛 DEBUG   📊 Drizzle PostgreSQL Query | SQL:select "id", "code", "name", "descriptio...[0m
[0] [36m🕒 09:55:10 🐛 DEBUG   🔍 PostgreSQL Query | SQL:select "id", "code", "name", "descriptio...[0m
[0] Failed to fetch profile for XUU.TO: 403 Forbidden
[0] Failed to fetch profile for XUU.TO: 403 Forbidden
[0] Failed to fetch price for XUU.TO/USD: Error: Finnhub API error for XUU.TO: 403 Forbidden. {"error":"You don't have access to this resource."}. Using price 0.
[0] [36m🕒 09:55:11 🐛 DEBUG   📊 Drizzle PostgreSQL Query | SQL:select "id", "symbol", "name", "type_id"...[0m
[0] [36m🕒 09:55:11 🐛 DEBUG   🔍 PostgreSQL Query | SQL:select "id", "symbol", "name", "type_id"...[0m
[0] Failed to fetch price for XUU.TO/USD: Error: Finnhub API error for XUU.TO: 403 Forbidden. {"error":"You don't have access to this resource."}. Using price 0.
[0] [36m🕒 09:55:11 🐛 DEBUG   📊 Drizzle PostgreSQL Query | SQL:select "id", "symbol", "name", "type_id"...[0m
[0] [36m🕒 09:55:11 🐛 DEBUG   🔍 PostgreSQL Query | SQL:select "id", "symbol", "name", "type_id"...[0m
[0] [36m🕒 09:55:11 🐛 DEBUG   📊 Drizzle PostgreSQL Query | SQL:select "id", "symbol", "name", "type_id"...[0m
[0] [36m🕒 09:55:11 🐛 DEBUG   🔍 PostgreSQL Query | SQL:select "id", "symbol", "name", "type_id"...[0m
[0] [36m🕒 09:55:11 🐛 DEBUG   📊 Drizzle PostgreSQL Query | SQL:select "id", "symbol", "name", "type_id"...[0m
[0] [36m🕒 09:55:11 🐛 DEBUG   🔍 PostgreSQL Query | SQL:select "id", "symbol", "name", "type_id"...[0m
[0] [36m🕒 09:55:11 🐛 DEBUG   📊 Drizzle PostgreSQL Query | SQL:select "id", "token_id", "base_token_id"...[0m
[0] [36m🕒 09:55:11 🐛 DEBUG   🔍 PostgreSQL Query | SQL:select "id", "token_id", "base_token_id"...[0m
[0] [36m🕒 09:55:11 🐛 DEBUG   📊 Drizzle PostgreSQL Query | SQL:select "id", "token_id", "base_token_id"...[0m
[0] [36m🕒 09:55:11 🐛 DEBUG   🔍 PostgreSQL Query | SQL:select "id", "token_id", "base_token_id"...[0m
[0] [36m🕒 09:55:11 🐛 DEBUG   📊 Drizzle PostgreSQL Query | SQL:select "accounts"."id", "accounts"."name...[0m
[0] [36m🕒 09:55:11 🐛 DEBUG   🔍 PostgreSQL Query | SQL:select "accounts"."id", "accounts"."name...[0m
[0] [32m🕒 09:55:11 📝 INFO    ✅ Procedure completed successfully: holdings.getUnpriceableTokens | ⏱️ 5540.954959ms[0m
[0] [36m🕒 09:55:11 🐛 DEBUG   📊 Drizzle PostgreSQL Query | SQL:select "holdings"."id", "holdings"."acco...[0m
[0] [36m🕒 09:55:11 🐛 DEBUG   🔍 PostgreSQL Query | SQL:select "holdings"."id", "holdings"."acco...[0m
[0] [36m🕒 09:55:12 🐛 DEBUG   📊 Drizzle PostgreSQL Query | SQL:select "id", "email", "name", "avatar", ...[0m
[0] [36m🕒 09:55:12 🐛 DEBUG   🔍 PostgreSQL Query | SQL:select "id", "email", "name", "avatar", ...[0m
[0] [36m🕒 09:55:12 🐛 DEBUG   📊 Drizzle PostgreSQL Query | SQL:select "id", "symbol", "name", "type_id"...[0m
[0] [36m🕒 09:55:12 🐛 DEBUG   🔍 PostgreSQL Query | SQL:select "id", "symbol", "name", "type_id"...[0m
[0] [36m🕒 09:55:12 🐛 DEBUG   📊 Drizzle PostgreSQL Query | SQL:select "id", "symbol", "name", "type_id"...[0m
[0] [36m🕒 09:55:12 🐛 DEBUG   🔍 PostgreSQL Query | SQL:select "id", "symbol", "name", "type_id"...[0m
[0] [36m🕒 09:55:12 🐛 DEBUG   📊 Drizzle PostgreSQL Query | SQL:select "id", "symbol", "name", "type_id"...[0m
[0] [36m🕒 09:55:12 🐛 DEBUG   🔍 PostgreSQL Query | SQL:select "id", "symbol", "name", "type_id"...[0m
[0] [36m🕒 09:55:12 🐛 DEBUG   📊 Drizzle PostgreSQL Query | SQL:select "id", "token_id", "base_token_id"...[0m
[0] [36m🕒 09:55:12 🐛 DEBUG   🔍 PostgreSQL Query | SQL:select "id", "token_id", "base_token_id"...[0m
[0] [36m🕒 09:55:12 🐛 DEBUG   📊 Drizzle PostgreSQL Query | SQL:select "id", "symbol", "name", "type_id"...[0m
[0] [36m🕒 09:55:12 🐛 DEBUG   🔍 PostgreSQL Query | SQL:select "id", "symbol", "name", "type_id"...[0m
[0] [36m🕒 09:55:12 🐛 DEBUG   📊 Drizzle PostgreSQL Query | SQL:select "id", "symbol", "name", "type_id"...[0m
[0] [36m🕒 09:55:12 🐛 DEBUG   🔍 PostgreSQL Query | SQL:select "id", "symbol", "name", "type_id"...[0m
[0] [36m🕒 09:55:12 🐛 DEBUG   📊 Drizzle PostgreSQL Query | SQL:select "id", "token_id", "base_token_id"...[0m
[0] [36m🕒 09:55:12 🐛 DEBUG   🔍 PostgreSQL Query | SQL:select "id", "token_id", "base_token_id"...[0m
[0] [36m🕒 09:55:12 🐛 DEBUG   📊 Drizzle PostgreSQL Query | SQL:select "id", "symbol", "name", "type_id"...[0m
[0] [36m🕒 09:55:12 🐛 DEBUG   🔍 PostgreSQL Query | SQL:select "id", "symbol", "name", "type_id"...[0m
[0] [36m🕒 09:55:12 🐛 DEBUG   📊 Drizzle PostgreSQL Query | SQL:select "id", "symbol", "name", "type_id"...[0m
[0] [36m🕒 09:55:12 🐛 DEBUG   🔍 PostgreSQL Query | SQL:select "id", "symbol", "name", "type_id"...[0m
[0] [36m🕒 09:55:12 🐛 DEBUG   📊 Drizzle PostgreSQL Query | SQL:select "id", "token_id", "base_token_id"...[0m
[0] [36m🕒 09:55:12 🐛 DEBUG   🔍 PostgreSQL Query | SQL:select "id", "token_id", "base_token_id"...[0m
[0] [36m🕒 09:55:13 🐛 DEBUG   📊 Drizzle PostgreSQL Query | SQL:select "id", "symbol", "name", "type_id"...[0m
[0] [36m🕒 09:55:13 🐛 DEBUG   🔍 PostgreSQL Query | SQL:select "id", "symbol", "name", "type_id"...[0m
[0] [36m🕒 09:55:13 🐛 DEBUG   📊 Drizzle PostgreSQL Query | SQL:select "id", "symbol", "name", "type_id"...[0m
[0] [36m🕒 09:55:13 🐛 DEBUG   🔍 PostgreSQL Query | SQL:select "id", "symbol", "name", "type_id"...[0m
[0] [36m🕒 09:55:13 🐛 DEBUG   📊 Drizzle PostgreSQL Query | SQL:select "id", "token_id", "base_token_id"...[0m
[0] [36m🕒 09:55:13 🐛 DEBUG   🔍 PostgreSQL Query | SQL:select "id", "token_id", "base_token_id"...[0m
[0] [36m🕒 09:55:13 🐛 DEBUG   📊 Drizzle PostgreSQL Query | SQL:select "id", "symbol", "name", "type_id"...[0m
[0] [36m🕒 09:55:13 🐛 DEBUG   🔍 PostgreSQL Query | SQL:select "id", "symbol", "name", "type_id"...[0m
[0] [36m🕒 09:55:13 🐛 DEBUG   📊 Drizzle PostgreSQL Query | SQL:select "id", "symbol", "name", "type_id"...[0m
[0] [36m🕒 09:55:13 🐛 DEBUG   🔍 PostgreSQL Query | SQL:select "id", "symbol", "name", "type_id"...[0m
[0] [36m🕒 09:55:13 🐛 DEBUG   📊 Drizzle PostgreSQL Query | SQL:select "id", "token_id", "base_token_id"...[0m
[0] [36m🕒 09:55:13 🐛 DEBUG   🔍 PostgreSQL Query | SQL:select "id", "token_id", "base_token_id"...[0m
[0] [36m🕒 09:55:13 🐛 DEBUG   📊 Drizzle PostgreSQL Query | SQL:select "id", "symbol", "name", "type_id"...[0m
[0] [36m🕒 09:55:13 🐛 DEBUG   🔍 PostgreSQL Query | SQL:select "id", "symbol", "name", "type_id"...[0m
[0] [36m🕒 09:55:13 🐛 DEBUG   📊 Drizzle PostgreSQL Query | SQL:select "id", "symbol", "name", "type_id"...[0m
[0] [36m🕒 09:55:13 🐛 DEBUG   🔍 PostgreSQL Query | SQL:select "id", "symbol", "name", "type_id"...[0m
[0] [36m🕒 09:55:13 🐛 DEBUG   📊 Drizzle PostgreSQL Query | SQL:select "id", "token_id", "base_token_id"...[0m
[0] [36m🕒 09:55:13 🐛 DEBUG   🔍 PostgreSQL Query | SQL:select "id", "token_id", "base_token_id"...[0m
[0] [36m🕒 09:55:13 🐛 DEBUG   📊 Drizzle PostgreSQL Query | SQL:select "id", "symbol", "name", "type_id"...[0m
[0] [36m🕒 09:55:13 🐛 DEBUG   🔍 PostgreSQL Query | SQL:select "id", "symbol", "name", "type_id"...[0m
[0] [36m🕒 09:55:13 🐛 DEBUG   📊 Drizzle PostgreSQL Query | SQL:select "id", "symbol", "name", "type_id"...[0m
[0] [36m🕒 09:55:13 🐛 DEBUG   🔍 PostgreSQL Query | SQL:select "id", "symbol", "name", "type_id"...[0m
[0] [36m🕒 09:55:14 🐛 DEBUG   📊 Drizzle PostgreSQL Query | SQL:select "id", "token_id", "base_token_id"...[0m
[0] [36m🕒 09:55:14 🐛 DEBUG   🔍 PostgreSQL Query | SQL:select "id", "token_id", "base_token_id"...[0m
[0] [36m🕒 09:55:14 🐛 DEBUG   📊 Drizzle PostgreSQL Query | SQL:select "id", "symbol", "name", "type_id"...[0m
[0] [36m🕒 09:55:14 🐛 DEBUG   🔍 PostgreSQL Query | SQL:select "id", "symbol", "name", "type_id"...[0m
[0] [36m🕒 09:55:14 🐛 DEBUG   📊 Drizzle PostgreSQL Query | SQL:select "id", "symbol", "name", "type_id"...[0m
[0] [36m🕒 09:55:14 🐛 DEBUG   🔍 PostgreSQL Query | SQL:select "id", "symbol", "name", "type_id"...[0m
[0] [36m🕒 09:55:14 🐛 DEBUG   📊 Drizzle PostgreSQL Query | SQL:select "id", "token_id", "base_token_id"...[0m
[0] [36m🕒 09:55:14 🐛 DEBUG   🔍 PostgreSQL Query | SQL:select "id", "token_id", "base_token_id"...[0m
[0] [36m🕒 09:55:14 🐛 DEBUG   📊 Drizzle PostgreSQL Query | SQL:select "id", "symbol", "name", "type_id"...[0m
[0] [36m🕒 09:55:14 🐛 DEBUG   🔍 PostgreSQL Query | SQL:select "id", "symbol", "name", "type_id"...[0m
[0] [36m🕒 09:55:14 🐛 DEBUG   📊 Drizzle PostgreSQL Query | SQL:select "id", "symbol", "name", "type_id"...[0m
[0] [36m🕒 09:55:14 🐛 DEBUG   🔍 PostgreSQL Query | SQL:select "id", "symbol", "name", "type_id"...[0m
[0] [36m🕒 09:55:14 🐛 DEBUG   📊 Drizzle PostgreSQL Query | SQL:select "id", "token_id", "base_token_id"...[0m
[0] [36m🕒 09:55:14 🐛 DEBUG   🔍 PostgreSQL Query | SQL:select "id", "token_id", "base_token_id"...[0m
[0] [36m🕒 09:55:14 🐛 DEBUG   📊 Drizzle PostgreSQL Query | SQL:select "id", "symbol", "name", "type_id"...[0m
[0] [36m🕒 09:55:14 🐛 DEBUG   🔍 PostgreSQL Query | SQL:select "id", "symbol", "name", "type_id"...[0m
[0] [36m🕒 09:55:14 🐛 DEBUG   📊 Drizzle PostgreSQL Query | SQL:select "id", "symbol", "name", "type_id"...[0m
[0] [36m🕒 09:55:14 🐛 DEBUG   🔍 PostgreSQL Query | SQL:select "id", "symbol", "name", "type_id"...[0m
[0] [36m🕒 09:55:14 🐛 DEBUG   📊 Drizzle PostgreSQL Query | SQL:select "id", "token_id", "base_token_id"...[0m
[0] [36m🕒 09:55:14 🐛 DEBUG   🔍 PostgreSQL Query | SQL:select "id", "token_id", "base_token_id"...[0m
[0] [36m🕒 09:55:14 🐛 DEBUG   📊 Drizzle PostgreSQL Query | SQL:select "id", "symbol", "name", "type_id"...[0m
[0] [36m🕒 09:55:14 🐛 DEBUG   🔍 PostgreSQL Query | SQL:select "id", "symbol", "name", "type_id"...[0m
[0] [36m🕒 09:55:15 🐛 DEBUG   📊 Drizzle PostgreSQL Query | SQL:select "id", "code", "name", "descriptio...[0m
[0] [36m🕒 09:55:15 🐛 DEBUG   🔍 PostgreSQL Query | SQL:select "id", "code", "name", "descriptio...[0m
[0] Failed to fetch profile for XEQT.TO: 403 Forbidden
[0] Failed to fetch price for XEQT.TO/USD: Error: Finnhub API error for XEQT.TO: 403 Forbidden. {"error":"You don't have access to this resource."}. Using price 0.
[0] [36m🕒 09:55:15 🐛 DEBUG   📊 Drizzle PostgreSQL Query | SQL:select "id", "symbol", "name", "type_id"...[0m
[0] [36m🕒 09:55:15 🐛 DEBUG   🔍 PostgreSQL Query | SQL:select "id", "symbol", "name", "type_id"...[0m
[0] [36m🕒 09:55:15 🐛 DEBUG   📊 Drizzle PostgreSQL Query | SQL:select "id", "symbol", "name", "type_id"...[0m
[0] [36m🕒 09:55:15 🐛 DEBUG   🔍 PostgreSQL Query | SQL:select "id", "symbol", "name", "type_id"...[0m
[0] [36m🕒 09:55:15 🐛 DEBUG   📊 Drizzle PostgreSQL Query | SQL:select "id", "token_id", "base_token_id"...[0m
[0] [36m🕒 09:55:15 🐛 DEBUG   🔍 PostgreSQL Query | SQL:select "id", "token_id", "base_token_id"...[0m
[0] [36m🕒 09:55:16 🐛 DEBUG   📊 Drizzle PostgreSQL Query | SQL:select "id", "symbol", "name", "type_id"...[0m
[0] [36m🕒 09:55:16 🐛 DEBUG   🔍 PostgreSQL Query | SQL:select "id", "symbol", "name", "type_id"...[0m
[0] [36m🕒 09:55:16 🐛 DEBUG   📊 Drizzle PostgreSQL Query | SQL:select "id", "code", "name", "descriptio...[0m
[0] [36m🕒 09:55:16 🐛 DEBUG   🔍 PostgreSQL Query | SQL:select "id", "code", "name", "descriptio...[0m
[0] Failed to fetch profile for XUU.TO: 403 Forbidden
[0] Failed to fetch price for XUU.TO/USD: Error: Finnhub API error for XUU.TO: 403 Forbidden. {"error":"You don't have access to this resource."}. Using price 0.
[0] [36m🕒 09:55:16 🐛 DEBUG   📊 Drizzle PostgreSQL Query | SQL:select "id", "symbol", "name", "type_id"...[0m
[0] [36m🕒 09:55:16 🐛 DEBUG   🔍 PostgreSQL Query | SQL:select "id", "symbol", "name", "type_id"...[0m
[0] [36m🕒 09:55:17 🐛 DEBUG   📊 Drizzle PostgreSQL Query | SQL:select "id", "symbol", "name", "type_id"...[0m
[0] [36m🕒 09:55:17 🐛 DEBUG   🔍 PostgreSQL Query | SQL:select "id", "symbol", "name", "type_id"...[0m
[0] [36m🕒 09:55:17 🐛 DEBUG   📊 Drizzle PostgreSQL Query | SQL:select "id", "token_id", "base_token_id"...[0m
[0] [36m🕒 09:55:17 🐛 DEBUG   🔍 PostgreSQL Query | SQL:select "id", "token_id", "base_token_id"...[0m
[0] [32m🕒 09:55:17 📝 INFO    ✅ Procedure completed successfully: accounts.getSummaries | ⏱️ 10872.242292ms[0m
[0] [32m🕒 09:55:17 📝 INFO   {zqhvufkf} ✅ HTTP Response sent successfully | GET http://localhost:3001/trpc/accounts.getAll,holdings.getAll,institutions.getAll,users.getBaseCurrency,accounts.getSummaries,accountTypes.getAll,holdings.getUnpriceableTokens?batch=1&input=%7B%7D | ⏱️ 11544.52775ms | 🟢200[0m
[0] [32m🕒 09:58:44 📝 INFO    🛑 Graceful shutdown initiated[0m
[0] [32m🕒 09:58:44 📝 INFO    undefined[0m
[0] [32m🕒 09:58:44 📝 INFO    undefined[0m
[0] [32m🕒 09:58:44 📝 INFO    undefined[0m
[1] cd apps/frontend && bun dev exited with code SIGINT
[0] cd apps/backend && bun dev exited with code 0
