[0] $ LOG_LEVEL=debug LOG_PRETTY=true bun run --watch src/index.ts
[1] $ vite
[0] [32m🕒 20:50:25 📝 INFO    🐘 Connected to PostgreSQL database[0m
[0] [32m🕒 20:50:25 📝 INFO    🚀 Starting Scani Backend Server[0m
[0] [32m🕒 20:50:25 📝 INFO    🔌 WebSocket server initializing[0m
[0] [32m🕒 20:50:25 📝 INFO    🎉 Scani Backend Server started successfully[0m
[1] 
[1]   VITE v5.4.20  ready in 100 ms
[1] 
[1]   ➜  Local:   http://localhost:5173/
[1]   ➜  Network: http://192.168.0.67:5173/
[1]   ➜  Network: http://198.19.249.3:5173/
[1]   ➜  Network: http://192.168.117.0:5173/
[1]   ➜  Network: http://192.168.155.0:5173/
[0] [32m🕒 20:50:37 📝 INFO   {uv97h6rv} 📨 HTTP Request received | OPTIONS http://localhost:3001/trpc/accounts.getAll,institutions.getAll,accountTypes.getAll,institutionTypes.getAll?batch=1&input=%7B%7D[0m
[0] [32m🕒 20:50:37 📝 INFO   {uv97h6rv} ✅ HTTP Response sent successfully | OPTIONS http://localhost:3001/trpc/accounts.getAll,institutions.getAll,accountTypes.getAll,institutionTypes.getAll?batch=1&input=%7B%7D | ⏱️ 0.584875ms | 🟢200[0m
[0] [32m🕒 20:50:37 📝 INFO   {caf9zftr} 📨 HTTP Request received | GET http://localhost:3001/trpc/accounts.getAll,institutions.getAll,accountTypes.getAll,institutionTypes.getAll?batch=1&input=%7B%7D[0m
[0] [32m🕒 20:50:37 📝 INFO   {v7rcllxm} 🔄 Incoming tRPC request | GET http://localhost:3001/trpc/accounts.getAll,institutions.getAll,accountTypes.getAll,institutionTypes.getAll?batch=1&input=%7B%7D[0m
[0] [36m🕒 20:50:37 🐛 DEBUG   📊 Drizzle PostgreSQL Query | SQL:select "id", "email", "name", "avatar", ...[0m
[0] [36m🕒 20:50:38 🐛 DEBUG   🔍 PostgreSQL Query | SQL:
[0]       select b.oid, b.typarray
[0]       fr...[0m
[0] [36m🕒 20:50:38 🐛 DEBUG   🔍 PostgreSQL Query | SQL:select "id", "email", "name", "avatar", ...[0m
[0] [36m🕒 20:50:38 🐛 DEBUG   ⚡ Starting query procedure: accounts.getAll[0m
[0] [36m🕒 20:50:38 🐛 DEBUG   ⚡ Starting query procedure: institutions.getAll[0m
[0] [36m🕒 20:50:38 🐛 DEBUG   ⚡ Starting query procedure: accountTypes.getAll[0m
[0] [36m🕒 20:50:38 🐛 DEBUG   ⚡ Starting query procedure: institutionTypes.getAll[0m
[0] [36m🕒 20:50:38 🐛 DEBUG   📊 Drizzle PostgreSQL Query | SQL:select "accounts"."id", "accounts"."inst...[0m
[0] [36m🕒 20:50:38 🐛 DEBUG   📊 Drizzle PostgreSQL Query | SQL:select "institutions"."id", "institution...[0m
[0] [36m🕒 20:50:38 🐛 DEBUG   📊 Drizzle PostgreSQL Query | SQL:select "id", "code", "name", "descriptio...[0m
[0] [36m🕒 20:50:38 🐛 DEBUG   📊 Drizzle PostgreSQL Query | SQL:select "id", "code", "name", "descriptio...[0m
[0] [36m🕒 20:50:38 🐛 DEBUG   🔍 PostgreSQL Query | SQL:select "accounts"."id", "accounts"."inst...[0m
[0] [32m🕒 20:50:38 📝 INFO    ✅ Procedure completed successfully: accounts.getAll | ⏱️ 99.510875ms[0m
[0] [36m🕒 20:50:38 🐛 DEBUG   🔍 PostgreSQL Query | SQL:
[0]       select b.oid, b.typarray
[0]       fr...[0m
[0] [36m🕒 20:50:38 🐛 DEBUG   🔍 PostgreSQL Query | SQL:
[0]       select b.oid, b.typarray
[0]       fr...[0m
[0] [36m🕒 20:50:38 🐛 DEBUG   🔍 PostgreSQL Query | SQL:
[0]       select b.oid, b.typarray
[0]       fr...[0m
[0] [36m🕒 20:50:38 🐛 DEBUG   🔍 PostgreSQL Query | SQL:select "institutions"."id", "institution...[0m
[0] [36m🕒 20:50:38 🐛 DEBUG   🔍 PostgreSQL Query | SQL:select "id", "code", "name", "descriptio...[0m
[0] [36m🕒 20:50:38 🐛 DEBUG   🔍 PostgreSQL Query | SQL:select "id", "code", "name", "descriptio...[0m
[0] [32m🕒 20:50:38 📝 INFO    ✅ Procedure completed successfully: accountTypes.getAll | ⏱️ 333.40325ms[0m
[0] [32m🕒 20:50:38 📝 INFO    ✅ Procedure completed successfully: institutions.getAll | ⏱️ 376.974083ms[0m
[0] [32m🕒 20:50:38 📝 INFO    ✅ Procedure completed successfully: institutionTypes.getAll | ⏱️ 378.749125ms[0m
[0] [32m🕒 20:50:38 📝 INFO   {caf9zftr} ✅ HTTP Response sent successfully | GET http://localhost:3001/trpc/accounts.getAll,institutions.getAll,accountTypes.getAll,institutionTypes.getAll?batch=1&input=%7B%7D | ⏱️ 1234.851083ms | 🟢200[0m
[0] [32m🕒 20:50:50 📝 INFO   {7sswnenq} 📨 HTTP Request received | OPTIONS http://localhost:3001/trpc/accounts.create?batch=1[0m
[0] [32m🕒 20:50:50 📝 INFO   {7sswnenq} ✅ HTTP Response sent successfully | OPTIONS http://localhost:3001/trpc/accounts.create?batch=1 | ⏱️ 0.635625ms | 🟢200[0m
[0] [32m🕒 20:50:50 📝 INFO   {3u8n8cxe} 📨 HTTP Request received | POST http://localhost:3001/trpc/accounts.create?batch=1[0m
[0] [32m🕒 20:50:50 📝 INFO   {1fxumnoz} 🔄 Incoming tRPC request | POST http://localhost:3001/trpc/accounts.create?batch=1[0m
[0] [36m🕒 20:50:50 🐛 DEBUG   📊 Drizzle PostgreSQL Query | SQL:select "id", "email", "name", "avatar", ...[0m
[0] [36m🕒 20:50:50 🐛 DEBUG   🔍 PostgreSQL Query | SQL:select "id", "email", "name", "avatar", ...[0m
[0] [36m🕒 20:50:50 🐛 DEBUG   ⚡ Starting mutation procedure: accounts.create[0m
[0] [36m🕒 20:50:50 🐛 DEBUG   📊 Drizzle PostgreSQL Query | SQL:select "id" from "accounts" where (LOWER...[0m
[0] [36m🕒 20:50:50 🐛 DEBUG   🔍 PostgreSQL Query | SQL:select "id" from "accounts" where (LOWER...[0m
[0] [36m🕒 20:50:51 🐛 DEBUG   📊 Drizzle PostgreSQL Query | SQL:select "id", "code", "name", "descriptio...[0m
[0] [36m🕒 20:50:51 🐛 DEBUG   🔍 PostgreSQL Query | SQL:select "id", "code", "name", "descriptio...[0m
[0] [36m🕒 20:50:51 🐛 DEBUG   📊 Drizzle PostgreSQL Query | SQL:select "id" from "institutions" where ("...[0m
[0] [36m🕒 20:50:51 🐛 DEBUG   🔍 PostgreSQL Query | SQL:select "id" from "institutions" where ("...[0m
[0] Creating account with data: {
[0]   "userId": "1816fa86-035e-4188-99d5-19459bb81cc7",
[0]   "institutionId": "1b9f1000-286e-41ab-9e8a-1b72e5f4025d",
[0]   "name": "Investmnts",
[0]   "typeId": "9c5968c7-97d1-4982-aa1b-11c8fbb89484",
[0]   "description": null,
[0]   "isActive": true,
[0]   "createdAt": "2025-09-17T12:50:51.234Z",
[0]   "updatedAt": "2025-09-17T12:50:51.234Z"
[0] }
[0] Account type found: {
[0]   "id": "9c5968c7-97d1-4982-aa1b-11c8fbb89484",
[0]   "code": "investment",
[0]   "name": "Investment Account",
[0]   "description": "General investment and brokerage accounts",
[0]   "displayOrder": 2,
[0]   "isActive": true,
[0]   "createdAt": "2025-09-11T04:16:24.212Z",
[0]   "updatedAt": "2025-09-11T04:16:24.212Z"
[0] }
[0] Institution found: {
[0]   "id": "1b9f1000-286e-41ab-9e8a-1b72e5f4025d"
[0] }
[0] [36m🕒 20:50:51 🐛 DEBUG   📊 Drizzle PostgreSQL Query | SQL:insert into "accounts" ("id", "user_id",...[0m
[0] [36m🕒 20:50:51 🐛 DEBUG   🔍 PostgreSQL Query | SQL:insert into "accounts" ("id", "user_id",...[0m
[0] [32m🕒 20:50:51 📝 INFO    ✅ Procedure completed successfully: accounts.create | ⏱️ 376.822667ms[0m
[0] [32m🕒 20:50:51 📝 INFO   {3u8n8cxe} ✅ HTTP Response sent successfully | POST http://localhost:3001/trpc/accounts.create?batch=1 | ⏱️ 562.605792ms | 🟢200[0m
[0] [32m🕒 20:50:52 📝 INFO   {s0vjk04z} 📨 HTTP Request received | OPTIONS http://localhost:3001/trpc/holdings.getAll,tokens.getAll?batch=1&input=%7B%7D[0m
[0] [32m🕒 20:50:52 📝 INFO   {s0vjk04z} ✅ HTTP Response sent successfully | OPTIONS http://localhost:3001/trpc/holdings.getAll,tokens.getAll?batch=1&input=%7B%7D | ⏱️ 0.614ms | 🟢200[0m
[0] [32m🕒 20:50:52 📝 INFO   {qh5vq1wt} 📨 HTTP Request received | GET http://localhost:3001/trpc/holdings.getAll,tokens.getAll?batch=1&input=%7B%7D[0m
[0] [32m🕒 20:50:52 📝 INFO   {qy68q34u} 🔄 Incoming tRPC request | GET http://localhost:3001/trpc/holdings.getAll,tokens.getAll?batch=1&input=%7B%7D[0m
[0] [36m🕒 20:50:52 🐛 DEBUG   📊 Drizzle PostgreSQL Query | SQL:select "id", "email", "name", "avatar", ...[0m
[0] [36m🕒 20:50:52 🐛 DEBUG   🔍 PostgreSQL Query | SQL:select "id", "email", "name", "avatar", ...[0m
[0] [36m🕒 20:50:52 🐛 DEBUG   ⚡ Starting query procedure: holdings.getAll[0m
[0] [36m🕒 20:50:52 🐛 DEBUG   ⚡ Starting query procedure: tokens.getAll[0m
[0] [36m🕒 20:50:52 🐛 DEBUG   📊 Drizzle PostgreSQL Query | SQL:select "id", "user_id", "account_id", "t...[0m
[0] [36m🕒 20:50:52 🐛 DEBUG   📊 Drizzle PostgreSQL Query | SQL:select "tokens"."id", "tokens"."symbol",...[0m
[0] [36m🕒 20:50:52 🐛 DEBUG   🔍 PostgreSQL Query | SQL:select "id", "user_id", "account_id", "t...[0m
[0] [36m🕒 20:50:52 🐛 DEBUG   🔍 PostgreSQL Query | SQL:select "tokens"."id", "tokens"."symbol",...[0m
[0] [32m🕒 20:50:52 📝 INFO    ✅ Procedure completed successfully: holdings.getAll | ⏱️ 93.18375ms[0m
[0] [32m🕒 20:50:53 📝 INFO    ✅ Procedure completed successfully: tokens.getAll | ⏱️ 179.380417ms[0m
[0] [32m🕒 20:50:53 📝 INFO   {qh5vq1wt} ✅ HTTP Response sent successfully | GET http://localhost:3001/trpc/holdings.getAll,tokens.getAll?batch=1&input=%7B%7D | ⏱️ 348.483333ms | 🟢200[0m
[0] [32m🕒 20:50:55 📝 INFO   {wcekybxr} 📨 HTTP Request received | OPTIONS http://localhost:3001/trpc/screenshotParsing.parseScreenshot?batch=1[0m
[0] [32m🕒 20:50:55 📝 INFO   {wcekybxr} ✅ HTTP Response sent successfully | OPTIONS http://localhost:3001/trpc/screenshotParsing.parseScreenshot?batch=1 | ⏱️ 0.891791ms | 🟢200[0m
[0] [32m🕒 20:50:55 📝 INFO   {vejnlxfw} 📨 HTTP Request received | POST http://localhost:3001/trpc/screenshotParsing.parseScreenshot?batch=1[0m
[0] [32m🕒 20:50:55 📝 INFO   {gxgr7j4r} 🔄 Incoming tRPC request | POST http://localhost:3001/trpc/screenshotParsing.parseScreenshot?batch=1[0m
[0] [36m🕒 20:50:55 🐛 DEBUG   📊 Drizzle PostgreSQL Query | SQL:select "id", "email", "name", "avatar", ...[0m
[0] [36m🕒 20:50:55 🐛 DEBUG   🔍 PostgreSQL Query | SQL:select "id", "email", "name", "avatar", ...[0m
[0] [36m🕒 20:50:55 🐛 DEBUG   ⚡ Starting mutation procedure: screenshotParsing.parseScreenshot[0m
[0] [36m🕒 20:50:55 🐛 DEBUG   📊 Drizzle PostgreSQL Query | SQL:select "accounts"."id", "accounts"."name...[0m
[0] [36m🕒 20:50:55 🐛 DEBUG   🔍 PostgreSQL Query | SQL:select "accounts"."id", "accounts"."name...[0m
[0] [36m🕒 20:51:10 🐛 DEBUG   📊 Drizzle PostgreSQL Query | SQL:select "id", "symbol", "name", "type_id"...[0m
[0] [36m🕒 20:51:10 🐛 DEBUG   🔍 PostgreSQL Query | SQL:select "id", "symbol", "name", "type_id"...[0m
[0] [36m🕒 20:51:11 🐛 DEBUG   📊 Drizzle PostgreSQL Query | SQL:select "id", "symbol", "name", "type_id"...[0m
[0] [36m🕒 20:51:11 🐛 DEBUG   🔍 PostgreSQL Query | SQL:select "id", "symbol", "name", "type_id"...[0m
[0] [36m🕒 20:51:11 🐛 DEBUG   📊 Drizzle PostgreSQL Query | SQL:select "id", "symbol", "name", "type_id"...[0m
[0] [36m🕒 20:51:11 🐛 DEBUG   🔍 PostgreSQL Query | SQL:select "id", "symbol", "name", "type_id"...[0m
[0] [36m🕒 20:51:11 🐛 DEBUG   📊 Drizzle PostgreSQL Query | SQL:select "id", "symbol", "name", "type_id"...[0m
[0] [36m🕒 20:51:11 🐛 DEBUG   🔍 PostgreSQL Query | SQL:select "id", "symbol", "name", "type_id"...[0m
[0] [36m🕒 20:51:11 🐛 DEBUG   📊 Drizzle PostgreSQL Query | SQL:select "id", "symbol", "name", "type_id"...[0m
[0] [36m🕒 20:51:11 🐛 DEBUG   🔍 PostgreSQL Query | SQL:select "id", "symbol", "name", "type_id"...[0m
[0] [36m🕒 20:51:11 🐛 DEBUG   📊 Drizzle PostgreSQL Query | SQL:select "id", "symbol", "name", "type_id"...[0m
[0] [36m🕒 20:51:11 🐛 DEBUG   🔍 PostgreSQL Query | SQL:select "id", "symbol", "name", "type_id"...[0m
[0] [36m🕒 20:51:11 🐛 DEBUG   📊 Drizzle PostgreSQL Query | SQL:select "id", "symbol", "name", "type_id"...[0m
[0] [36m🕒 20:51:11 🐛 DEBUG   🔍 PostgreSQL Query | SQL:select "id", "symbol", "name", "type_id"...[0m
[0] [36m🕒 20:51:12 🐛 DEBUG   📊 Drizzle PostgreSQL Query | SQL:select "id", "symbol", "name", "type_id"...[0m
[0] [36m🕒 20:51:12 🐛 DEBUG   🔍 PostgreSQL Query | SQL:select "id", "symbol", "name", "type_id"...[0m
[0] [36m🕒 20:51:12 🐛 DEBUG   📊 Drizzle PostgreSQL Query | SQL:select "id", "symbol", "name", "type_id"...[0m
[0] [36m🕒 20:51:12 🐛 DEBUG   🔍 PostgreSQL Query | SQL:select "id", "symbol", "name", "type_id"...[0m
[0] [36m🕒 20:51:12 🐛 DEBUG   📊 Drizzle PostgreSQL Query | SQL:select "id", "symbol", "name", "type_id"...[0m
[0] [36m🕒 20:51:12 🐛 DEBUG   🔍 PostgreSQL Query | SQL:select "id", "symbol", "name", "type_id"...[0m
[0] [36m🕒 20:51:12 🐛 DEBUG   📊 Drizzle PostgreSQL Query | SQL:select "id", "symbol", "name", "type_id"...[0m
[0] [36m🕒 20:51:12 🐛 DEBUG   🔍 PostgreSQL Query | SQL:select "id", "symbol", "name", "type_id"...[0m
[0] [36m🕒 20:51:12 🐛 DEBUG   📊 Drizzle PostgreSQL Query | SQL:select "id", "symbol", "name", "type_id"...[0m
[0] [36m🕒 20:51:12 🐛 DEBUG   🔍 PostgreSQL Query | SQL:select "id", "symbol", "name", "type_id"...[0m
[0] [36m🕒 20:51:12 🐛 DEBUG   📊 Drizzle PostgreSQL Query | SQL:select "id", "symbol", "name", "type_id"...[0m
[0] [36m🕒 20:51:12 🐛 DEBUG   🔍 PostgreSQL Query | SQL:select "id", "symbol", "name", "type_id"...[0m
[0] [32m🕒 20:51:12 📝 INFO    ✅ Procedure completed successfully: screenshotParsing.parseScreenshot | ⏱️ 17064.627042ms[0m
[0] [32m🕒 20:51:12 📝 INFO   {vejnlxfw} ✅ HTTP Response sent successfully | POST http://localhost:3001/trpc/screenshotParsing.parseScreenshot?batch=1 | ⏱️ 17269.656084ms | 🟢200[0m
[0] [32m🕒 20:51:28 📝 INFO   {peizyw5o} 📨 HTTP Request received | OPTIONS http://localhost:3001/trpc/screenshotParsing.processHoldingsFromParsing?batch=1[0m
[0] [32m🕒 20:51:28 📝 INFO   {peizyw5o} ✅ HTTP Response sent successfully | OPTIONS http://localhost:3001/trpc/screenshotParsing.processHoldingsFromParsing?batch=1 | ⏱️ 1.985334ms | 🟢200[0m
[0] [32m🕒 20:51:28 📝 INFO   {56wb112y} 📨 HTTP Request received | POST http://localhost:3001/trpc/screenshotParsing.processHoldingsFromParsing?batch=1[0m
[0] [32m🕒 20:51:28 📝 INFO   {hb9y2gvv} 🔄 Incoming tRPC request | POST http://localhost:3001/trpc/screenshotParsing.processHoldingsFromParsing?batch=1[0m
[0] [36m🕒 20:51:28 🐛 DEBUG   📊 Drizzle PostgreSQL Query | SQL:select "id", "email", "name", "avatar", ...[0m
[0] [36m🕒 20:51:28 🐛 DEBUG   🔍 PostgreSQL Query | SQL:select "id", "email", "name", "avatar", ...[0m
[0] [36m🕒 20:51:28 🐛 DEBUG   ⚡ Starting mutation procedure: screenshotParsing.processHoldingsFromParsing[0m
[0] [36m🕒 20:51:28 🐛 DEBUG   📊 Drizzle PostgreSQL Query | SQL:select "holdings"."id", "holdings"."toke...[0m
[0] [36m🕒 20:51:28 🐛 DEBUG   🔍 PostgreSQL Query | SQL:select "holdings"."id", "holdings"."toke...[0m
[0] [36m🕒 20:51:28 🐛 DEBUG   🔍 PostgreSQL Query | SQL:begin [0m
[0] [36m🕒 20:51:28 🐛 DEBUG   🔍 PostgreSQL Query | SQL:begin [0m
[0] [36m🕒 20:51:28 🐛 DEBUG   🔍 PostgreSQL Query | SQL:begin [0m
[0] [36m🕒 20:51:28 🐛 DEBUG   📊 Drizzle PostgreSQL Query | SQL:insert into "holdings" ("id", "user_id",...[0m
[0] [36m🕒 20:51:28 🐛 DEBUG   🔍 PostgreSQL Query | SQL:insert into "holdings" ("id", "user_id",...[0m
[0] [36m🕒 20:51:28 🐛 DEBUG   📊 Drizzle PostgreSQL Query | SQL:insert into "holdings" ("id", "user_id",...[0m
[0] [36m🕒 20:51:28 🐛 DEBUG   🔍 PostgreSQL Query | SQL:insert into "holdings" ("id", "user_id",...[0m
[0] [36m🕒 20:51:28 🐛 DEBUG   📊 Drizzle PostgreSQL Query | SQL:insert into "holdings" ("id", "user_id",...[0m
[0] [36m🕒 20:51:28 🐛 DEBUG   🔍 PostgreSQL Query | SQL:insert into "holdings" ("id", "user_id",...[0m
[0] [36m🕒 20:51:28 🐛 DEBUG   📊 Drizzle PostgreSQL Query | SQL:select "id", "code", "name", "descriptio...[0m
[0] [36m🕒 20:51:28 🐛 DEBUG   🔍 PostgreSQL Query | SQL:select "id", "code", "name", "descriptio...[0m
[0] [36m🕒 20:51:28 🐛 DEBUG   📊 Drizzle PostgreSQL Query | SQL:select "id", "code", "name", "descriptio...[0m
[0] [36m🕒 20:51:28 🐛 DEBUG   🔍 PostgreSQL Query | SQL:select "id", "code", "name", "descriptio...[0m
[0] [36m🕒 20:51:28 🐛 DEBUG   📊 Drizzle PostgreSQL Query | SQL:select "id", "code", "name", "descriptio...[0m
[0] [36m🕒 20:51:28 🐛 DEBUG   🔍 PostgreSQL Query | SQL:select "id", "code", "name", "descriptio...[0m
[0] [36m🕒 20:51:28 🐛 DEBUG   📊 Drizzle PostgreSQL Query | SQL:insert into "transactions" ("id", "user_...[0m
[0] [36m🕒 20:51:28 🐛 DEBUG   🔍 PostgreSQL Query | SQL:insert into "transactions" ("id", "user_...[0m
[0] [36m🕒 20:51:28 🐛 DEBUG   📊 Drizzle PostgreSQL Query | SQL:insert into "transactions" ("id", "user_...[0m
[0] [36m🕒 20:51:28 🐛 DEBUG   🔍 PostgreSQL Query | SQL:insert into "transactions" ("id", "user_...[0m
[0] [36m🕒 20:51:28 🐛 DEBUG   📊 Drizzle PostgreSQL Query | SQL:insert into "transactions" ("id", "user_...[0m
[0] [36m🕒 20:51:28 🐛 DEBUG   🔍 PostgreSQL Query | SQL:insert into "transactions" ("id", "user_...[0m
[0] [36m🕒 20:51:29 🐛 DEBUG   📊 Drizzle PostgreSQL Query | SQL:select "symbol" from "tokens" where "tok...[0m
[0] [36m🕒 20:51:29 🐛 DEBUG   🔍 PostgreSQL Query | SQL:select "symbol" from "tokens" where "tok...[0m
[0] [36m🕒 20:51:29 🐛 DEBUG   📊 Drizzle PostgreSQL Query | SQL:select "symbol" from "tokens" where "tok...[0m
[0] [36m🕒 20:51:29 🐛 DEBUG   🔍 PostgreSQL Query | SQL:select "symbol" from "tokens" where "tok...[0m
[0] [36m🕒 20:51:29 🐛 DEBUG   📊 Drizzle PostgreSQL Query | SQL:select "symbol" from "tokens" where "tok...[0m
[0] [36m🕒 20:51:29 🐛 DEBUG   🔍 PostgreSQL Query | SQL:select "symbol" from "tokens" where "tok...[0m
[0] [36m🕒 20:51:29 🐛 DEBUG   📊 Drizzle PostgreSQL Query | SQL:select "id", "symbol", "name", "type_id"...[0m
[0] [36m🕒 20:51:29 🐛 DEBUG   🔍 PostgreSQL Query | SQL:select "id", "symbol", "name", "type_id"...[0m
[0] [36m🕒 20:51:29 🐛 DEBUG   📊 Drizzle PostgreSQL Query | SQL:select "id", "symbol", "name", "type_id"...[0m
[0] [36m🕒 20:51:29 🐛 DEBUG   📊 Drizzle PostgreSQL Query | SQL:select "id", "symbol", "name", "type_id"...[0m
[0] [36m🕒 20:51:29 🐛 DEBUG   📊 Drizzle PostgreSQL Query | SQL:select "id", "symbol", "name", "type_id"...[0m
[0] [36m🕒 20:51:29 🐛 DEBUG   🔍 PostgreSQL Query | SQL:select "id", "symbol", "name", "type_id"...[0m
[0] [36m🕒 20:51:29 🐛 DEBUG   📊 Drizzle PostgreSQL Query | SQL:select "id", "token_id", "base_token_id"...[0m
[0] [36m🕒 20:51:29 🐛 DEBUG   🔍 PostgreSQL Query | SQL:select "id", "token_id", "base_token_id"...[0m
[0] [36m🕒 20:51:29 🐛 DEBUG   🔍 PostgreSQL Query | SQL:
[0]       select b.oid, b.typarray
[0]       fr...[0m
[0] [36m🕒 20:51:29 🐛 DEBUG   🔍 PostgreSQL Query | SQL:commit[0m
[0] [36m🕒 20:51:29 🐛 DEBUG   🔍 PostgreSQL Query | SQL:
[0]       select b.oid, b.typarray
[0]       fr...[0m
[0] [36m🕒 20:51:29 🐛 DEBUG   🔍 PostgreSQL Query | SQL:select "id", "symbol", "name", "type_id"...[0m
[0] [36m🕒 20:51:29 🐛 DEBUG   🔍 PostgreSQL Query | SQL:select "id", "symbol", "name", "type_id"...[0m
[0] [36m🕒 20:51:29 🐛 DEBUG   📊 Drizzle PostgreSQL Query | SQL:select "id", "symbol", "name", "type_id"...[0m
[0] [36m🕒 20:51:29 🐛 DEBUG   🔍 PostgreSQL Query | SQL:select "id", "symbol", "name", "type_id"...[0m
[0] [36m🕒 20:51:29 🐛 DEBUG   📊 Drizzle PostgreSQL Query | SQL:select "id", "symbol", "name", "type_id"...[0m
[0] [36m🕒 20:51:29 🐛 DEBUG   🔍 PostgreSQL Query | SQL:select "id", "symbol", "name", "type_id"...[0m
[0] [36m🕒 20:51:29 🐛 DEBUG   📊 Drizzle PostgreSQL Query | SQL:select "id", "token_id", "base_token_id"...[0m
[0] [36m🕒 20:51:29 🐛 DEBUG   🔍 PostgreSQL Query | SQL:select "id", "token_id", "base_token_id"...[0m
[0] [36m🕒 20:51:29 🐛 DEBUG   📊 Drizzle PostgreSQL Query | SQL:select "id", "token_id", "base_token_id"...[0m
[0] [36m🕒 20:51:29 🐛 DEBUG   🔍 PostgreSQL Query | SQL:select "id", "token_id", "base_token_id"...[0m
[0] [36m🕒 20:51:29 🐛 DEBUG   🔍 PostgreSQL Query | SQL:commit[0m
[0] [36m🕒 20:51:29 🐛 DEBUG   🔍 PostgreSQL Query | SQL:commit[0m
[0] [36m🕒 20:51:29 🐛 DEBUG   🔍 PostgreSQL Query | SQL:begin [0m
[0] [36m🕒 20:51:29 🐛 DEBUG   🔍 PostgreSQL Query | SQL:begin [0m
[0] [36m🕒 20:51:29 🐛 DEBUG   🔍 PostgreSQL Query | SQL:begin [0m
[0] [36m🕒 20:51:29 🐛 DEBUG   📊 Drizzle PostgreSQL Query | SQL:insert into "holdings" ("id", "user_id",...[0m
[0] [36m🕒 20:51:29 🐛 DEBUG   🔍 PostgreSQL Query | SQL:insert into "holdings" ("id", "user_id",...[0m
[0] [36m🕒 20:51:29 🐛 DEBUG   📊 Drizzle PostgreSQL Query | SQL:insert into "holdings" ("id", "user_id",...[0m
[0] [36m🕒 20:51:29 🐛 DEBUG   🔍 PostgreSQL Query | SQL:insert into "holdings" ("id", "user_id",...[0m
[0] [36m🕒 20:51:29 🐛 DEBUG   📊 Drizzle PostgreSQL Query | SQL:insert into "holdings" ("id", "user_id",...[0m
[0] [36m🕒 20:51:29 🐛 DEBUG   🔍 PostgreSQL Query | SQL:insert into "holdings" ("id", "user_id",...[0m
[0] [36m🕒 20:51:29 🐛 DEBUG   📊 Drizzle PostgreSQL Query | SQL:select "id", "code", "name", "descriptio...[0m
[0] [36m🕒 20:51:29 🐛 DEBUG   🔍 PostgreSQL Query | SQL:select "id", "code", "name", "descriptio...[0m
[0] [36m🕒 20:51:29 🐛 DEBUG   📊 Drizzle PostgreSQL Query | SQL:select "id", "code", "name", "descriptio...[0m
[0] [36m🕒 20:51:29 🐛 DEBUG   🔍 PostgreSQL Query | SQL:select "id", "code", "name", "descriptio...[0m
[0] [36m🕒 20:51:29 🐛 DEBUG   📊 Drizzle PostgreSQL Query | SQL:select "id", "code", "name", "descriptio...[0m
[0] [36m🕒 20:51:29 🐛 DEBUG   🔍 PostgreSQL Query | SQL:select "id", "code", "name", "descriptio...[0m
[0] [36m🕒 20:51:29 🐛 DEBUG   📊 Drizzle PostgreSQL Query | SQL:insert into "transactions" ("id", "user_...[0m
[0] [36m🕒 20:51:29 🐛 DEBUG   🔍 PostgreSQL Query | SQL:insert into "transactions" ("id", "user_...[0m
[0] [36m🕒 20:51:30 🐛 DEBUG   📊 Drizzle PostgreSQL Query | SQL:insert into "transactions" ("id", "user_...[0m
[0] [36m🕒 20:51:30 🐛 DEBUG   🔍 PostgreSQL Query | SQL:insert into "transactions" ("id", "user_...[0m
[0] [36m🕒 20:51:30 🐛 DEBUG   📊 Drizzle PostgreSQL Query | SQL:insert into "transactions" ("id", "user_...[0m
[0] [36m🕒 20:51:30 🐛 DEBUG   🔍 PostgreSQL Query | SQL:insert into "transactions" ("id", "user_...[0m
[0] [36m🕒 20:51:30 🐛 DEBUG   📊 Drizzle PostgreSQL Query | SQL:select "symbol" from "tokens" where "tok...[0m
[0] [36m🕒 20:51:30 🐛 DEBUG   🔍 PostgreSQL Query | SQL:select "symbol" from "tokens" where "tok...[0m
[0] [36m🕒 20:51:30 🐛 DEBUG   📊 Drizzle PostgreSQL Query | SQL:select "symbol" from "tokens" where "tok...[0m
[0] [36m🕒 20:51:30 🐛 DEBUG   🔍 PostgreSQL Query | SQL:select "symbol" from "tokens" where "tok...[0m
[0] [36m🕒 20:51:30 🐛 DEBUG   📊 Drizzle PostgreSQL Query | SQL:select "symbol" from "tokens" where "tok...[0m
[0] [36m🕒 20:51:30 🐛 DEBUG   🔍 PostgreSQL Query | SQL:select "symbol" from "tokens" where "tok...[0m
[0] [36m🕒 20:51:30 🐛 DEBUG   📊 Drizzle PostgreSQL Query | SQL:select "id", "symbol", "name", "type_id"...[0m
[0] [36m🕒 20:51:30 🐛 DEBUG   🔍 PostgreSQL Query | SQL:select "id", "symbol", "name", "type_id"...[0m
[0] [36m🕒 20:51:30 🐛 DEBUG   📊 Drizzle PostgreSQL Query | SQL:select "id", "symbol", "name", "type_id"...[0m
[0] [36m🕒 20:51:30 🐛 DEBUG   🔍 PostgreSQL Query | SQL:select "id", "symbol", "name", "type_id"...[0m
[0] [36m🕒 20:51:30 🐛 DEBUG   📊 Drizzle PostgreSQL Query | SQL:select "id", "symbol", "name", "type_id"...[0m
[0] [36m🕒 20:51:30 🐛 DEBUG   🔍 PostgreSQL Query | SQL:select "id", "symbol", "name", "type_id"...[0m
[0] [36m🕒 20:51:30 🐛 DEBUG   📊 Drizzle PostgreSQL Query | SQL:select "id", "symbol", "name", "type_id"...[0m
[0] [36m🕒 20:51:30 🐛 DEBUG   🔍 PostgreSQL Query | SQL:select "id", "symbol", "name", "type_id"...[0m
[0] [36m🕒 20:51:30 🐛 DEBUG   📊 Drizzle PostgreSQL Query | SQL:select "id", "symbol", "name", "type_id"...[0m
[0] [36m🕒 20:51:30 🐛 DEBUG   🔍 PostgreSQL Query | SQL:select "id", "symbol", "name", "type_id"...[0m
[0] [36m🕒 20:51:30 🐛 DEBUG   📊 Drizzle PostgreSQL Query | SQL:select "id", "symbol", "name", "type_id"...[0m
[0] [36m🕒 20:51:30 🐛 DEBUG   🔍 PostgreSQL Query | SQL:select "id", "symbol", "name", "type_id"...[0m
[0] [36m🕒 20:51:30 🐛 DEBUG   📊 Drizzle PostgreSQL Query | SQL:select "id", "token_id", "base_token_id"...[0m
[0] [36m🕒 20:51:30 🐛 DEBUG   🔍 PostgreSQL Query | SQL:select "id", "token_id", "base_token_id"...[0m
[0] [36m🕒 20:51:30 🐛 DEBUG   📊 Drizzle PostgreSQL Query | SQL:select "id", "token_id", "base_token_id"...[0m
[0] [36m🕒 20:51:30 🐛 DEBUG   🔍 PostgreSQL Query | SQL:select "id", "token_id", "base_token_id"...[0m
[0] [36m🕒 20:51:30 🐛 DEBUG   📊 Drizzle PostgreSQL Query | SQL:select "id", "token_id", "base_token_id"...[0m
[0] [36m🕒 20:51:30 🐛 DEBUG   🔍 PostgreSQL Query | SQL:select "id", "token_id", "base_token_id"...[0m
[0] [36m🕒 20:51:30 🐛 DEBUG   🔍 PostgreSQL Query | SQL:commit[0m
[0] [36m🕒 20:51:30 🐛 DEBUG   🔍 PostgreSQL Query | SQL:commit[0m
[0] [36m🕒 20:51:30 🐛 DEBUG   🔍 PostgreSQL Query | SQL:commit[0m
[0] [36m🕒 20:51:30 🐛 DEBUG   🔍 PostgreSQL Query | SQL:commit[0m
[0] [36m🕒 20:51:30 🐛 DEBUG   🔍 PostgreSQL Query | SQL:begin [0m
[0] [36m🕒 20:51:30 🐛 DEBUG   🔍 PostgreSQL Query | SQL:begin [0m
[0] [36m🕒 20:51:30 🐛 DEBUG   🔍 PostgreSQL Query | SQL:begin [0m
[0] [36m🕒 20:51:30 🐛 DEBUG   📊 Drizzle PostgreSQL Query | SQL:insert into "holdings" ("id", "user_id",...[0m
[0] [36m🕒 20:51:30 🐛 DEBUG   🔍 PostgreSQL Query | SQL:insert into "holdings" ("id", "user_id",...[0m
[0] [36m🕒 20:51:30 🐛 DEBUG   📊 Drizzle PostgreSQL Query | SQL:insert into "holdings" ("id", "user_id",...[0m
[0] [36m🕒 20:51:30 🐛 DEBUG   🔍 PostgreSQL Query | SQL:insert into "holdings" ("id", "user_id",...[0m
[0] [36m🕒 20:51:30 🐛 DEBUG   📊 Drizzle PostgreSQL Query | SQL:insert into "holdings" ("id", "user_id",...[0m
[0] [36m🕒 20:51:30 🐛 DEBUG   🔍 PostgreSQL Query | SQL:insert into "holdings" ("id", "user_id",...[0m
[0] [36m🕒 20:51:30 🐛 DEBUG   📊 Drizzle PostgreSQL Query | SQL:select "id", "code", "name", "descriptio...[0m
[0] [36m🕒 20:51:30 🐛 DEBUG   🔍 PostgreSQL Query | SQL:select "id", "code", "name", "descriptio...[0m
[0] [36m🕒 20:51:30 🐛 DEBUG   📊 Drizzle PostgreSQL Query | SQL:select "id", "code", "name", "descriptio...[0m
[0] [36m🕒 20:51:30 🐛 DEBUG   🔍 PostgreSQL Query | SQL:select "id", "code", "name", "descriptio...[0m
[0] [36m🕒 20:51:30 🐛 DEBUG   📊 Drizzle PostgreSQL Query | SQL:select "id", "code", "name", "descriptio...[0m
[0] [36m🕒 20:51:30 🐛 DEBUG   🔍 PostgreSQL Query | SQL:select "id", "code", "name", "descriptio...[0m
[0] [36m🕒 20:51:30 🐛 DEBUG   📊 Drizzle PostgreSQL Query | SQL:insert into "transactions" ("id", "user_...[0m
[0] [36m🕒 20:51:30 🐛 DEBUG   🔍 PostgreSQL Query | SQL:insert into "transactions" ("id", "user_...[0m
[0] [36m🕒 20:51:30 🐛 DEBUG   📊 Drizzle PostgreSQL Query | SQL:insert into "transactions" ("id", "user_...[0m
[0] [36m🕒 20:51:30 🐛 DEBUG   🔍 PostgreSQL Query | SQL:insert into "transactions" ("id", "user_...[0m
[0] [36m🕒 20:51:30 🐛 DEBUG   📊 Drizzle PostgreSQL Query | SQL:insert into "transactions" ("id", "user_...[0m
[0] [36m🕒 20:51:30 🐛 DEBUG   🔍 PostgreSQL Query | SQL:insert into "transactions" ("id", "user_...[0m
[0] [36m🕒 20:51:30 🐛 DEBUG   📊 Drizzle PostgreSQL Query | SQL:select "symbol" from "tokens" where "tok...[0m
[0] [36m🕒 20:51:30 🐛 DEBUG   🔍 PostgreSQL Query | SQL:select "symbol" from "tokens" where "tok...[0m
[0] [36m🕒 20:51:30 🐛 DEBUG   📊 Drizzle PostgreSQL Query | SQL:select "symbol" from "tokens" where "tok...[0m
[0] [36m🕒 20:51:30 🐛 DEBUG   🔍 PostgreSQL Query | SQL:select "symbol" from "tokens" where "tok...[0m
[0] [36m🕒 20:51:30 🐛 DEBUG   📊 Drizzle PostgreSQL Query | SQL:select "symbol" from "tokens" where "tok...[0m
[0] [36m🕒 20:51:30 🐛 DEBUG   🔍 PostgreSQL Query | SQL:select "symbol" from "tokens" where "tok...[0m
[0] [36m🕒 20:51:30 🐛 DEBUG   📊 Drizzle PostgreSQL Query | SQL:select "id", "symbol", "name", "type_id"...[0m
[0] [36m🕒 20:51:30 🐛 DEBUG   🔍 PostgreSQL Query | SQL:select "id", "symbol", "name", "type_id"...[0m
[0] [36m🕒 20:51:30 🐛 DEBUG   📊 Drizzle PostgreSQL Query | SQL:select "id", "symbol", "name", "type_id"...[0m
[0] [36m🕒 20:51:30 🐛 DEBUG   🔍 PostgreSQL Query | SQL:select "id", "symbol", "name", "type_id"...[0m
[0] [36m🕒 20:51:30 🐛 DEBUG   📊 Drizzle PostgreSQL Query | SQL:select "id", "symbol", "name", "type_id"...[0m
[0] [36m🕒 20:51:30 🐛 DEBUG   🔍 PostgreSQL Query | SQL:select "id", "symbol", "name", "type_id"...[0m
[0] [36m🕒 20:51:31 🐛 DEBUG   📊 Drizzle PostgreSQL Query | SQL:select "id", "symbol", "name", "type_id"...[0m
[0] [36m🕒 20:51:31 🐛 DEBUG   🔍 PostgreSQL Query | SQL:select "id", "symbol", "name", "type_id"...[0m
[0] [36m🕒 20:51:31 🐛 DEBUG   📊 Drizzle PostgreSQL Query | SQL:select "id", "symbol", "name", "type_id"...[0m
[0] [36m🕒 20:51:31 🐛 DEBUG   🔍 PostgreSQL Query | SQL:select "id", "symbol", "name", "type_id"...[0m
[0] [36m🕒 20:51:31 🐛 DEBUG   📊 Drizzle PostgreSQL Query | SQL:select "id", "symbol", "name", "type_id"...[0m
[0] [36m🕒 20:51:31 🐛 DEBUG   🔍 PostgreSQL Query | SQL:select "id", "symbol", "name", "type_id"...[0m
[0] [36m🕒 20:51:31 🐛 DEBUG   📊 Drizzle PostgreSQL Query | SQL:select "id", "token_id", "base_token_id"...[0m
[0] [36m🕒 20:51:31 🐛 DEBUG   🔍 PostgreSQL Query | SQL:select "id", "token_id", "base_token_id"...[0m
[0] [36m🕒 20:51:31 🐛 DEBUG   📊 Drizzle PostgreSQL Query | SQL:select "id", "token_id", "base_token_id"...[0m
[0] [36m🕒 20:51:31 🐛 DEBUG   🔍 PostgreSQL Query | SQL:select "id", "token_id", "base_token_id"...[0m
[0] [36m🕒 20:51:31 🐛 DEBUG   📊 Drizzle PostgreSQL Query | SQL:select "id", "token_id", "base_token_id"...[0m
[0] [36m🕒 20:51:31 🐛 DEBUG   🔍 PostgreSQL Query | SQL:select "id", "token_id", "base_token_id"...[0m
[0] [36m🕒 20:51:31 🐛 DEBUG   🔍 PostgreSQL Query | SQL:commit[0m
[0] [36m🕒 20:51:31 🐛 DEBUG   🔍 PostgreSQL Query | SQL:commit[0m
[0] [36m🕒 20:51:31 🐛 DEBUG   🔍 PostgreSQL Query | SQL:commit[0m
[0] [36m🕒 20:51:31 🐛 DEBUG   🔍 PostgreSQL Query | SQL:commit[0m
[0] [36m🕒 20:51:31 🐛 DEBUG   🔍 PostgreSQL Query | SQL:commit[0m
[0] [36m🕒 20:51:31 🐛 DEBUG   🔍 PostgreSQL Query | SQL:begin [0m
[0] [36m🕒 20:51:31 🐛 DEBUG   🔍 PostgreSQL Query | SQL:begin [0m
[0] [36m🕒 20:51:31 🐛 DEBUG   🔍 PostgreSQL Query | SQL:begin [0m
[0] [36m🕒 20:51:31 🐛 DEBUG   📊 Drizzle PostgreSQL Query | SQL:insert into "holdings" ("id", "user_id",...[0m
[0] [36m🕒 20:51:31 🐛 DEBUG   🔍 PostgreSQL Query | SQL:insert into "holdings" ("id", "user_id",...[0m
[0] [36m🕒 20:51:31 🐛 DEBUG   📊 Drizzle PostgreSQL Query | SQL:insert into "holdings" ("id", "user_id",...[0m
[0] [36m🕒 20:51:31 🐛 DEBUG   🔍 PostgreSQL Query | SQL:insert into "holdings" ("id", "user_id",...[0m
[0] [36m🕒 20:51:31 🐛 DEBUG   📊 Drizzle PostgreSQL Query | SQL:insert into "holdings" ("id", "user_id",...[0m
[0] [36m🕒 20:51:31 🐛 DEBUG   🔍 PostgreSQL Query | SQL:insert into "holdings" ("id", "user_id",...[0m
[0] [36m🕒 20:51:31 🐛 DEBUG   📊 Drizzle PostgreSQL Query | SQL:select "id", "code", "name", "descriptio...[0m
[0] [36m🕒 20:51:31 🐛 DEBUG   🔍 PostgreSQL Query | SQL:select "id", "code", "name", "descriptio...[0m
[0] [36m🕒 20:51:31 🐛 DEBUG   📊 Drizzle PostgreSQL Query | SQL:select "id", "code", "name", "descriptio...[0m
[0] [36m🕒 20:51:31 🐛 DEBUG   🔍 PostgreSQL Query | SQL:select "id", "code", "name", "descriptio...[0m
[0] [36m🕒 20:51:31 🐛 DEBUG   📊 Drizzle PostgreSQL Query | SQL:select "id", "code", "name", "descriptio...[0m
[0] [36m🕒 20:51:31 🐛 DEBUG   🔍 PostgreSQL Query | SQL:select "id", "code", "name", "descriptio...[0m
[0] [36m🕒 20:51:31 🐛 DEBUG   📊 Drizzle PostgreSQL Query | SQL:insert into "transactions" ("id", "user_...[0m
[0] [36m🕒 20:51:31 🐛 DEBUG   🔍 PostgreSQL Query | SQL:insert into "transactions" ("id", "user_...[0m
[0] [36m🕒 20:51:31 🐛 DEBUG   📊 Drizzle PostgreSQL Query | SQL:insert into "transactions" ("id", "user_...[0m
[0] [36m🕒 20:51:31 🐛 DEBUG   🔍 PostgreSQL Query | SQL:insert into "transactions" ("id", "user_...[0m
[0] [36m🕒 20:51:31 🐛 DEBUG   📊 Drizzle PostgreSQL Query | SQL:insert into "transactions" ("id", "user_...[0m
[0] [36m🕒 20:51:31 🐛 DEBUG   🔍 PostgreSQL Query | SQL:insert into "transactions" ("id", "user_...[0m
[0] [36m🕒 20:51:31 🐛 DEBUG   📊 Drizzle PostgreSQL Query | SQL:select "symbol" from "tokens" where "tok...[0m
[0] [36m🕒 20:51:31 🐛 DEBUG   🔍 PostgreSQL Query | SQL:select "symbol" from "tokens" where "tok...[0m
[0] [36m🕒 20:51:31 🐛 DEBUG   📊 Drizzle PostgreSQL Query | SQL:select "symbol" from "tokens" where "tok...[0m
[0] [36m🕒 20:51:31 🐛 DEBUG   🔍 PostgreSQL Query | SQL:select "symbol" from "tokens" where "tok...[0m
[0] [36m🕒 20:51:31 🐛 DEBUG   📊 Drizzle PostgreSQL Query | SQL:select "symbol" from "tokens" where "tok...[0m
[0] [36m🕒 20:51:31 🐛 DEBUG   🔍 PostgreSQL Query | SQL:select "symbol" from "tokens" where "tok...[0m
[0] [36m🕒 20:51:31 🐛 DEBUG   📊 Drizzle PostgreSQL Query | SQL:select "id", "symbol", "name", "type_id"...[0m
[0] [36m🕒 20:51:31 🐛 DEBUG   🔍 PostgreSQL Query | SQL:select "id", "symbol", "name", "type_id"...[0m
[0] [36m🕒 20:51:31 🐛 DEBUG   📊 Drizzle PostgreSQL Query | SQL:select "id", "symbol", "name", "type_id"...[0m
[0] [36m🕒 20:51:31 🐛 DEBUG   🔍 PostgreSQL Query | SQL:select "id", "symbol", "name", "type_id"...[0m
[0] [36m🕒 20:51:31 🐛 DEBUG   📊 Drizzle PostgreSQL Query | SQL:select "id", "symbol", "name", "type_id"...[0m
[0] [36m🕒 20:51:31 🐛 DEBUG   🔍 PostgreSQL Query | SQL:select "id", "symbol", "name", "type_id"...[0m
[0] [36m🕒 20:51:31 🐛 DEBUG   📊 Drizzle PostgreSQL Query | SQL:select "id", "symbol", "name", "type_id"...[0m
[0] [36m🕒 20:51:31 🐛 DEBUG   🔍 PostgreSQL Query | SQL:select "id", "symbol", "name", "type_id"...[0m
[0] [36m🕒 20:51:31 🐛 DEBUG   📊 Drizzle PostgreSQL Query | SQL:select "id", "token_id", "base_token_id"...[0m
[0] [36m🕒 20:51:31 🐛 DEBUG   🔍 PostgreSQL Query | SQL:select "id", "token_id", "base_token_id"...[0m
[0] [36m🕒 20:51:31 🐛 DEBUG   📊 Drizzle PostgreSQL Query | SQL:select "id", "token_id", "base_token_id"...[0m
[0] [36m🕒 20:51:31 🐛 DEBUG   🔍 PostgreSQL Query | SQL:select "id", "token_id", "base_token_id"...[0m
[0] [36m🕒 20:51:32 🐛 DEBUG   📊 Drizzle PostgreSQL Query | SQL:select "id", "symbol", "name", "type_id"...[0m
[0] [36m🕒 20:51:32 🐛 DEBUG   🔍 PostgreSQL Query | SQL:select "id", "symbol", "name", "type_id"...[0m
[0] [36m🕒 20:51:32 🐛 DEBUG   📊 Drizzle PostgreSQL Query | SQL:select "id", "symbol", "name", "type_id"...[0m
[0] [36m🕒 20:51:32 🐛 DEBUG   🔍 PostgreSQL Query | SQL:select "id", "symbol", "name", "type_id"...[0m
[0] [36m🕒 20:51:32 🐛 DEBUG   🔍 PostgreSQL Query | SQL:commit[0m
[0] [36m🕒 20:51:32 🐛 DEBUG   📊 Drizzle PostgreSQL Query | SQL:select "id", "symbol", "name", "type_id"...[0m
[0] [36m🕒 20:51:32 🐛 DEBUG   🔍 PostgreSQL Query | SQL:select "id", "symbol", "name", "type_id"...[0m
[0] [36m🕒 20:51:32 🐛 DEBUG   📊 Drizzle PostgreSQL Query | SQL:select "id", "code", "name", "descriptio...[0m
[0] [36m🕒 20:51:32 🐛 DEBUG   🔍 PostgreSQL Query | SQL:select "id", "code", "name", "descriptio...[0m
[0] [36m🕒 20:51:32 🐛 DEBUG   📊 Drizzle PostgreSQL Query | SQL:select "id", "token_id", "base_token_id"...[0m
[0] [36m🕒 20:51:32 🐛 DEBUG   🔍 PostgreSQL Query | SQL:select "id", "token_id", "base_token_id"...[0m
[0] [36m🕒 20:51:32 🐛 DEBUG   📊 Drizzle PostgreSQL Query | SQL:select "id", "symbol", "name", "type_id"...[0m
[0] [36m🕒 20:51:32 🐛 DEBUG   🔍 PostgreSQL Query | SQL:select "id", "symbol", "name", "type_id"...[0m
[0] [36m🕒 20:51:32 🐛 DEBUG   📊 Drizzle PostgreSQL Query | SQL:select "id", "code", "name", "descriptio...[0m
[0] [36m🕒 20:51:32 🐛 DEBUG   🔍 PostgreSQL Query | SQL:select "id", "code", "name", "descriptio...[0m
[0] Failed to fetch price for token 04a9af67-8bb0-4b8a-8ef7-5bb2383ee9fb: warn: Current price not found for XEQT
[0]       at <anonymous> (/Users/mgrin/Projects/mgrin/scani/apps/backend/src/services/pricing.ts:469:15)
[0] 
[0] [36m🕒 20:51:32 🐛 DEBUG   🔍 PostgreSQL Query | SQL:commit[0m
[0] Failed to fetch price for token c0f34119-f770-4c35-8595-5cd38bc15d8f: warn: Current price not found for XUU
[0]       at <anonymous> (/Users/mgrin/Projects/mgrin/scani/apps/backend/src/services/pricing.ts:469:15)
[0] 
[0] [36m🕒 20:51:33 🐛 DEBUG   🔍 PostgreSQL Query | SQL:commit[0m
[0] [36m🕒 20:51:33 🐛 DEBUG   🔍 PostgreSQL Query | SQL:begin [0m
[0] [36m🕒 20:51:33 🐛 DEBUG   📊 Drizzle PostgreSQL Query | SQL:insert into "holdings" ("id", "user_id",...[0m
[0] [36m🕒 20:51:33 🐛 DEBUG   🔍 PostgreSQL Query | SQL:insert into "holdings" ("id", "user_id",...[0m
[0] [36m🕒 20:51:33 🐛 DEBUG   📊 Drizzle PostgreSQL Query | SQL:select "id", "code", "name", "descriptio...[0m
[0] [36m🕒 20:51:33 🐛 DEBUG   🔍 PostgreSQL Query | SQL:select "id", "code", "name", "descriptio...[0m
[0] [36m🕒 20:51:33 🐛 DEBUG   📊 Drizzle PostgreSQL Query | SQL:insert into "transactions" ("id", "user_...[0m
[0] [36m🕒 20:51:33 🐛 DEBUG   🔍 PostgreSQL Query | SQL:insert into "transactions" ("id", "user_...[0m
[0] [36m🕒 20:51:33 🐛 DEBUG   📊 Drizzle PostgreSQL Query | SQL:select "symbol" from "tokens" where "tok...[0m
[0] [36m🕒 20:51:33 🐛 DEBUG   🔍 PostgreSQL Query | SQL:select "symbol" from "tokens" where "tok...[0m
[0] [36m🕒 20:51:33 🐛 DEBUG   📊 Drizzle PostgreSQL Query | SQL:select "id", "symbol", "name", "type_id"...[0m
[0] [36m🕒 20:51:33 🐛 DEBUG   🔍 PostgreSQL Query | SQL:select "id", "symbol", "name", "type_id"...[0m
[0] [36m🕒 20:51:33 🐛 DEBUG   📊 Drizzle PostgreSQL Query | SQL:select "id", "symbol", "name", "type_id"...[0m
[0] [36m🕒 20:51:33 🐛 DEBUG   🔍 PostgreSQL Query | SQL:select "id", "symbol", "name", "type_id"...[0m
[0] [36m🕒 20:51:33 🐛 DEBUG   📊 Drizzle PostgreSQL Query | SQL:select "id", "token_id", "base_token_id"...[0m
[0] [36m🕒 20:51:33 🐛 DEBUG   🔍 PostgreSQL Query | SQL:select "id", "token_id", "base_token_id"...[0m
[0] [36m🕒 20:51:34 🐛 DEBUG   📊 Drizzle PostgreSQL Query | SQL:select "id", "symbol", "name", "type_id"...[0m
[0] [36m🕒 20:51:34 🐛 DEBUG   🔍 PostgreSQL Query | SQL:select "id", "symbol", "name", "type_id"...[0m
[0] [36m🕒 20:51:34 🐛 DEBUG   🔍 PostgreSQL Query | SQL:commit[0m
[0] [36m🕒 20:51:34 🐛 DEBUG   🔍 PostgreSQL Query | SQL:commit[0m
[0] [32m🕒 20:51:34 📝 INFO    ✅ Procedure completed successfully: screenshotParsing.processHoldingsFromParsing | ⏱️ 5618.198583ms[0m
[0] [32m🕒 20:51:34 📝 INFO   {56wb112y} ✅ HTTP Response sent successfully | POST http://localhost:3001/trpc/screenshotParsing.processHoldingsFromParsing?batch=1 | ⏱️ 5803.973959ms | 🟢200[0m
[0] [32m🕒 20:51:36 📝 INFO   {49dbosqa} 📨 HTTP Request received | OPTIONS http://localhost:3001/trpc/holdings.getAll,accounts.getAll,tokens.getByUserId,users.getBaseCurrency,institutions.getAll,tokenTypes.getAll,users.getPortfolioValue?batch=1&input=%7B%7D[0m
[0] [32m🕒 20:51:36 📝 INFO   {49dbosqa} ✅ HTTP Response sent successfully | OPTIONS http://localhost:3001/trpc/holdings.getAll,accounts.getAll,tokens.getByUserId,users.getBaseCurrency,institutions.getAll,tokenTypes.getAll,users.getPortfolioValue?batch=1&input=%7B%7D | ⏱️ 0.378667ms | 🟢200[0m
[0] [32m🕒 20:51:36 📝 INFO   {xmdhwxc4} 📨 HTTP Request received | GET http://localhost:3001/trpc/holdings.getAll,accounts.getAll,tokens.getByUserId,users.getBaseCurrency,institutions.getAll,tokenTypes.getAll,users.getPortfolioValue?batch=1&input=%7B%7D[0m
[0] [32m🕒 20:51:36 📝 INFO   {ayhi0n69} 🔄 Incoming tRPC request | GET http://localhost:3001/trpc/holdings.getAll,accounts.getAll,tokens.getByUserId,users.getBaseCurrency,institutions.getAll,tokenTypes.getAll,users.getPortfolioValue?batch=1&input=%7B%7D[0m
[0] [36m🕒 20:51:36 🐛 DEBUG   📊 Drizzle PostgreSQL Query | SQL:select "id", "email", "name", "avatar", ...[0m
[0] [36m🕒 20:51:36 🐛 DEBUG   🔍 PostgreSQL Query | SQL:select "id", "email", "name", "avatar", ...[0m
[0] [36m🕒 20:51:36 🐛 DEBUG   ⚡ Starting query procedure: holdings.getAll[0m
[0] [36m🕒 20:51:36 🐛 DEBUG   ⚡ Starting query procedure: accounts.getAll[0m
[0] [36m🕒 20:51:36 🐛 DEBUG   ⚡ Starting query procedure: tokens.getByUserId[0m
[0] [36m🕒 20:51:36 🐛 DEBUG   ⚡ Starting query procedure: users.getBaseCurrency[0m
[0] [36m🕒 20:51:36 🐛 DEBUG   ⚡ Starting query procedure: institutions.getAll[0m
[0] [36m🕒 20:51:36 🐛 DEBUG   ⚡ Starting query procedure: tokenTypes.getAll[0m
[0] [36m🕒 20:51:36 🐛 DEBUG   ⚡ Starting query procedure: users.getPortfolioValue[0m
[0] [36m🕒 20:51:36 🐛 DEBUG   📊 Drizzle PostgreSQL Query | SQL:select "id", "user_id", "account_id", "t...[0m
[0] [36m🕒 20:51:36 🐛 DEBUG   📊 Drizzle PostgreSQL Query | SQL:select "accounts"."id", "accounts"."inst...[0m
[0] [36m🕒 20:51:36 🐛 DEBUG   📊 Drizzle PostgreSQL Query | SQL:select distinct "tokens"."id", "tokens"....[0m
[0] [36m🕒 20:51:36 🐛 DEBUG   📊 Drizzle PostgreSQL Query | SQL:select "id", "symbol", "name" from "toke...[0m
[0] [36m🕒 20:51:36 🐛 DEBUG   📊 Drizzle PostgreSQL Query | SQL:select "institutions"."id", "institution...[0m
[0] [36m🕒 20:51:36 🐛 DEBUG   📊 Drizzle PostgreSQL Query | SQL:select "id", "code", "name", "descriptio...[0m
[0] [36m🕒 20:51:36 🐛 DEBUG   📊 Drizzle PostgreSQL Query | SQL:select "id", "symbol", "name" from "toke...[0m
[0] [36m🕒 20:51:36 🐛 DEBUG   🔍 PostgreSQL Query | SQL:select "id", "user_id", "account_id", "t...[0m
[0] [36m🕒 20:51:36 🐛 DEBUG   🔍 PostgreSQL Query | SQL:select "accounts"."id", "accounts"."inst...[0m
[0] [36m🕒 20:51:36 🐛 DEBUG   🔍 PostgreSQL Query | SQL:select distinct "tokens"."id", "tokens"....[0m
[0] [36m🕒 20:51:36 🐛 DEBUG   🔍 PostgreSQL Query | SQL:select "id", "symbol", "name" from "toke...[0m
[0] [36m🕒 20:51:36 🐛 DEBUG   🔍 PostgreSQL Query | SQL:select "institutions"."id", "institution...[0m
[0] [36m🕒 20:51:36 🐛 DEBUG   🔍 PostgreSQL Query | SQL:select "id", "code", "name", "descriptio...[0m
[0] [32m🕒 20:51:36 📝 INFO    ✅ Procedure completed successfully: accounts.getAll | ⏱️ 99.193084ms[0m
[0] [32m🕒 20:51:36 📝 INFO    ✅ Procedure completed successfully: tokenTypes.getAll | ⏱️ 98.684125ms[0m
[0] [32m🕒 20:51:36 📝 INFO    ✅ Procedure completed successfully: users.getBaseCurrency | ⏱️ 99.913375ms[0m
[0] [32m🕒 20:51:36 📝 INFO    ✅ Procedure completed successfully: holdings.getAll | ⏱️ 102.499625ms[0m
[0] [32m🕒 20:51:36 📝 INFO    ✅ Procedure completed successfully: institutions.getAll | ⏱️ 184.453292ms[0m
[0] [36m🕒 20:51:36 🐛 DEBUG   🔍 PostgreSQL Query | SQL:
[0]       select b.oid, b.typarray
[0]       fr...[0m
[0] [36m🕒 20:51:36 🐛 DEBUG   🔍 PostgreSQL Query | SQL:select "id", "symbol", "name" from "toke...[0m
[0] [32m🕒 20:51:36 📝 INFO    ✅ Procedure completed successfully: tokens.getByUserId | ⏱️ 284.882333ms[0m
[0] [36m🕒 20:51:36 🐛 DEBUG   📊 Drizzle PostgreSQL Query | SQL:select "holdings"."id", "holdings"."bala...[0m
[0] [36m🕒 20:51:36 🐛 DEBUG   🔍 PostgreSQL Query | SQL:select "holdings"."id", "holdings"."bala...[0m
[0] [36m🕒 20:51:36 🐛 DEBUG   📊 Drizzle PostgreSQL Query | SQL:select "id", "symbol", "name", "type_id"...[0m
[0] [36m🕒 20:51:36 🐛 DEBUG   🔍 PostgreSQL Query | SQL:select "id", "symbol", "name", "type_id"...[0m
[0] [36m🕒 20:51:36 🐛 DEBUG   📊 Drizzle PostgreSQL Query | SQL:select "id", "symbol", "name", "type_id"...[0m
[0] [36m🕒 20:51:36 🐛 DEBUG   🔍 PostgreSQL Query | SQL:select "id", "symbol", "name", "type_id"...[0m
[0] [36m🕒 20:51:37 🐛 DEBUG   📊 Drizzle PostgreSQL Query | SQL:select "id", "token_id", "base_token_id"...[0m
[0] [36m🕒 20:51:37 🐛 DEBUG   🔍 PostgreSQL Query | SQL:select "id", "token_id", "base_token_id"...[0m
[0] [36m🕒 20:51:37 🐛 DEBUG   📊 Drizzle PostgreSQL Query | SQL:select "id", "symbol", "name", "type_id"...[0m
[0] [36m🕒 20:51:37 🐛 DEBUG   🔍 PostgreSQL Query | SQL:select "id", "symbol", "name", "type_id"...[0m
[0] [36m🕒 20:51:37 🐛 DEBUG   📊 Drizzle PostgreSQL Query | SQL:select "id", "symbol", "name", "type_id"...[0m
[0] [36m🕒 20:51:37 🐛 DEBUG   🔍 PostgreSQL Query | SQL:select "id", "symbol", "name", "type_id"...[0m
[0] [36m🕒 20:51:37 🐛 DEBUG   📊 Drizzle PostgreSQL Query | SQL:select "id", "token_id", "base_token_id"...[0m
[0] [36m🕒 20:51:37 🐛 DEBUG   🔍 PostgreSQL Query | SQL:select "id", "token_id", "base_token_id"...[0m
[0] [36m🕒 20:51:37 🐛 DEBUG   📊 Drizzle PostgreSQL Query | SQL:select "id", "symbol", "name", "type_id"...[0m
[0] [36m🕒 20:51:37 🐛 DEBUG   🔍 PostgreSQL Query | SQL:select "id", "symbol", "name", "type_id"...[0m
[0] [36m🕒 20:51:37 🐛 DEBUG   📊 Drizzle PostgreSQL Query | SQL:select "id", "symbol", "name", "type_id"...[0m
[0] [36m🕒 20:51:37 🐛 DEBUG   🔍 PostgreSQL Query | SQL:select "id", "symbol", "name", "type_id"...[0m
[0] [36m🕒 20:51:37 🐛 DEBUG   📊 Drizzle PostgreSQL Query | SQL:select "id", "token_id", "base_token_id"...[0m
[0] [36m🕒 20:51:37 🐛 DEBUG   🔍 PostgreSQL Query | SQL:select "id", "token_id", "base_token_id"...[0m
[0] [36m🕒 20:51:37 🐛 DEBUG   📊 Drizzle PostgreSQL Query | SQL:select "id", "symbol", "name", "type_id"...[0m
[0] [36m🕒 20:51:37 🐛 DEBUG   🔍 PostgreSQL Query | SQL:select "id", "symbol", "name", "type_id"...[0m
[0] [36m🕒 20:51:37 🐛 DEBUG   📊 Drizzle PostgreSQL Query | SQL:select "id", "symbol", "name", "type_id"...[0m
[0] [36m🕒 20:51:37 🐛 DEBUG   🔍 PostgreSQL Query | SQL:select "id", "symbol", "name", "type_id"...[0m
[0] [36m🕒 20:51:37 🐛 DEBUG   📊 Drizzle PostgreSQL Query | SQL:select "id", "token_id", "base_token_id"...[0m
[0] [36m🕒 20:51:37 🐛 DEBUG   🔍 PostgreSQL Query | SQL:select "id", "token_id", "base_token_id"...[0m
[0] [36m🕒 20:51:37 🐛 DEBUG   📊 Drizzle PostgreSQL Query | SQL:select "id", "symbol", "name", "type_id"...[0m
[0] [36m🕒 20:51:37 🐛 DEBUG   🔍 PostgreSQL Query | SQL:select "id", "symbol", "name", "type_id"...[0m
[0] [36m🕒 20:51:38 🐛 DEBUG   📊 Drizzle PostgreSQL Query | SQL:select "id", "symbol", "name", "type_id"...[0m
[0] [36m🕒 20:51:38 🐛 DEBUG   🔍 PostgreSQL Query | SQL:select "id", "symbol", "name", "type_id"...[0m
[0] [36m🕒 20:51:38 🐛 DEBUG   📊 Drizzle PostgreSQL Query | SQL:select "id", "token_id", "base_token_id"...[0m
[0] [36m🕒 20:51:38 🐛 DEBUG   🔍 PostgreSQL Query | SQL:select "id", "token_id", "base_token_id"...[0m
[0] [36m🕒 20:51:38 🐛 DEBUG   📊 Drizzle PostgreSQL Query | SQL:select "id", "symbol", "name", "type_id"...[0m
[0] [36m🕒 20:51:38 🐛 DEBUG   🔍 PostgreSQL Query | SQL:select "id", "symbol", "name", "type_id"...[0m
[0] [36m🕒 20:51:38 🐛 DEBUG   📊 Drizzle PostgreSQL Query | SQL:select "id", "symbol", "name", "type_id"...[0m
[0] [36m🕒 20:51:38 🐛 DEBUG   🔍 PostgreSQL Query | SQL:select "id", "symbol", "name", "type_id"...[0m
[0] [36m🕒 20:51:38 🐛 DEBUG   📊 Drizzle PostgreSQL Query | SQL:select "id", "token_id", "base_token_id"...[0m
[0] [36m🕒 20:51:38 🐛 DEBUG   🔍 PostgreSQL Query | SQL:select "id", "token_id", "base_token_id"...[0m
[0] [36m🕒 20:51:38 🐛 DEBUG   📊 Drizzle PostgreSQL Query | SQL:select "id", "symbol", "name", "type_id"...[0m
[0] [36m🕒 20:51:38 🐛 DEBUG   🔍 PostgreSQL Query | SQL:select "id", "symbol", "name", "type_id"...[0m
[0] [36m🕒 20:51:38 🐛 DEBUG   📊 Drizzle PostgreSQL Query | SQL:select "id", "symbol", "name", "type_id"...[0m
[0] [36m🕒 20:51:38 🐛 DEBUG   🔍 PostgreSQL Query | SQL:select "id", "symbol", "name", "type_id"...[0m
[0] [36m🕒 20:51:38 🐛 DEBUG   📊 Drizzle PostgreSQL Query | SQL:select "id", "token_id", "base_token_id"...[0m
[0] [36m🕒 20:51:38 🐛 DEBUG   🔍 PostgreSQL Query | SQL:select "id", "token_id", "base_token_id"...[0m
[0] [36m🕒 20:51:38 🐛 DEBUG   📊 Drizzle PostgreSQL Query | SQL:select "id", "symbol", "name", "type_id"...[0m
[0] [36m🕒 20:51:38 🐛 DEBUG   🔍 PostgreSQL Query | SQL:select "id", "symbol", "name", "type_id"...[0m
[0] [36m🕒 20:51:38 🐛 DEBUG   📊 Drizzle PostgreSQL Query | SQL:select "id", "symbol", "name", "type_id"...[0m
[0] [36m🕒 20:51:38 🐛 DEBUG   🔍 PostgreSQL Query | SQL:select "id", "symbol", "name", "type_id"...[0m
[0] [36m🕒 20:51:39 🐛 DEBUG   📊 Drizzle PostgreSQL Query | SQL:select "id", "token_id", "base_token_id"...[0m
[0] [36m🕒 20:51:39 🐛 DEBUG   🔍 PostgreSQL Query | SQL:select "id", "token_id", "base_token_id"...[0m
[0] Failed to get price for XEQT: 35 |       return cachedPrice.price;
[0] 36 |     }
[0] 37 | 
[0] 38 |     // If live=false and we didn't find a cached price, don't fetch from provider
[0] 39 |     if (!live) {
[0] 40 |       throw new Error(`No cached price found for ${tokenSymbol}/${baseCurrency}`);
[0]                  ^
[0] error: No cached price found for XEQT/USD
[0]       at <anonymous> (/Users/mgrin/Projects/mgrin/scani/apps/backend/src/services/pricing.ts:40:13)
[0] 
[0] [36m🕒 20:51:39 🐛 DEBUG   📊 Drizzle PostgreSQL Query | SQL:select "id", "symbol", "name", "type_id"...[0m
[0] [36m🕒 20:51:39 🐛 DEBUG   🔍 PostgreSQL Query | SQL:select "id", "symbol", "name", "type_id"...[0m
[0] [36m🕒 20:51:39 🐛 DEBUG   📊 Drizzle PostgreSQL Query | SQL:select "id", "symbol", "name", "type_id"...[0m
[0] [36m🕒 20:51:39 🐛 DEBUG   🔍 PostgreSQL Query | SQL:select "id", "symbol", "name", "type_id"...[0m
[0] [36m🕒 20:51:39 🐛 DEBUG   📊 Drizzle PostgreSQL Query | SQL:select "id", "token_id", "base_token_id"...[0m
[0] [36m🕒 20:51:39 🐛 DEBUG   🔍 PostgreSQL Query | SQL:select "id", "token_id", "base_token_id"...[0m
[0] Failed to get price for XUU: 35 |       return cachedPrice.price;
[0] 36 |     }
[0] 37 | 
[0] 38 |     // If live=false and we didn't find a cached price, don't fetch from provider
[0] 39 |     if (!live) {
[0] 40 |       throw new Error(`No cached price found for ${tokenSymbol}/${baseCurrency}`);
[0]                  ^
[0] error: No cached price found for XUU/USD
[0]       at <anonymous> (/Users/mgrin/Projects/mgrin/scani/apps/backend/src/services/pricing.ts:40:13)
[0] 
[0] [32m🕒 20:51:39 📝 INFO    ✅ Procedure completed successfully: users.getPortfolioValue | ⏱️ 2955.31725ms[0m
[0] [32m🕒 20:51:39 📝 INFO   {xmdhwxc4} ✅ HTTP Response sent successfully | GET http://localhost:3001/trpc/holdings.getAll,accounts.getAll,tokens.getByUserId,users.getBaseCurrency,institutions.getAll,tokenTypes.getAll,users.getPortfolioValue?batch=1&input=%7B%7D | ⏱️ 3133.13925ms | 🟢200[0m
[0] [32m🕒 20:51:39 📝 INFO   {89rfhnlp} 📨 HTTP Request received | OPTIONS http://localhost:3001/trpc/accounts.getAll,tokens.getAll?batch=1&input=%7B%7D[0m
[0] [32m🕒 20:51:39 📝 INFO   {89rfhnlp} ✅ HTTP Response sent successfully | OPTIONS http://localhost:3001/trpc/accounts.getAll,tokens.getAll?batch=1&input=%7B%7D | ⏱️ 0.66375ms | 🟢200[0m
[0] [32m🕒 20:51:39 📝 INFO   {zflxflfm} 📨 HTTP Request received | GET http://localhost:3001/trpc/accounts.getAll,tokens.getAll?batch=1&input=%7B%7D[0m
[0] [32m🕒 20:51:39 📝 INFO   {jebthc4m} 🔄 Incoming tRPC request | GET http://localhost:3001/trpc/accounts.getAll,tokens.getAll?batch=1&input=%7B%7D[0m
[0] [36m🕒 20:51:39 🐛 DEBUG   📊 Drizzle PostgreSQL Query | SQL:select "id", "email", "name", "avatar", ...[0m
[0] [36m🕒 20:51:39 🐛 DEBUG   🔍 PostgreSQL Query | SQL:select "id", "email", "name", "avatar", ...[0m
[0] [36m🕒 20:51:39 🐛 DEBUG   ⚡ Starting query procedure: accounts.getAll[0m
[0] [36m🕒 20:51:39 🐛 DEBUG   ⚡ Starting query procedure: tokens.getAll[0m
[0] [36m🕒 20:51:39 🐛 DEBUG   📊 Drizzle PostgreSQL Query | SQL:select "accounts"."id", "accounts"."inst...[0m
[0] [36m🕒 20:51:39 🐛 DEBUG   📊 Drizzle PostgreSQL Query | SQL:select "tokens"."id", "tokens"."symbol",...[0m
[0] [36m🕒 20:51:39 🐛 DEBUG   🔍 PostgreSQL Query | SQL:select "accounts"."id", "accounts"."inst...[0m
[0] [36m🕒 20:51:39 🐛 DEBUG   🔍 PostgreSQL Query | SQL:select "tokens"."id", "tokens"."symbol",...[0m
[0] [32m🕒 20:51:39 📝 INFO    ✅ Procedure completed successfully: accounts.getAll | ⏱️ 89.587666ms[0m
[0] [32m🕒 20:51:39 📝 INFO    ✅ Procedure completed successfully: tokens.getAll | ⏱️ 136.915958ms[0m
[0] [32m🕒 20:51:39 📝 INFO   {zflxflfm} ✅ HTTP Response sent successfully | GET http://localhost:3001/trpc/accounts.getAll,tokens.getAll?batch=1&input=%7B%7D | ⏱️ 319.081958ms | 🟢200[0m
[0] [32m🕒 20:51:50 📝 INFO   {engw0mw3} 📨 HTTP Request received | OPTIONS http://localhost:3001/trpc/institutions.getAll,accounts.getAll?batch=1&input=%7B%7D[0m
[0] [32m🕒 20:51:50 📝 INFO   {engw0mw3} ✅ HTTP Response sent successfully | OPTIONS http://localhost:3001/trpc/institutions.getAll,accounts.getAll?batch=1&input=%7B%7D | ⏱️ 0.38825ms | 🟢200[0m
[0] [32m🕒 20:51:50 📝 INFO   {iqhgzas7} 📨 HTTP Request received | GET http://localhost:3001/trpc/institutions.getAll,accounts.getAll?batch=1&input=%7B%7D[0m
[0] [32m🕒 20:51:50 📝 INFO   {m8su50zo} 🔄 Incoming tRPC request | GET http://localhost:3001/trpc/institutions.getAll,accounts.getAll?batch=1&input=%7B%7D[0m
[0] [36m🕒 20:51:50 🐛 DEBUG   📊 Drizzle PostgreSQL Query | SQL:select "id", "email", "name", "avatar", ...[0m
[0] [36m🕒 20:51:50 🐛 DEBUG   🔍 PostgreSQL Query | SQL:select "id", "email", "name", "avatar", ...[0m
[0] [36m🕒 20:51:50 🐛 DEBUG   ⚡ Starting query procedure: institutions.getAll[0m
[0] [36m🕒 20:51:50 🐛 DEBUG   ⚡ Starting query procedure: accounts.getAll[0m
[0] [36m🕒 20:51:50 🐛 DEBUG   📊 Drizzle PostgreSQL Query | SQL:select "institutions"."id", "institution...[0m
[0] [36m🕒 20:51:50 🐛 DEBUG   📊 Drizzle PostgreSQL Query | SQL:select "accounts"."id", "accounts"."inst...[0m
[0] [36m🕒 20:51:50 🐛 DEBUG   🔍 PostgreSQL Query | SQL:select "institutions"."id", "institution...[0m
[0] [36m🕒 20:51:50 🐛 DEBUG   🔍 PostgreSQL Query | SQL:select "accounts"."id", "accounts"."inst...[0m
[0] [32m🕒 20:51:51 📝 INFO    ✅ Procedure completed successfully: accounts.getAll | ⏱️ 89.547584ms[0m
[0] [32m🕒 20:51:51 📝 INFO    ✅ Procedure completed successfully: institutions.getAll | ⏱️ 179.408875ms[0m
[0] [32m🕒 20:51:51 📝 INFO   {iqhgzas7} ✅ HTTP Response sent successfully | GET http://localhost:3001/trpc/institutions.getAll,accounts.getAll?batch=1&input=%7B%7D | ⏱️ 418.108875ms | 🟢200[0m
[0] [32m🕒 20:51:57 📝 INFO    🛑 Graceful shutdown initiated[0m
[0] [32m🕒 20:51:57 📝 INFO    undefined[0m
[0] [32m🕒 20:51:57 📝 INFO    undefined[0m
[0] [32m🕒 20:51:57 📝 INFO    undefined[0m
[1] cd apps/frontend && bun dev exited with code SIGINT
[0] cd apps/backend && bun dev exited with code 0
