[1] $ vite
[0] $ LOG_LEVEL=debug LOG_PRETTY=true bun run --watch src/index.ts
[1] 
[1]   VITE v5.4.20  ready in 160 ms
[1] 
[1]   тЮЬ  Local:   http://localhost:5173/
[1]   тЮЬ  Network: http://192.168.0.67:5173/
[1]   тЮЬ  Network: http://198.19.249.3:5173/
[1]   тЮЬ  Network: http://192.168.117.0:5173/
[1]   тЮЬ  Network: http://192.168.155.0:5173/
[0] [32mЁЯХТ 09:54:32 ЁЯУЭ INFO    ЁЯРШ Connected to PostgreSQL database[0m
[0] [32mЁЯХТ 09:54:32 ЁЯУЭ INFO    ЁЯЪА Starting Scani Backend Server[0m
[0] [32mЁЯХТ 09:54:32 ЁЯУЭ INFO    ЁЯФМ WebSocket server initializing[0m
[0] [32mЁЯХТ 09:54:32 ЁЯУЭ INFO    ЁЯОЙ Scani Backend Server started successfully[0m
[0] [32mЁЯХТ 09:54:36 ЁЯУЭ INFO   {k3mmma7j} ЁЯУи HTTP Request received | OPTIONS http://localhost:3001/trpc/institutions.getByUserId,institutionTypes.getAll,accounts.getAll,users.getPortfolioValue,holdings.getAll,tokens.getByUserId,users.getBaseCurrency,holdings.getUnpriceableTokens?batch=1&input=%7B%7D[0m
[0] [32mЁЯХТ 09:54:36 ЁЯУЭ INFO   {k3mmma7j} тЬЕ HTTP Response sent successfully | OPTIONS http://localhost:3001/trpc/institutions.getByUserId,institutionTypes.getAll,accounts.getAll,users.getPortfolioValue,holdings.getAll,tokens.getByUserId,users.getBaseCurrency,holdings.getUnpriceableTokens?batch=1&input=%7B%7D | тП▒я╕П 1.359917ms | ЁЯЯв200[0m
[0] [32mЁЯХТ 09:54:36 ЁЯУЭ INFO   {076iljl6} ЁЯУи HTTP Request received | GET http://localhost:3001/trpc/institutions.getByUserId,institutionTypes.getAll,accounts.getAll,users.getPortfolioValue,holdings.getAll,tokens.getByUserId,users.getBaseCurrency,holdings.getUnpriceableTokens?batch=1&input=%7B%7D[0m
[0] [32mЁЯХТ 09:54:36 ЁЯУЭ INFO   {933x1ybs} ЁЯФД Incoming tRPC request | GET http://localhost:3001/trpc/institutions.getByUserId,institutionTypes.getAll,accounts.getAll,users.getPortfolioValue,holdings.getAll,tokens.getByUserId,users.getBaseCurrency,holdings.getUnpriceableTokens?batch=1&input=%7B%7D[0m
[0] [36mЁЯХТ 09:54:36 ЁЯРЫ DEBUG   ЁЯУК Drizzle PostgreSQL Query | SQL:select "id", "email", "name", "avatar", ...[0m
[0] [36mЁЯХТ 09:54:37 ЁЯРЫ DEBUG   ЁЯФН PostgreSQL Query | SQL:
[0]       select b.oid, b.typarray
[0]       fr...[0m
[0] [36mЁЯХТ 09:54:37 ЁЯРЫ DEBUG   ЁЯФН PostgreSQL Query | SQL:select "id", "email", "name", "avatar", ...[0m
[0] [36mЁЯХТ 09:54:37 ЁЯРЫ DEBUG   тЪб Starting query procedure: institutions.getByUserId[0m
[0] [36mЁЯХТ 09:54:37 ЁЯРЫ DEBUG   тЪб Starting query procedure: institutionTypes.getAll[0m
[0] [36mЁЯХТ 09:54:37 ЁЯРЫ DEBUG   тЪб Starting query procedure: accounts.getAll[0m
[0] [36mЁЯХТ 09:54:37 ЁЯРЫ DEBUG   тЪб Starting query procedure: users.getPortfolioValue[0m
[0] [36mЁЯХТ 09:54:37 ЁЯРЫ DEBUG   тЪб Starting query procedure: holdings.getAll[0m
[0] [36mЁЯХТ 09:54:37 ЁЯРЫ DEBUG   тЪб Starting query procedure: tokens.getByUserId[0m
[0] [36mЁЯХТ 09:54:37 ЁЯРЫ DEBUG   тЪб Starting query procedure: users.getBaseCurrency[0m
[0] [36mЁЯХТ 09:54:37 ЁЯРЫ DEBUG   тЪб Starting query procedure: holdings.getUnpriceableTokens[0m
[0] [36mЁЯХТ 09:54:37 ЁЯРЫ DEBUG   ЁЯУК Drizzle PostgreSQL Query | SQL:select distinct "institutions"."id", "in...[0m
[0] [36mЁЯХТ 09:54:37 ЁЯРЫ DEBUG   ЁЯУК Drizzle PostgreSQL Query | SQL:select "id", "code", "name", "descriptio...[0m
[0] [36mЁЯХТ 09:54:37 ЁЯРЫ DEBUG   ЁЯУК Drizzle PostgreSQL Query | SQL:select "accounts"."id", "accounts"."inst...[0m
[0] [36mЁЯХТ 09:54:37 ЁЯРЫ DEBUG   ЁЯУК Drizzle PostgreSQL Query | SQL:select "id", "symbol", "name" from "toke...[0m
[0] [36mЁЯХТ 09:54:37 ЁЯРЫ DEBUG   ЁЯУК Drizzle PostgreSQL Query | SQL:select "id", "user_id", "account_id", "t...[0m
[0] [36mЁЯХТ 09:54:37 ЁЯРЫ DEBUG   ЁЯУК Drizzle PostgreSQL Query | SQL:select distinct "tokens"."id", "tokens"....[0m
[0] [36mЁЯХТ 09:54:37 ЁЯРЫ DEBUG   ЁЯУК Drizzle PostgreSQL Query | SQL:select "id", "symbol", "name" from "toke...[0m
[0] [36mЁЯХТ 09:54:37 ЁЯРЫ DEBUG   ЁЯУК Drizzle PostgreSQL Query | SQL:select "users"."id", "users"."base_curre...[0m
[0] [36mЁЯХТ 09:54:37 ЁЯРЫ DEBUG   ЁЯФН PostgreSQL Query | SQL:select distinct "institutions"."id", "in...[0m
[0] [32mЁЯХТ 09:54:37 ЁЯУЭ INFO    тЬЕ Procedure completed successfully: institutions.getByUserId | тП▒я╕П 105.498167ms[0m
[0] [36mЁЯХТ 09:54:37 ЁЯРЫ DEBUG   ЁЯФН PostgreSQL Query | SQL:
[0]       select b.oid, b.typarray
[0]       fr...[0m
[0] [36mЁЯХТ 09:54:37 ЁЯРЫ DEBUG   ЁЯФН PostgreSQL Query | SQL:
[0]       select b.oid, b.typarray
[0]       fr...[0m
[0] [36mЁЯХТ 09:54:37 ЁЯРЫ DEBUG   ЁЯФН PostgreSQL Query | SQL:
[0]       select b.oid, b.typarray
[0]       fr...[0m
[0] [36mЁЯХТ 09:54:37 ЁЯРЫ DEBUG   ЁЯФН PostgreSQL Query | SQL:
[0]       select b.oid, b.typarray
[0]       fr...[0m
[0] [36mЁЯХТ 09:54:37 ЁЯРЫ DEBUG   ЁЯФН PostgreSQL Query | SQL:
[0]       select b.oid, b.typarray
[0]       fr...[0m
[0] [36mЁЯХТ 09:54:37 ЁЯРЫ DEBUG   ЁЯФН PostgreSQL Query | SQL:
[0]       select b.oid, b.typarray
[0]       fr...[0m
[0] [36mЁЯХТ 09:54:37 ЁЯРЫ DEBUG   ЁЯФН PostgreSQL Query | SQL:
[0]       select b.oid, b.typarray
[0]       fr...[0m
[0] [36mЁЯХТ 09:54:37 ЁЯРЫ DEBUG   ЁЯФН PostgreSQL Query | SQL:select "id", "code", "name", "descriptio...[0m
[0] [36mЁЯХТ 09:54:37 ЁЯРЫ DEBUG   ЁЯФН PostgreSQL Query | SQL:select "accounts"."id", "accounts"."inst...[0m
[0] [36mЁЯХТ 09:54:37 ЁЯРЫ DEBUG   ЁЯФН PostgreSQL Query | SQL:select "id", "symbol", "name" from "toke...[0m
[0] [36mЁЯХТ 09:54:37 ЁЯРЫ DEBUG   ЁЯФН PostgreSQL Query | SQL:select "id", "symbol", "name" from "toke...[0m
[0] [36mЁЯХТ 09:54:37 ЁЯРЫ DEBUG   ЁЯФН PostgreSQL Query | SQL:select "id", "user_id", "account_id", "t...[0m
[0] [36mЁЯХТ 09:54:37 ЁЯРЫ DEBUG   ЁЯФН PostgreSQL Query | SQL:select "users"."id", "users"."base_curre...[0m
[0] [36mЁЯХТ 09:54:37 ЁЯРЫ DEBUG   ЁЯФН PostgreSQL Query | SQL:select distinct "tokens"."id", "tokens"....[0m
[0] [32mЁЯХТ 09:54:37 ЁЯУЭ INFO    тЬЕ Procedure completed successfully: institutionTypes.getAll | тП▒я╕П 350.919625ms[0m
[0] [32mЁЯХТ 09:54:37 ЁЯУЭ INFO    тЬЕ Procedure completed successfully: users.getBaseCurrency | тП▒я╕П 347.079458ms[0m
[0] [32mЁЯХТ 09:54:37 ЁЯУЭ INFO    тЬЕ Procedure completed successfully: accounts.getAll | тП▒я╕П 351.742917ms[0m
[0] [36mЁЯХТ 09:54:37 ЁЯРЫ DEBUG   ЁЯУК Drizzle PostgreSQL Query | SQL:select "holdings"."id", "holdings"."bala...[0m
[0] [36mЁЯХТ 09:54:37 ЁЯРЫ DEBUG   ЁЯФН PostgreSQL Query | SQL:select "holdings"."id", "holdings"."bala...[0m
[0] [32mЁЯХТ 09:54:37 ЁЯУЭ INFO    тЬЕ Procedure completed successfully: holdings.getAll | тП▒я╕П 352.08575ms[0m
[0] [36mЁЯХТ 09:54:37 ЁЯРЫ DEBUG   ЁЯУК Drizzle PostgreSQL Query | SQL:select "holdings"."balance", "tokens"."i...[0m
[0] [36mЁЯХТ 09:54:37 ЁЯРЫ DEBUG   ЁЯФН PostgreSQL Query | SQL:select "holdings"."balance", "tokens"."i...[0m
[0] [32mЁЯХТ 09:54:37 ЁЯУЭ INFO    тЬЕ Procedure completed successfully: tokens.getByUserId | тП▒я╕П 364.742708ms[0m
[0] [36mЁЯХТ 09:54:37 ЁЯРЫ DEBUG   ЁЯУК Drizzle PostgreSQL Query | SQL:select "id", "symbol", "name", "type_id"...[0m
[0] [36mЁЯХТ 09:54:37 ЁЯРЫ DEBUG   ЁЯФН PostgreSQL Query | SQL:select "id", "symbol", "name", "type_id"...[0m
[0] [36mЁЯХТ 09:54:37 ЁЯРЫ DEBUG   ЁЯУК Drizzle PostgreSQL Query | SQL:select "id", "symbol", "name", "type_id"...[0m
[0] [36mЁЯХТ 09:54:37 ЁЯРЫ DEBUG   ЁЯФН PostgreSQL Query | SQL:select "id", "symbol", "name", "type_id"...[0m
[0] [36mЁЯХТ 09:54:37 ЁЯРЫ DEBUG   ЁЯУК Drizzle PostgreSQL Query | SQL:select "id", "symbol", "name", "type_id"...[0m
[0] [36mЁЯХТ 09:54:37 ЁЯРЫ DEBUG   ЁЯФН PostgreSQL Query | SQL:select "id", "symbol", "name", "type_id"...[0m
[0] [36mЁЯХТ 09:54:37 ЁЯРЫ DEBUG   ЁЯУК Drizzle PostgreSQL Query | SQL:select "id", "symbol", "name", "type_id"...[0m
[0] [36mЁЯХТ 09:54:37 ЁЯРЫ DEBUG   ЁЯФН PostgreSQL Query | SQL:select "id", "symbol", "name", "type_id"...[0m
[0] [36mЁЯХТ 09:54:37 ЁЯРЫ DEBUG   ЁЯУК Drizzle PostgreSQL Query | SQL:select "id", "token_id", "base_token_id"...[0m
[0] [36mЁЯХТ 09:54:37 ЁЯРЫ DEBUG   ЁЯФН PostgreSQL Query | SQL:select "id", "token_id", "base_token_id"...[0m
[0] [36mЁЯХТ 09:54:38 ЁЯРЫ DEBUG   ЁЯУК Drizzle PostgreSQL Query | SQL:select "id", "token_id", "base_token_id"...[0m
[0] [36mЁЯХТ 09:54:38 ЁЯРЫ DEBUG   ЁЯФН PostgreSQL Query | SQL:select "id", "token_id", "base_token_id"...[0m
[0] [36mЁЯХТ 09:54:38 ЁЯРЫ DEBUG   ЁЯУК Drizzle PostgreSQL Query | SQL:select "id", "symbol", "name", "type_id"...[0m
[0] [36mЁЯХТ 09:54:38 ЁЯРЫ DEBUG   ЁЯФН PostgreSQL Query | SQL:select "id", "symbol", "name", "type_id"...[0m
[0] [36mЁЯХТ 09:54:38 ЁЯРЫ DEBUG   ЁЯУК Drizzle PostgreSQL Query | SQL:select "id", "symbol", "name", "type_id"...[0m
[0] [36mЁЯХТ 09:54:38 ЁЯРЫ DEBUG   ЁЯФН PostgreSQL Query | SQL:select "id", "symbol", "name", "type_id"...[0m
[0] [36mЁЯХТ 09:54:38 ЁЯРЫ DEBUG   ЁЯУК Drizzle PostgreSQL Query | SQL:select "id", "symbol", "name", "type_id"...[0m
[0] [36mЁЯХТ 09:54:38 ЁЯРЫ DEBUG   ЁЯФН PostgreSQL Query | SQL:select "id", "symbol", "name", "type_id"...[0m
[0] [36mЁЯХТ 09:54:38 ЁЯРЫ DEBUG   ЁЯУК Drizzle PostgreSQL Query | SQL:select "id", "symbol", "name", "type_id"...[0m
[0] [36mЁЯХТ 09:54:38 ЁЯРЫ DEBUG   ЁЯФН PostgreSQL Query | SQL:select "id", "symbol", "name", "type_id"...[0m
[0] [36mЁЯХТ 09:54:38 ЁЯРЫ DEBUG   ЁЯУК Drizzle PostgreSQL Query | SQL:select "id", "token_id", "base_token_id"...[0m
[0] [36mЁЯХТ 09:54:38 ЁЯРЫ DEBUG   ЁЯФН PostgreSQL Query | SQL:select "id", "token_id", "base_token_id"...[0m
[0] [36mЁЯХТ 09:54:38 ЁЯРЫ DEBUG   ЁЯУК Drizzle PostgreSQL Query | SQL:select "id", "token_id", "base_token_id"...[0m
[0] [36mЁЯХТ 09:54:38 ЁЯРЫ DEBUG   ЁЯФН PostgreSQL Query | SQL:select "id", "token_id", "base_token_id"...[0m
[0] [36mЁЯХТ 09:54:38 ЁЯРЫ DEBUG   ЁЯУК Drizzle PostgreSQL Query | SQL:select "id", "symbol", "name", "type_id"...[0m
[0] [36mЁЯХТ 09:54:38 ЁЯРЫ DEBUG   ЁЯФН PostgreSQL Query | SQL:select "id", "symbol", "name", "type_id"...[0m
[0] [36mЁЯХТ 09:54:38 ЁЯРЫ DEBUG   ЁЯУК Drizzle PostgreSQL Query | SQL:select "id", "symbol", "name", "type_id"...[0m
[0] [36mЁЯХТ 09:54:38 ЁЯРЫ DEBUG   ЁЯФН PostgreSQL Query | SQL:select "id", "symbol", "name", "type_id"...[0m
[0] [36mЁЯХТ 09:54:38 ЁЯРЫ DEBUG   ЁЯУК Drizzle PostgreSQL Query | SQL:select "id", "symbol", "name", "type_id"...[0m
[0] [36mЁЯХТ 09:54:38 ЁЯРЫ DEBUG   ЁЯФН PostgreSQL Query | SQL:select "id", "symbol", "name", "type_id"...[0m
[0] [36mЁЯХТ 09:54:38 ЁЯРЫ DEBUG   ЁЯУК Drizzle PostgreSQL Query | SQL:select "id", "symbol", "name", "type_id"...[0m
[0] [36mЁЯХТ 09:54:38 ЁЯРЫ DEBUG   ЁЯФН PostgreSQL Query | SQL:select "id", "symbol", "name", "type_id"...[0m
[0] [36mЁЯХТ 09:54:38 ЁЯРЫ DEBUG   ЁЯУК Drizzle PostgreSQL Query | SQL:select "id", "token_id", "base_token_id"...[0m
[0] [36mЁЯХТ 09:54:38 ЁЯРЫ DEBUG   ЁЯФН PostgreSQL Query | SQL:select "id", "token_id", "base_token_id"...[0m
[0] [36mЁЯХТ 09:54:38 ЁЯРЫ DEBUG   ЁЯУК Drizzle PostgreSQL Query | SQL:select "id", "symbol", "name", "type_id"...[0m
[0] [36mЁЯХТ 09:54:38 ЁЯРЫ DEBUG   ЁЯФН PostgreSQL Query | SQL:select "id", "symbol", "name", "type_id"...[0m
[0] [36mЁЯХТ 09:54:38 ЁЯРЫ DEBUG   ЁЯУК Drizzle PostgreSQL Query | SQL:select "id", "symbol", "name", "type_id"...[0m
[0] [36mЁЯХТ 09:54:38 ЁЯРЫ DEBUG   ЁЯФН PostgreSQL Query | SQL:select "id", "symbol", "name", "type_id"...[0m
[0] [36mЁЯХТ 09:54:38 ЁЯРЫ DEBUG   ЁЯУК Drizzle PostgreSQL Query | SQL:select "id", "token_id", "base_token_id"...[0m
[0] [36mЁЯХТ 09:54:38 ЁЯРЫ DEBUG   ЁЯФН PostgreSQL Query | SQL:select "id", "token_id", "base_token_id"...[0m
[0] [36mЁЯХТ 09:54:38 ЁЯРЫ DEBUG   ЁЯУК Drizzle PostgreSQL Query | SQL:select "id", "token_id", "base_token_id"...[0m
[0] [36mЁЯХТ 09:54:38 ЁЯРЫ DEBUG   ЁЯФН PostgreSQL Query | SQL:select "id", "token_id", "base_token_id"...[0m
[0] [36mЁЯХТ 09:54:38 ЁЯРЫ DEBUG   ЁЯУК Drizzle PostgreSQL Query | SQL:select "id", "symbol", "name", "type_id"...[0m
[0] [36mЁЯХТ 09:54:38 ЁЯРЫ DEBUG   ЁЯФН PostgreSQL Query | SQL:select "id", "symbol", "name", "type_id"...[0m
[0] [36mЁЯХТ 09:54:38 ЁЯРЫ DEBUG   ЁЯУК Drizzle PostgreSQL Query | SQL:select "id", "symbol", "name", "type_id"...[0m
[0] [36mЁЯХТ 09:54:38 ЁЯРЫ DEBUG   ЁЯФН PostgreSQL Query | SQL:select "id", "symbol", "name", "type_id"...[0m
[0] [36mЁЯХТ 09:54:38 ЁЯРЫ DEBUG   ЁЯУК Drizzle PostgreSQL Query | SQL:select "id", "symbol", "name", "type_id"...[0m
[0] [36mЁЯХТ 09:54:38 ЁЯРЫ DEBUG   ЁЯФН PostgreSQL Query | SQL:select "id", "symbol", "name", "type_id"...[0m
[0] [36mЁЯХТ 09:54:38 ЁЯРЫ DEBUG   ЁЯУК Drizzle PostgreSQL Query | SQL:select "id", "symbol", "name", "type_id"...[0m
[0] [36mЁЯХТ 09:54:38 ЁЯРЫ DEBUG   ЁЯФН PostgreSQL Query | SQL:select "id", "symbol", "name", "type_id"...[0m
[0] [36mЁЯХТ 09:54:39 ЁЯРЫ DEBUG   ЁЯУК Drizzle PostgreSQL Query | SQL:select "id", "token_id", "base_token_id"...[0m
[0] [36mЁЯХТ 09:54:39 ЁЯРЫ DEBUG   ЁЯФН PostgreSQL Query | SQL:select "id", "token_id", "base_token_id"...[0m
[0] [36mЁЯХТ 09:54:39 ЁЯРЫ DEBUG   ЁЯУК Drizzle PostgreSQL Query | SQL:select "id", "token_id", "base_token_id"...[0m
[0] [36mЁЯХТ 09:54:39 ЁЯРЫ DEBUG   ЁЯФН PostgreSQL Query | SQL:select "id", "token_id", "base_token_id"...[0m
[0] [36mЁЯХТ 09:54:39 ЁЯРЫ DEBUG   ЁЯУК Drizzle PostgreSQL Query | SQL:select "id", "symbol", "name", "type_id"...[0m
[0] [36mЁЯХТ 09:54:39 ЁЯРЫ DEBUG   ЁЯФН PostgreSQL Query | SQL:select "id", "symbol", "name", "type_id"...[0m
[0] [36mЁЯХТ 09:54:39 ЁЯРЫ DEBUG   ЁЯУК Drizzle PostgreSQL Query | SQL:select "id", "symbol", "name", "type_id"...[0m
[0] [36mЁЯХТ 09:54:39 ЁЯРЫ DEBUG   ЁЯФН PostgreSQL Query | SQL:select "id", "symbol", "name", "type_id"...[0m
[0] [36mЁЯХТ 09:54:39 ЁЯРЫ DEBUG   ЁЯУК Drizzle PostgreSQL Query | SQL:select "id", "symbol", "name", "type_id"...[0m
[0] [36mЁЯХТ 09:54:39 ЁЯРЫ DEBUG   ЁЯФН PostgreSQL Query | SQL:select "id", "symbol", "name", "type_id"...[0m
[0] [36mЁЯХТ 09:54:39 ЁЯРЫ DEBUG   ЁЯУК Drizzle PostgreSQL Query | SQL:select "id", "symbol", "name", "type_id"...[0m
[0] [36mЁЯХТ 09:54:39 ЁЯРЫ DEBUG   ЁЯФН PostgreSQL Query | SQL:select "id", "symbol", "name", "type_id"...[0m
[0] [36mЁЯХТ 09:54:39 ЁЯРЫ DEBUG   ЁЯУК Drizzle PostgreSQL Query | SQL:select "id", "token_id", "base_token_id"...[0m
[0] [36mЁЯХТ 09:54:39 ЁЯРЫ DEBUG   ЁЯФН PostgreSQL Query | SQL:select "id", "token_id", "base_token_id"...[0m
[0] [36mЁЯХТ 09:54:39 ЁЯРЫ DEBUG   ЁЯУК Drizzle PostgreSQL Query | SQL:select "id", "token_id", "base_token_id"...[0m
[0] [36mЁЯХТ 09:54:39 ЁЯРЫ DEBUG   ЁЯФН PostgreSQL Query | SQL:select "id", "token_id", "base_token_id"...[0m
[0] [36mЁЯХТ 09:54:39 ЁЯРЫ DEBUG   ЁЯУК Drizzle PostgreSQL Query | SQL:select "id", "symbol", "name", "type_id"...[0m
[0] [36mЁЯХТ 09:54:39 ЁЯРЫ DEBUG   ЁЯФН PostgreSQL Query | SQL:select "id", "symbol", "name", "type_id"...[0m
[0] [36mЁЯХТ 09:54:39 ЁЯРЫ DEBUG   ЁЯУК Drizzle PostgreSQL Query | SQL:select "id", "symbol", "name", "type_id"...[0m
[0] [36mЁЯХТ 09:54:39 ЁЯРЫ DEBUG   ЁЯФН PostgreSQL Query | SQL:select "id", "symbol", "name", "type_id"...[0m
[0] [36mЁЯХТ 09:54:39 ЁЯРЫ DEBUG   ЁЯУК Drizzle PostgreSQL Query | SQL:select "id", "symbol", "name", "type_id"...[0m
[0] [36mЁЯХТ 09:54:39 ЁЯРЫ DEBUG   ЁЯФН PostgreSQL Query | SQL:select "id", "symbol", "name", "type_id"...[0m
[0] [36mЁЯХТ 09:54:39 ЁЯРЫ DEBUG   ЁЯУК Drizzle PostgreSQL Query | SQL:select "id", "symbol", "name", "type_id"...[0m
[0] [36mЁЯХТ 09:54:39 ЁЯРЫ DEBUG   ЁЯФН PostgreSQL Query | SQL:select "id", "symbol", "name", "type_id"...[0m
[0] [36mЁЯХТ 09:54:39 ЁЯРЫ DEBUG   ЁЯУК Drizzle PostgreSQL Query | SQL:select "id", "token_id", "base_token_id"...[0m
[0] [36mЁЯХТ 09:54:39 ЁЯРЫ DEBUG   ЁЯФН PostgreSQL Query | SQL:select "id", "token_id", "base_token_id"...[0m
[0] [36mЁЯХТ 09:54:39 ЁЯРЫ DEBUG   ЁЯУК Drizzle PostgreSQL Query | SQL:select "id", "token_id", "base_token_id"...[0m
[0] [36mЁЯХТ 09:54:39 ЁЯРЫ DEBUG   ЁЯФН PostgreSQL Query | SQL:select "id", "token_id", "base_token_id"...[0m
[0] [36mЁЯХТ 09:54:39 ЁЯРЫ DEBUG   ЁЯУК Drizzle PostgreSQL Query | SQL:select "id", "symbol", "name", "type_id"...[0m
[0] [36mЁЯХТ 09:54:39 ЁЯРЫ DEBUG   ЁЯФН PostgreSQL Query | SQL:select "id", "symbol", "name", "type_id"...[0m
[0] [36mЁЯХТ 09:54:39 ЁЯРЫ DEBUG   ЁЯУК Drizzle PostgreSQL Query | SQL:select "id", "symbol", "name", "type_id"...[0m
[0] [36mЁЯХТ 09:54:39 ЁЯРЫ DEBUG   ЁЯФН PostgreSQL Query | SQL:select "id", "symbol", "name", "type_id"...[0m
[0] [36mЁЯХТ 09:54:39 ЁЯРЫ DEBUG   ЁЯУК Drizzle PostgreSQL Query | SQL:select "id", "symbol", "name", "type_id"...[0m
[0] [36mЁЯХТ 09:54:39 ЁЯРЫ DEBUG   ЁЯФН PostgreSQL Query | SQL:select "id", "symbol", "name", "type_id"...[0m
[0] [36mЁЯХТ 09:54:39 ЁЯРЫ DEBUG   ЁЯУК Drizzle PostgreSQL Query | SQL:select "id", "symbol", "name", "type_id"...[0m
[0] [36mЁЯХТ 09:54:39 ЁЯРЫ DEBUG   ЁЯФН PostgreSQL Query | SQL:select "id", "symbol", "name", "type_id"...[0m
[0] [36mЁЯХТ 09:54:39 ЁЯРЫ DEBUG   ЁЯУК Drizzle PostgreSQL Query | SQL:select "id", "token_id", "base_token_id"...[0m
[0] [36mЁЯХТ 09:54:39 ЁЯРЫ DEBUG   ЁЯФН PostgreSQL Query | SQL:select "id", "token_id", "base_token_id"...[0m
[0] [36mЁЯХТ 09:54:39 ЁЯРЫ DEBUG   ЁЯУК Drizzle PostgreSQL Query | SQL:select "id", "token_id", "base_token_id"...[0m
[0] [36mЁЯХТ 09:54:39 ЁЯРЫ DEBUG   ЁЯФН PostgreSQL Query | SQL:select "id", "token_id", "base_token_id"...[0m
[0] [36mЁЯХТ 09:54:39 ЁЯРЫ DEBUG   ЁЯУК Drizzle PostgreSQL Query | SQL:select "id", "symbol", "name", "type_id"...[0m
[0] [36mЁЯХТ 09:54:39 ЁЯРЫ DEBUG   ЁЯФН PostgreSQL Query | SQL:select "id", "symbol", "name", "type_id"...[0m
[0] [36mЁЯХТ 09:54:39 ЁЯРЫ DEBUG   ЁЯУК Drizzle PostgreSQL Query | SQL:select "id", "symbol", "name", "type_id"...[0m
[0] [36mЁЯХТ 09:54:39 ЁЯРЫ DEBUG   ЁЯФН PostgreSQL Query | SQL:select "id", "symbol", "name", "type_id"...[0m
[0] [36mЁЯХТ 09:54:40 ЁЯРЫ DEBUG   ЁЯУК Drizzle PostgreSQL Query | SQL:select "id", "symbol", "name", "type_id"...[0m
[0] [36mЁЯХТ 09:54:40 ЁЯРЫ DEBUG   ЁЯФН PostgreSQL Query | SQL:select "id", "symbol", "name", "type_id"...[0m
[0] [36mЁЯХТ 09:54:40 ЁЯРЫ DEBUG   ЁЯУК Drizzle PostgreSQL Query | SQL:select "id", "symbol", "name", "type_id"...[0m
[0] [36mЁЯХТ 09:54:40 ЁЯРЫ DEBUG   ЁЯФН PostgreSQL Query | SQL:select "id", "symbol", "name", "type_id"...[0m
[0] [36mЁЯХТ 09:54:40 ЁЯРЫ DEBUG   ЁЯУК Drizzle PostgreSQL Query | SQL:select "id", "token_id", "base_token_id"...[0m
[0] [36mЁЯХТ 09:54:40 ЁЯРЫ DEBUG   ЁЯФН PostgreSQL Query | SQL:select "id", "token_id", "base_token_id"...[0m
[0] [36mЁЯХТ 09:54:40 ЁЯРЫ DEBUG   ЁЯУК Drizzle PostgreSQL Query | SQL:select "id", "token_id", "base_token_id"...[0m
[0] [36mЁЯХТ 09:54:40 ЁЯРЫ DEBUG   ЁЯФН PostgreSQL Query | SQL:select "id", "token_id", "base_token_id"...[0m
[0] [36mЁЯХТ 09:54:40 ЁЯРЫ DEBUG   ЁЯУК Drizzle PostgreSQL Query | SQL:select "id", "symbol", "name", "type_id"...[0m
[0] [36mЁЯХТ 09:54:40 ЁЯРЫ DEBUG   ЁЯФН PostgreSQL Query | SQL:select "id", "symbol", "name", "type_id"...[0m
[0] [36mЁЯХТ 09:54:40 ЁЯРЫ DEBUG   ЁЯУК Drizzle PostgreSQL Query | SQL:select "id", "symbol", "name", "type_id"...[0m
[0] [36mЁЯХТ 09:54:40 ЁЯРЫ DEBUG   ЁЯФН PostgreSQL Query | SQL:select "id", "symbol", "name", "type_id"...[0m
[0] [36mЁЯХТ 09:54:40 ЁЯРЫ DEBUG   ЁЯУК Drizzle PostgreSQL Query | SQL:select "id", "symbol", "name", "type_id"...[0m
[0] [36mЁЯХТ 09:54:40 ЁЯРЫ DEBUG   ЁЯФН PostgreSQL Query | SQL:select "id", "symbol", "name", "type_id"...[0m
[0] [36mЁЯХТ 09:54:40 ЁЯРЫ DEBUG   ЁЯУК Drizzle PostgreSQL Query | SQL:select "id", "symbol", "name", "type_id"...[0m
[0] [36mЁЯХТ 09:54:40 ЁЯРЫ DEBUG   ЁЯФН PostgreSQL Query | SQL:select "id", "symbol", "name", "type_id"...[0m
[0] [36mЁЯХТ 09:54:40 ЁЯРЫ DEBUG   ЁЯУК Drizzle PostgreSQL Query | SQL:select "id", "token_id", "base_token_id"...[0m
[0] [36mЁЯХТ 09:54:40 ЁЯРЫ DEBUG   ЁЯФН PostgreSQL Query | SQL:select "id", "token_id", "base_token_id"...[0m
[0] [36mЁЯХТ 09:54:40 ЁЯРЫ DEBUG   ЁЯУК Drizzle PostgreSQL Query | SQL:select "id", "token_id", "base_token_id"...[0m
[0] [36mЁЯХТ 09:54:40 ЁЯРЫ DEBUG   ЁЯФН PostgreSQL Query | SQL:select "id", "token_id", "base_token_id"...[0m
[0] [36mЁЯХТ 09:54:40 ЁЯРЫ DEBUG   ЁЯУК Drizzle PostgreSQL Query | SQL:select "id", "symbol", "name", "type_id"...[0m
[0] [36mЁЯХТ 09:54:40 ЁЯРЫ DEBUG   ЁЯФН PostgreSQL Query | SQL:select "id", "symbol", "name", "type_id"...[0m
[0] [36mЁЯХТ 09:54:40 ЁЯРЫ DEBUG   ЁЯУК Drizzle PostgreSQL Query | SQL:select "id", "symbol", "name", "type_id"...[0m
[0] [36mЁЯХТ 09:54:40 ЁЯРЫ DEBUG   ЁЯФН PostgreSQL Query | SQL:select "id", "symbol", "name", "type_id"...[0m
[0] [36mЁЯХТ 09:54:40 ЁЯРЫ DEBUG   ЁЯУК Drizzle PostgreSQL Query | SQL:select "id", "symbol", "name", "type_id"...[0m
[0] [36mЁЯХТ 09:54:40 ЁЯРЫ DEBUG   ЁЯФН PostgreSQL Query | SQL:select "id", "symbol", "name", "type_id"...[0m
[0] [36mЁЯХТ 09:54:40 ЁЯРЫ DEBUG   ЁЯУК Drizzle PostgreSQL Query | SQL:select "id", "code", "name", "descriptio...[0m
[0] [36mЁЯХТ 09:54:40 ЁЯРЫ DEBUG   ЁЯФН PostgreSQL Query | SQL:select "id", "code", "name", "descriptio...[0m
[0] [36mЁЯХТ 09:54:40 ЁЯРЫ DEBUG   ЁЯУК Drizzle PostgreSQL Query | SQL:select "id", "token_id", "base_token_id"...[0m
[0] [36mЁЯХТ 09:54:40 ЁЯРЫ DEBUG   ЁЯФН PostgreSQL Query | SQL:select "id", "token_id", "base_token_id"...[0m
[0] [36mЁЯХТ 09:54:40 ЁЯРЫ DEBUG   ЁЯУК Drizzle PostgreSQL Query | SQL:select "id", "symbol", "name", "type_id"...[0m
[0] [36mЁЯХТ 09:54:40 ЁЯРЫ DEBUG   ЁЯФН PostgreSQL Query | SQL:select "id", "symbol", "name", "type_id"...[0m
[0] [36mЁЯХТ 09:54:40 ЁЯРЫ DEBUG   ЁЯУК Drizzle PostgreSQL Query | SQL:select "id", "code", "name", "descriptio...[0m
[0] [36mЁЯХТ 09:54:40 ЁЯРЫ DEBUG   ЁЯФН PostgreSQL Query | SQL:select "id", "code", "name", "descriptio...[0m
[0] Failed to fetch profile for XEQT.TO: 403 Forbidden
[0] Failed to fetch profile for XEQT.TO: 403 Forbidden
[0] Failed to fetch price for XEQT.TO/USD: Error: Finnhub API error for XEQT.TO: 403 Forbidden. {"error":"You don't have access to this resource."}. Using price 0.
[0] [36mЁЯХТ 09:54:41 ЁЯРЫ DEBUG   ЁЯУК Drizzle PostgreSQL Query | SQL:select "id", "symbol", "name", "type_id"...[0m
[0] [36mЁЯХТ 09:54:41 ЁЯРЫ DEBUG   ЁЯФН PostgreSQL Query | SQL:select "id", "symbol", "name", "type_id"...[0m
[0] [36mЁЯХТ 09:54:41 ЁЯРЫ DEBUG   ЁЯУК Drizzle PostgreSQL Query | SQL:select "id", "symbol", "name", "type_id"...[0m
[0] [36mЁЯХТ 09:54:41 ЁЯРЫ DEBUG   ЁЯФН PostgreSQL Query | SQL:select "id", "symbol", "name", "type_id"...[0m
[0] [36mЁЯХТ 09:54:41 ЁЯРЫ DEBUG   ЁЯУК Drizzle PostgreSQL Query | SQL:select "id", "token_id", "base_token_id"...[0m
[0] [36mЁЯХТ 09:54:41 ЁЯРЫ DEBUG   ЁЯФН PostgreSQL Query | SQL:select "id", "token_id", "base_token_id"...[0m
[0] Failed to fetch price for XEQT.TO/USD: Error: Finnhub API error for XEQT.TO: 403 Forbidden. {"error":"You don't have access to this resource."}. Using price 0.
[0] [36mЁЯХТ 09:54:41 ЁЯРЫ DEBUG   ЁЯУК Drizzle PostgreSQL Query | SQL:select "id", "symbol", "name", "type_id"...[0m
[0] [36mЁЯХТ 09:54:41 ЁЯРЫ DEBUG   ЁЯФН PostgreSQL Query | SQL:select "id", "symbol", "name", "type_id"...[0m
[0] [36mЁЯХТ 09:54:41 ЁЯРЫ DEBUG   ЁЯУК Drizzle PostgreSQL Query | SQL:select "id", "symbol", "name", "type_id"...[0m
[0] [36mЁЯХТ 09:54:41 ЁЯРЫ DEBUG   ЁЯФН PostgreSQL Query | SQL:select "id", "symbol", "name", "type_id"...[0m
[0] [36mЁЯХТ 09:54:41 ЁЯРЫ DEBUG   ЁЯУК Drizzle PostgreSQL Query | SQL:select "id", "symbol", "name", "type_id"...[0m
[0] [36mЁЯХТ 09:54:41 ЁЯРЫ DEBUG   ЁЯФН PostgreSQL Query | SQL:select "id", "symbol", "name", "type_id"...[0m
[0] [36mЁЯХТ 09:54:41 ЁЯРЫ DEBUG   ЁЯУК Drizzle PostgreSQL Query | SQL:select "id", "code", "name", "descriptio...[0m
[0] [36mЁЯХТ 09:54:41 ЁЯРЫ DEBUG   ЁЯФН PostgreSQL Query | SQL:select "id", "code", "name", "descriptio...[0m
[0] [36mЁЯХТ 09:54:41 ЁЯРЫ DEBUG   ЁЯУК Drizzle PostgreSQL Query | SQL:select "id", "token_id", "base_token_id"...[0m
[0] [36mЁЯХТ 09:54:41 ЁЯРЫ DEBUG   ЁЯФН PostgreSQL Query | SQL:select "id", "token_id", "base_token_id"...[0m
[0] [36mЁЯХТ 09:54:41 ЁЯРЫ DEBUG   ЁЯУК Drizzle PostgreSQL Query | SQL:select "id", "symbol", "name", "type_id"...[0m
[0] [36mЁЯХТ 09:54:41 ЁЯРЫ DEBUG   ЁЯФН PostgreSQL Query | SQL:select "id", "symbol", "name", "type_id"...[0m
[0] [36mЁЯХТ 09:54:42 ЁЯРЫ DEBUG   ЁЯУК Drizzle PostgreSQL Query | SQL:select "id", "code", "name", "descriptio...[0m
[0] [36mЁЯХТ 09:54:42 ЁЯРЫ DEBUG   ЁЯФН PostgreSQL Query | SQL:select "id", "code", "name", "descriptio...[0m
[0] Failed to fetch profile for XUU.TO: 403 Forbidden
[0] Failed to fetch profile for XUU.TO: 403 Forbidden
[0] Failed to fetch price for XUU.TO/USD: Error: Finnhub API error for XUU.TO: 403 Forbidden. {"error":"You don't have access to this resource."}. Using price 0.
[0] [36mЁЯХТ 09:54:42 ЁЯРЫ DEBUG   ЁЯУК Drizzle PostgreSQL Query | SQL:select "id", "symbol", "name", "type_id"...[0m
[0] [36mЁЯХТ 09:54:42 ЁЯРЫ DEBUG   ЁЯФН PostgreSQL Query | SQL:select "id", "symbol", "name", "type_id"...[0m
[0] [36mЁЯХТ 09:54:42 ЁЯРЫ DEBUG   ЁЯУК Drizzle PostgreSQL Query | SQL:select "id", "symbol", "name", "type_id"...[0m
[0] [36mЁЯХТ 09:54:42 ЁЯРЫ DEBUG   ЁЯФН PostgreSQL Query | SQL:select "id", "symbol", "name", "type_id"...[0m
[0] Failed to fetch price for XUU.TO/USD: Error: Finnhub API error for XUU.TO: 403 Forbidden. {"error":"You don't have access to this resource."}. Using price 0.
[0] [36mЁЯХТ 09:54:42 ЁЯРЫ DEBUG   ЁЯУК Drizzle PostgreSQL Query | SQL:select "id", "symbol", "name", "type_id"...[0m
[0] [36mЁЯХТ 09:54:42 ЁЯРЫ DEBUG   ЁЯФН PostgreSQL Query | SQL:select "id", "symbol", "name", "type_id"...[0m
[0] [36mЁЯХТ 09:54:42 ЁЯРЫ DEBUG   ЁЯУК Drizzle PostgreSQL Query | SQL:select "id", "token_id", "base_token_id"...[0m
[0] [36mЁЯХТ 09:54:42 ЁЯРЫ DEBUG   ЁЯФН PostgreSQL Query | SQL:select "id", "token_id", "base_token_id"...[0m
[0] [36mЁЯХТ 09:54:42 ЁЯРЫ DEBUG   ЁЯУК Drizzle PostgreSQL Query | SQL:select "id", "symbol", "name", "type_id"...[0m
[0] [36mЁЯХТ 09:54:42 ЁЯРЫ DEBUG   ЁЯФН PostgreSQL Query | SQL:select "id", "symbol", "name", "type_id"...[0m
[0] [32mЁЯХТ 09:54:42 ЁЯУЭ INFO    тЬЕ Procedure completed successfully: users.getPortfolioValue | тП▒я╕П 5514.188667ms[0m
[0] [36mЁЯХТ 09:54:42 ЁЯРЫ DEBUG   ЁЯУК Drizzle PostgreSQL Query | SQL:select "id", "token_id", "base_token_id"...[0m
[0] [36mЁЯХТ 09:54:42 ЁЯРЫ DEBUG   ЁЯФН PostgreSQL Query | SQL:select "id", "token_id", "base_token_id"...[0m
[0] [32mЁЯХТ 09:54:42 ЁЯУЭ INFO    тЬЕ Procedure completed successfully: holdings.getUnpriceableTokens | тП▒я╕П 5610.536458ms[0m
[0] [32mЁЯХТ 09:54:42 ЁЯУЭ INFO   {076iljl6} тЬЕ HTTP Response sent successfully | GET http://localhost:3001/trpc/institutions.getByUserId,institutionTypes.getAll,accounts.getAll,users.getPortfolioValue,holdings.getAll,tokens.getByUserId,users.getBaseCurrency,holdings.getUnpriceableTokens?batch=1&input=%7B%7D | тП▒я╕П 6227.2815ms | ЁЯЯв200[0m
[0] [32mЁЯХТ 09:54:45 ЁЯУЭ INFO    ЁЯЫС Graceful shutdown initiated[0m
[0] [32mЁЯХТ 09:54:45 ЁЯУЭ INFO    undefined[0m
[0] [32mЁЯХТ 09:54:45 ЁЯУЭ INFO    undefined[0m
[0] [32mЁЯХТ 09:54:45 ЁЯУЭ INFO    undefined[0m
[0] cd apps/backend && bun dev exited with code 0
[1] cd apps/frontend && bun dev exited with code SIGINT
