[0] $ LOG_LEVEL=debug LOG_PRETTY=true bun run --watch src/index.ts
[1] $ vite
[0] [32m🕒 09:59:50 📝 INFO    🐘 Connected to PostgreSQL database[0m
[0] [32m🕒 09:59:50 📝 INFO    🚀 Starting Scani Backend Server[0m
[0] [32m🕒 09:59:50 📝 INFO    🔌 WebSocket server initializing[0m
[0] [32m🕒 09:59:50 📝 INFO    🎉 Scani Backend Server started successfully[0m
[1] 
[1]   VITE v5.4.20  ready in 164 ms
[1] 
[1]   ➜  Local:   http://localhost:5173/
[1]   ➜  Network: http://192.168.0.67:5173/
[1]   ➜  Network: http://198.19.249.3:5173/
[1]   ➜  Network: http://192.168.117.0:5173/
[1]   ➜  Network: http://192.168.155.0:5173/
[0] [32m🕒 09:59:54 📝 INFO   {b8qwf8ll} 📨 HTTP Request received | OPTIONS http://localhost:3001/trpc/transactions.getAll,accounts.getAll,holdings.getAll,tokens.getAll,users.getCurrent,transactionTypes.getAll,holdings.getUnpriceableTokens?batch=1&input=%7B%7D[0m
[0] [32m🕒 09:59:54 📝 INFO   {b8qwf8ll} ✅ HTTP Response sent successfully | OPTIONS http://localhost:3001/trpc/transactions.getAll,accounts.getAll,holdings.getAll,tokens.getAll,users.getCurrent,transactionTypes.getAll,holdings.getUnpriceableTokens?batch=1&input=%7B%7D | ⏱️ 0.781ms | 🟢200[0m
[0] [32m🕒 09:59:54 📝 INFO   {tupyu52g} 📨 HTTP Request received | GET http://localhost:3001/trpc/transactions.getAll,accounts.getAll,holdings.getAll,tokens.getAll,users.getCurrent,transactionTypes.getAll,holdings.getUnpriceableTokens?batch=1&input=%7B%7D[0m
[0] [32m🕒 09:59:54 📝 INFO   {oljx2k58} 🔄 Incoming tRPC request | GET http://localhost:3001/trpc/transactions.getAll,accounts.getAll,holdings.getAll,tokens.getAll,users.getCurrent,transactionTypes.getAll,holdings.getUnpriceableTokens?batch=1&input=%7B%7D[0m
[0] [36m🕒 09:59:54 🐛 DEBUG   📊 Drizzle PostgreSQL Query | SQL:select "id", "email", "name", "avatar", ...[0m
[0] [36m🕒 09:59:54 🐛 DEBUG   🔍 PostgreSQL Query | SQL:
[0]       select b.oid, b.typarray
[0]       fr...[0m
[0] [36m🕒 09:59:54 🐛 DEBUG   🔍 PostgreSQL Query | SQL:select "id", "email", "name", "avatar", ...[0m
[0] [36m🕒 09:59:54 🐛 DEBUG   ⚡ Starting query procedure: transactions.getAll[0m
[0] [36m🕒 09:59:54 🐛 DEBUG   ⚡ Starting query procedure: accounts.getAll[0m
[0] [36m🕒 09:59:54 🐛 DEBUG   ⚡ Starting query procedure: holdings.getAll[0m
[0] [36m🕒 09:59:54 🐛 DEBUG   ⚡ Starting query procedure: tokens.getAll[0m
[0] [36m🕒 09:59:54 🐛 DEBUG   ⚡ Starting query procedure: users.getCurrent[0m
[0] [36m🕒 09:59:54 🐛 DEBUG   ⚡ Starting query procedure: transactionTypes.getAll[0m
[0] [36m🕒 09:59:54 🐛 DEBUG   ⚡ Starting query procedure: holdings.getUnpriceableTokens[0m
[0] [36m🕒 09:59:54 🐛 DEBUG   📊 Drizzle PostgreSQL Query | SQL:select "id", "symbol", "name" from "toke...[0m
[0] [36m🕒 09:59:54 🐛 DEBUG   📊 Drizzle PostgreSQL Query | SQL:select "accounts"."id", "accounts"."inst...[0m
[0] [36m🕒 09:59:54 🐛 DEBUG   📊 Drizzle PostgreSQL Query | SQL:select "id", "user_id", "account_id", "t...[0m
[0] [36m🕒 09:59:54 🐛 DEBUG   📊 Drizzle PostgreSQL Query | SQL:select "tokens"."id", "tokens"."symbol",...[0m
[0] [36m🕒 09:59:54 🐛 DEBUG   📊 Drizzle PostgreSQL Query | SQL:select "id", "code", "name", "descriptio...[0m
[0] [36m🕒 09:59:54 🐛 DEBUG   📊 Drizzle PostgreSQL Query | SQL:select "users"."id", "users"."base_curre...[0m
[0] [36m🕒 09:59:54 🐛 DEBUG   🔍 PostgreSQL Query | SQL:select "id", "symbol", "name" from "toke...[0m
[0] [32m🕒 09:59:54 📝 INFO    ✅ Procedure completed successfully: users.getCurrent | ⏱️ 8.690834ms[0m
[0] [36m🕒 09:59:55 🐛 DEBUG   📊 Drizzle PostgreSQL Query | SQL:select "transactions"."id", "transaction...[0m
[0] [36m🕒 09:59:55 🐛 DEBUG   🔍 PostgreSQL Query | SQL:select "transactions"."id", "transaction...[0m
[0] [36m🕒 09:59:55 🐛 DEBUG   🔍 PostgreSQL Query | SQL:
[0]       select b.oid, b.typarray
[0]       fr...[0m
[0] [36m🕒 09:59:55 🐛 DEBUG   📊 Drizzle PostgreSQL Query | SQL:select "id", "symbol", "name", "type_id"...[0m
[0] [36m🕒 09:59:55 🐛 DEBUG   📊 Drizzle PostgreSQL Query | SQL:select "id", "symbol", "name", "type_id"...[0m
[0] [36m🕒 09:59:55 🐛 DEBUG   📊 Drizzle PostgreSQL Query | SQL:select "id", "symbol", "name", "type_id"...[0m
[0] [36m🕒 09:59:55 🐛 DEBUG   📊 Drizzle PostgreSQL Query | SQL:select "id", "symbol", "name", "type_id"...[0m
[0] [36m🕒 09:59:55 🐛 DEBUG   📊 Drizzle PostgreSQL Query | SQL:select "id", "symbol", "name", "type_id"...[0m
[0] [36m🕒 09:59:55 🐛 DEBUG   📊 Drizzle PostgreSQL Query | SQL:select "id", "symbol", "name", "type_id"...[0m
[0] [36m🕒 09:59:55 🐛 DEBUG   📊 Drizzle PostgreSQL Query | SQL:select "id", "symbol", "name", "type_id"...[0m
[0] [36m🕒 09:59:55 🐛 DEBUG   📊 Drizzle PostgreSQL Query | SQL:select "id", "symbol", "name", "type_id"...[0m
[0] [36m🕒 09:59:55 🐛 DEBUG   📊 Drizzle PostgreSQL Query | SQL:select "id", "symbol", "name", "type_id"...[0m
[0] [36m🕒 09:59:55 🐛 DEBUG   📊 Drizzle PostgreSQL Query | SQL:select "id", "symbol", "name", "type_id"...[0m
[0] [36m🕒 09:59:55 🐛 DEBUG   📊 Drizzle PostgreSQL Query | SQL:select "id", "symbol", "name", "type_id"...[0m
[0] [36m🕒 09:59:55 🐛 DEBUG   📊 Drizzle PostgreSQL Query | SQL:select "id", "symbol", "name", "type_id"...[0m
[0] [36m🕒 09:59:55 🐛 DEBUG   🔍 PostgreSQL Query | SQL:select "id", "symbol", "name", "type_id"...[0m
[0] [36m🕒 09:59:55 🐛 DEBUG   🔍 PostgreSQL Query | SQL:
[0]       select b.oid, b.typarray
[0]       fr...[0m
[0] [36m🕒 09:59:55 🐛 DEBUG   🔍 PostgreSQL Query | SQL:
[0]       select b.oid, b.typarray
[0]       fr...[0m
[0] [36m🕒 09:59:55 🐛 DEBUG   🔍 PostgreSQL Query | SQL:
[0]       select b.oid, b.typarray
[0]       fr...[0m
[0] [36m🕒 09:59:55 🐛 DEBUG   🔍 PostgreSQL Query | SQL:
[0]       select b.oid, b.typarray
[0]       fr...[0m
[0] [36m🕒 09:59:55 🐛 DEBUG   🔍 PostgreSQL Query | SQL:select "tokens"."id", "tokens"."symbol",...[0m
[0] [36m🕒 09:59:55 🐛 DEBUG   🔍 PostgreSQL Query | SQL:select "id", "user_id", "account_id", "t...[0m
[0] [36m🕒 09:59:55 🐛 DEBUG   🔍 PostgreSQL Query | SQL:select "accounts"."id", "accounts"."inst...[0m
[0] [36m🕒 09:59:55 🐛 DEBUG   🔍 PostgreSQL Query | SQL:select "id", "code", "name", "descriptio...[0m
[0] [36m🕒 09:59:55 🐛 DEBUG   🔍 PostgreSQL Query | SQL:select "id", "symbol", "name", "type_id"...[0m
[0] [36m🕒 09:59:55 🐛 DEBUG   📊 Drizzle PostgreSQL Query | SQL:select "id", "symbol", "name", "type_id"...[0m
[0] [36m🕒 09:59:55 🐛 DEBUG   🔍 PostgreSQL Query | SQL:select "users"."id", "users"."base_curre...[0m
[0] [36m🕒 09:59:55 🐛 DEBUG   🔍 PostgreSQL Query | SQL:select "id", "symbol", "name", "type_id"...[0m
[0] [32m🕒 09:59:55 📝 INFO    ✅ Procedure completed successfully: holdings.getAll | ⏱️ 356.404333ms[0m
[0] [36m🕒 09:59:55 🐛 DEBUG   🔍 PostgreSQL Query | SQL:select "id", "symbol", "name", "type_id"...[0m
[0] [32m🕒 09:59:55 📝 INFO    ✅ Procedure completed successfully: accounts.getAll | ⏱️ 359.991625ms[0m
[0] [36m🕒 09:59:55 🐛 DEBUG   🔍 PostgreSQL Query | SQL:select "id", "symbol", "name", "type_id"...[0m
[0] [32m🕒 09:59:55 📝 INFO    ✅ Procedure completed successfully: transactionTypes.getAll | ⏱️ 364.374ms[0m
[0] [36m🕒 09:59:55 🐛 DEBUG   🔍 PostgreSQL Query | SQL:select "id", "symbol", "name", "type_id"...[0m
[0] [36m🕒 09:59:55 🐛 DEBUG   📊 Drizzle PostgreSQL Query | SQL:select "id", "symbol", "name", "type_id"...[0m
[0] [36m🕒 09:59:55 🐛 DEBUG   🔍 PostgreSQL Query | SQL:
[0]       select b.oid, b.typarray
[0]       fr...[0m
[0] [36m🕒 09:59:55 🐛 DEBUG   🔍 PostgreSQL Query | SQL:select "id", "symbol", "name", "type_id"...[0m
[0] [36m🕒 09:59:55 🐛 DEBUG   📊 Drizzle PostgreSQL Query | SQL:select "holdings"."balance", "tokens"."i...[0m
[0] [36m🕒 09:59:55 🐛 DEBUG   🔍 PostgreSQL Query | SQL:
[0]       select b.oid, b.typarray
[0]       fr...[0m
[0] [36m🕒 09:59:55 🐛 DEBUG   🔍 PostgreSQL Query | SQL:
[0]       select b.oid, b.typarray
[0]       fr...[0m
[0] [36m🕒 09:59:55 🐛 DEBUG   🔍 PostgreSQL Query | SQL:
[0]       select b.oid, b.typarray
[0]       fr...[0m
[0] [36m🕒 09:59:55 🐛 DEBUG   🔍 PostgreSQL Query | SQL:select "id", "symbol", "name", "type_id"...[0m
[0] [32m🕒 09:59:55 📝 INFO    ✅ Procedure completed successfully: tokens.getAll | ⏱️ 399.364833ms[0m
[0] [36m🕒 09:59:55 🐛 DEBUG   🔍 PostgreSQL Query | SQL:select "id", "symbol", "name", "type_id"...[0m
[0] [36m🕒 09:59:55 🐛 DEBUG   🔍 PostgreSQL Query | SQL:select "id", "symbol", "name", "type_id"...[0m
[0] [36m🕒 09:59:55 🐛 DEBUG   🔍 PostgreSQL Query | SQL:select "id", "symbol", "name", "type_id"...[0m
[0] [36m🕒 09:59:55 🐛 DEBUG   🔍 PostgreSQL Query | SQL:select "id", "symbol", "name", "type_id"...[0m
[0] [36m🕒 09:59:55 🐛 DEBUG   🔍 PostgreSQL Query | SQL:select "id", "symbol", "name", "type_id"...[0m
[0] [36m🕒 09:59:55 🐛 DEBUG   📊 Drizzle PostgreSQL Query | SQL:select "id", "symbol", "name", "type_id"...[0m
[0] [36m🕒 09:59:55 🐛 DEBUG   🔍 PostgreSQL Query | SQL:select "id", "symbol", "name", "type_id"...[0m
[0] [36m🕒 09:59:55 🐛 DEBUG   📊 Drizzle PostgreSQL Query | SQL:select "id", "symbol", "name", "type_id"...[0m
[0] [36m🕒 09:59:55 🐛 DEBUG   🔍 PostgreSQL Query | SQL:select "holdings"."balance", "tokens"."i...[0m
[0] [36m🕒 09:59:55 🐛 DEBUG   📊 Drizzle PostgreSQL Query | SQL:select "id", "symbol", "name", "type_id"...[0m
[0] [36m🕒 09:59:55 🐛 DEBUG   🔍 PostgreSQL Query | SQL:select "id", "symbol", "name", "type_id"...[0m
[0] [36m🕒 09:59:55 🐛 DEBUG   📊 Drizzle PostgreSQL Query | SQL:select "id", "symbol", "name", "type_id"...[0m
[0] [36m🕒 09:59:55 🐛 DEBUG   🔍 PostgreSQL Query | SQL:select "id", "symbol", "name", "type_id"...[0m
[0] [36m🕒 09:59:55 🐛 DEBUG   📊 Drizzle PostgreSQL Query | SQL:select "id", "symbol", "name", "type_id"...[0m
[0] [36m🕒 09:59:55 🐛 DEBUG   🔍 PostgreSQL Query | SQL:select "id", "symbol", "name", "type_id"...[0m
[0] [36m🕒 09:59:55 🐛 DEBUG   📊 Drizzle PostgreSQL Query | SQL:select "id", "symbol", "name", "type_id"...[0m
[0] [36m🕒 09:59:55 🐛 DEBUG   🔍 PostgreSQL Query | SQL:select "id", "symbol", "name", "type_id"...[0m
[0] [36m🕒 09:59:55 🐛 DEBUG   📊 Drizzle PostgreSQL Query | SQL:select "id", "symbol", "name", "type_id"...[0m
[0] [36m🕒 09:59:55 🐛 DEBUG   🔍 PostgreSQL Query | SQL:select "id", "symbol", "name", "type_id"...[0m
[0] [36m🕒 09:59:55 🐛 DEBUG   📊 Drizzle PostgreSQL Query | SQL:select "id", "symbol", "name", "type_id"...[0m
[0] [36m🕒 09:59:55 🐛 DEBUG   🔍 PostgreSQL Query | SQL:select "id", "symbol", "name", "type_id"...[0m
[0] [36m🕒 09:59:55 🐛 DEBUG   📊 Drizzle PostgreSQL Query | SQL:select "id", "symbol", "name", "type_id"...[0m
[0] [36m🕒 09:59:55 🐛 DEBUG   🔍 PostgreSQL Query | SQL:select "id", "symbol", "name", "type_id"...[0m
[0] [36m🕒 09:59:55 🐛 DEBUG   📊 Drizzle PostgreSQL Query | SQL:select "id", "symbol", "name", "type_id"...[0m
[0] [36m🕒 09:59:55 🐛 DEBUG   🔍 PostgreSQL Query | SQL:select "id", "symbol", "name", "type_id"...[0m
[0] [36m🕒 09:59:55 🐛 DEBUG   📊 Drizzle PostgreSQL Query | SQL:select "id", "token_id", "base_token_id"...[0m
[0] [36m🕒 09:59:55 🐛 DEBUG   🔍 PostgreSQL Query | SQL:select "id", "symbol", "name", "type_id"...[0m
[0] [36m🕒 09:59:55 🐛 DEBUG   📊 Drizzle PostgreSQL Query | SQL:select "id", "token_id", "base_token_id"...[0m
[0] [36m🕒 09:59:55 🐛 DEBUG   🔍 PostgreSQL Query | SQL:select "id", "symbol", "name", "type_id"...[0m
[0] [36m🕒 09:59:55 🐛 DEBUG   📊 Drizzle PostgreSQL Query | SQL:select "id", "symbol", "name", "type_id"...[0m
[0] [36m🕒 09:59:55 🐛 DEBUG   🔍 PostgreSQL Query | SQL:select "id", "token_id", "base_token_id"...[0m
[0] [36m🕒 09:59:55 🐛 DEBUG   📊 Drizzle PostgreSQL Query | SQL:select "id", "token_id", "base_token_id"...[0m
[0] [36m🕒 09:59:55 🐛 DEBUG   🔍 PostgreSQL Query | SQL:select "id", "token_id", "base_token_id"...[0m
[0] [36m🕒 09:59:55 🐛 DEBUG   📊 Drizzle PostgreSQL Query | SQL:select "id", "token_id", "base_token_id"...[0m
[0] [36m🕒 09:59:55 🐛 DEBUG   🔍 PostgreSQL Query | SQL:select "id", "symbol", "name", "type_id"...[0m
[0] [36m🕒 09:59:55 🐛 DEBUG   📊 Drizzle PostgreSQL Query | SQL:select "id", "token_id", "base_token_id"...[0m
[0] [36m🕒 09:59:55 🐛 DEBUG   🔍 PostgreSQL Query | SQL:select "id", "token_id", "base_token_id"...[0m
[0] [36m🕒 09:59:55 🐛 DEBUG   📊 Drizzle PostgreSQL Query | SQL:select "id", "token_id", "base_token_id"...[0m
[0] [36m🕒 09:59:55 🐛 DEBUG   🔍 PostgreSQL Query | SQL:select "id", "token_id", "base_token_id"...[0m
[0] [36m🕒 09:59:55 🐛 DEBUG   📊 Drizzle PostgreSQL Query | SQL:select "id", "token_id", "base_token_id"...[0m
[0] [36m🕒 09:59:55 🐛 DEBUG   🔍 PostgreSQL Query | SQL:select "id", "token_id", "base_token_id"...[0m
[0] [36m🕒 09:59:55 🐛 DEBUG   📊 Drizzle PostgreSQL Query | SQL:select "id", "token_id", "base_token_id"...[0m
[0] [36m🕒 09:59:55 🐛 DEBUG   🔍 PostgreSQL Query | SQL:select "id", "token_id", "base_token_id"...[0m
[0] [36m🕒 09:59:55 🐛 DEBUG   📊 Drizzle PostgreSQL Query | SQL:select "id", "token_id", "base_token_id"...[0m
[0] [36m🕒 09:59:55 🐛 DEBUG   🔍 PostgreSQL Query | SQL:select "id", "token_id", "base_token_id"...[0m
[0] [36m🕒 09:59:55 🐛 DEBUG   📊 Drizzle PostgreSQL Query | SQL:select "id", "token_id", "base_token_id"...[0m
[0] [36m🕒 09:59:55 🐛 DEBUG   🔍 PostgreSQL Query | SQL:select "id", "token_id", "base_token_id"...[0m
[0] [36m🕒 09:59:55 🐛 DEBUG   📊 Drizzle PostgreSQL Query | SQL:select "id", "token_id", "base_token_id"...[0m
[0] [36m🕒 09:59:55 🐛 DEBUG   🔍 PostgreSQL Query | SQL:select "id", "token_id", "base_token_id"...[0m
[0] [36m🕒 09:59:55 🐛 DEBUG   📊 Drizzle PostgreSQL Query | SQL:select "id", "token_id", "base_token_id"...[0m
[0] [36m🕒 09:59:55 🐛 DEBUG   🔍 PostgreSQL Query | SQL:select "id", "token_id", "base_token_id"...[0m
[0] [36m🕒 09:59:55 🐛 DEBUG   🔍 PostgreSQL Query | SQL:select "id", "token_id", "base_token_id"...[0m
[0] [36m🕒 09:59:55 🐛 DEBUG   🔍 PostgreSQL Query | SQL:select "id", "token_id", "base_token_id"...[0m
[0] [36m🕒 09:59:55 🐛 DEBUG   📊 Drizzle PostgreSQL Query | SQL:select "id", "symbol", "name", "type_id"...[0m
[0] [36m🕒 09:59:55 🐛 DEBUG   🔍 PostgreSQL Query | SQL:select "id", "symbol", "name", "type_id"...[0m
[0] [36m🕒 09:59:55 🐛 DEBUG   📊 Drizzle PostgreSQL Query | SQL:select "id", "symbol", "name", "type_id"...[0m
[0] [36m🕒 09:59:55 🐛 DEBUG   🔍 PostgreSQL Query | SQL:select "id", "symbol", "name", "type_id"...[0m
[0] [36m🕒 09:59:55 🐛 DEBUG   📊 Drizzle PostgreSQL Query | SQL:select "id", "token_id", "base_token_id"...[0m
[0] [36m🕒 09:59:55 🐛 DEBUG   🔍 PostgreSQL Query | SQL:select "id", "token_id", "base_token_id"...[0m
[0] [36m🕒 09:59:55 🐛 DEBUG   📊 Drizzle PostgreSQL Query | SQL:select "id", "symbol", "name", "type_id"...[0m
[0] [36m🕒 09:59:55 🐛 DEBUG   🔍 PostgreSQL Query | SQL:select "id", "symbol", "name", "type_id"...[0m
[0] [36m🕒 09:59:55 🐛 DEBUG   📊 Drizzle PostgreSQL Query | SQL:select "id", "code", "name", "descriptio...[0m
[0] [36m🕒 09:59:55 🐛 DEBUG   🔍 PostgreSQL Query | SQL:select "id", "code", "name", "descriptio...[0m
[0] [36m🕒 09:59:55 🐛 DEBUG   📊 Drizzle PostgreSQL Query | SQL:select "id", "symbol", "name", "type_id"...[0m
[0] [36m🕒 09:59:55 🐛 DEBUG   🔍 PostgreSQL Query | SQL:select "id", "symbol", "name", "type_id"...[0m
[0] [36m🕒 09:59:55 🐛 DEBUG   📊 Drizzle PostgreSQL Query | SQL:select "id", "code", "name", "descriptio...[0m
[0] [36m🕒 09:59:55 🐛 DEBUG   🔍 PostgreSQL Query | SQL:select "id", "code", "name", "descriptio...[0m
[0] [36m🕒 09:59:55 🐛 DEBUG   📊 Drizzle PostgreSQL Query | SQL:select "id", "symbol", "name", "type_id"...[0m
[0] [36m🕒 09:59:55 🐛 DEBUG   🔍 PostgreSQL Query | SQL:select "id", "symbol", "name", "type_id"...[0m
[0] [36m🕒 09:59:56 🐛 DEBUG   📊 Drizzle PostgreSQL Query | SQL:select "id", "token_id", "base_token_id"...[0m
[0] [36m🕒 09:59:56 🐛 DEBUG   🔍 PostgreSQL Query | SQL:select "id", "token_id", "base_token_id"...[0m
[0] [36m🕒 09:59:56 🐛 DEBUG   📊 Drizzle PostgreSQL Query | SQL:select "id", "symbol", "name", "type_id"...[0m
[0] [36m🕒 09:59:56 🐛 DEBUG   🔍 PostgreSQL Query | SQL:select "id", "symbol", "name", "type_id"...[0m
[0] [36m🕒 09:59:56 🐛 DEBUG   📊 Drizzle PostgreSQL Query | SQL:select "id", "symbol", "name", "type_id"...[0m
[0] [36m🕒 09:59:56 🐛 DEBUG   🔍 PostgreSQL Query | SQL:select "id", "symbol", "name", "type_id"...[0m
[0] [36m🕒 09:59:56 🐛 DEBUG   📊 Drizzle PostgreSQL Query | SQL:select "id", "token_id", "base_token_id"...[0m
[0] [36m🕒 09:59:56 🐛 DEBUG   🔍 PostgreSQL Query | SQL:select "id", "token_id", "base_token_id"...[0m
[0] [36m🕒 09:59:56 🐛 DEBUG   📊 Drizzle PostgreSQL Query | SQL:select "id", "symbol", "name", "type_id"...[0m
[0] [36m🕒 09:59:56 🐛 DEBUG   🔍 PostgreSQL Query | SQL:select "id", "symbol", "name", "type_id"...[0m
[0] [36m🕒 09:59:56 🐛 DEBUG   📊 Drizzle PostgreSQL Query | SQL:select "id", "symbol", "name", "type_id"...[0m
[0] [36m🕒 09:59:56 🐛 DEBUG   🔍 PostgreSQL Query | SQL:select "id", "symbol", "name", "type_id"...[0m
[0] [36m🕒 09:59:56 🐛 DEBUG   📊 Drizzle PostgreSQL Query | SQL:select "id", "token_id", "base_token_id"...[0m
[0] [36m🕒 09:59:56 🐛 DEBUG   🔍 PostgreSQL Query | SQL:select "id", "token_id", "base_token_id"...[0m
[0] Failed to fetch price for XEQT.TO/USD: Error: Finnhub API error: Forbidden. Using price 0.
[0] Failed to fetch price for XUU.TO/USD: Error: Finnhub API error: Forbidden. Using price 0.
[0] [32m🕒 09:59:56 📝 INFO    ✅ Procedure completed successfully: transactions.getAll | ⏱️ 1720.580125ms[0m
[0] [36m🕒 09:59:56 🐛 DEBUG   📊 Drizzle PostgreSQL Query | SQL:select "id", "symbol", "name", "type_id"...[0m
[0] [36m🕒 09:59:56 🐛 DEBUG   🔍 PostgreSQL Query | SQL:select "id", "symbol", "name", "type_id"...[0m
[0] [36m🕒 09:59:56 🐛 DEBUG   📊 Drizzle PostgreSQL Query | SQL:select "id", "symbol", "name", "type_id"...[0m
[0] [36m🕒 09:59:56 🐛 DEBUG   🔍 PostgreSQL Query | SQL:select "id", "symbol", "name", "type_id"...[0m
[0] [36m🕒 09:59:56 🐛 DEBUG   📊 Drizzle PostgreSQL Query | SQL:select "id", "token_id", "base_token_id"...[0m
[0] [36m🕒 09:59:56 🐛 DEBUG   🔍 PostgreSQL Query | SQL:select "id", "token_id", "base_token_id"...[0m
[0] [36m🕒 09:59:56 🐛 DEBUG   📊 Drizzle PostgreSQL Query | SQL:select "id", "symbol", "name", "type_id"...[0m
[0] [36m🕒 09:59:56 🐛 DEBUG   🔍 PostgreSQL Query | SQL:select "id", "symbol", "name", "type_id"...[0m
[0] [36m🕒 09:59:57 🐛 DEBUG   📊 Drizzle PostgreSQL Query | SQL:select "id", "symbol", "name", "type_id"...[0m
[0] [36m🕒 09:59:57 🐛 DEBUG   🔍 PostgreSQL Query | SQL:select "id", "symbol", "name", "type_id"...[0m
[0] [36m🕒 09:59:57 🐛 DEBUG   📊 Drizzle PostgreSQL Query | SQL:select "id", "token_id", "base_token_id"...[0m
[0] [36m🕒 09:59:57 🐛 DEBUG   🔍 PostgreSQL Query | SQL:select "id", "token_id", "base_token_id"...[0m
[0] [36m🕒 09:59:57 🐛 DEBUG   📊 Drizzle PostgreSQL Query | SQL:select "id", "symbol", "name", "type_id"...[0m
[0] [36m🕒 09:59:57 🐛 DEBUG   🔍 PostgreSQL Query | SQL:select "id", "symbol", "name", "type_id"...[0m
[0] [36m🕒 09:59:57 🐛 DEBUG   📊 Drizzle PostgreSQL Query | SQL:select "id", "symbol", "name", "type_id"...[0m
[0] [36m🕒 09:59:57 🐛 DEBUG   🔍 PostgreSQL Query | SQL:select "id", "symbol", "name", "type_id"...[0m
[0] [36m🕒 09:59:57 🐛 DEBUG   📊 Drizzle PostgreSQL Query | SQL:select "id", "token_id", "base_token_id"...[0m
[0] [36m🕒 09:59:57 🐛 DEBUG   🔍 PostgreSQL Query | SQL:select "id", "token_id", "base_token_id"...[0m
[0] [36m🕒 09:59:57 🐛 DEBUG   📊 Drizzle PostgreSQL Query | SQL:select "id", "symbol", "name", "type_id"...[0m
[0] [36m🕒 09:59:57 🐛 DEBUG   🔍 PostgreSQL Query | SQL:select "id", "symbol", "name", "type_id"...[0m
[0] [36m🕒 09:59:57 🐛 DEBUG   📊 Drizzle PostgreSQL Query | SQL:select "id", "symbol", "name", "type_id"...[0m
[0] [36m🕒 09:59:57 🐛 DEBUG   🔍 PostgreSQL Query | SQL:select "id", "symbol", "name", "type_id"...[0m
[0] [36m🕒 09:59:57 🐛 DEBUG   📊 Drizzle PostgreSQL Query | SQL:select "id", "token_id", "base_token_id"...[0m
[0] [36m🕒 09:59:57 🐛 DEBUG   🔍 PostgreSQL Query | SQL:select "id", "token_id", "base_token_id"...[0m
[0] [36m🕒 09:59:57 🐛 DEBUG   📊 Drizzle PostgreSQL Query | SQL:select "id", "symbol", "name", "type_id"...[0m
[0] [36m🕒 09:59:57 🐛 DEBUG   🔍 PostgreSQL Query | SQL:select "id", "symbol", "name", "type_id"...[0m
[0] [36m🕒 09:59:57 🐛 DEBUG   📊 Drizzle PostgreSQL Query | SQL:select "id", "symbol", "name", "type_id"...[0m
[0] [36m🕒 09:59:57 🐛 DEBUG   🔍 PostgreSQL Query | SQL:select "id", "symbol", "name", "type_id"...[0m
[0] [36m🕒 09:59:57 🐛 DEBUG   📊 Drizzle PostgreSQL Query | SQL:select "id", "token_id", "base_token_id"...[0m
[0] [36m🕒 09:59:57 🐛 DEBUG   🔍 PostgreSQL Query | SQL:select "id", "token_id", "base_token_id"...[0m
[0] [36m🕒 09:59:58 🐛 DEBUG   📊 Drizzle PostgreSQL Query | SQL:select "id", "symbol", "name", "type_id"...[0m
[0] [36m🕒 09:59:58 🐛 DEBUG   🔍 PostgreSQL Query | SQL:select "id", "symbol", "name", "type_id"...[0m
[0] [36m🕒 09:59:58 🐛 DEBUG   📊 Drizzle PostgreSQL Query | SQL:select "id", "symbol", "name", "type_id"...[0m
[0] [36m🕒 09:59:58 🐛 DEBUG   🔍 PostgreSQL Query | SQL:select "id", "symbol", "name", "type_id"...[0m
[0] [36m🕒 09:59:58 🐛 DEBUG   📊 Drizzle PostgreSQL Query | SQL:select "id", "token_id", "base_token_id"...[0m
[0] [36m🕒 09:59:58 🐛 DEBUG   🔍 PostgreSQL Query | SQL:select "id", "token_id", "base_token_id"...[0m
[0] [36m🕒 09:59:58 🐛 DEBUG   📊 Drizzle PostgreSQL Query | SQL:select "id", "symbol", "name", "type_id"...[0m
[0] [36m🕒 09:59:58 🐛 DEBUG   🔍 PostgreSQL Query | SQL:select "id", "symbol", "name", "type_id"...[0m
[0] [36m🕒 09:59:58 🐛 DEBUG   📊 Drizzle PostgreSQL Query | SQL:select "id", "code", "name", "descriptio...[0m
[0] [36m🕒 09:59:58 🐛 DEBUG   🔍 PostgreSQL Query | SQL:select "id", "code", "name", "descriptio...[0m
[0] Failed to fetch profile for XEQT.TO: 403 Forbidden
[0] Failed to fetch price for XEQT.TO/USD: Error: Finnhub API error for XEQT.TO: 403 Forbidden. {"error":"You don't have access to this resource."}. Using price 0.
[0] [36m🕒 09:59:59 🐛 DEBUG   📊 Drizzle PostgreSQL Query | SQL:select "id", "symbol", "name", "type_id"...[0m
[0] [36m🕒 09:59:59 🐛 DEBUG   🔍 PostgreSQL Query | SQL:select "id", "symbol", "name", "type_id"...[0m
[0] [36m🕒 09:59:59 🐛 DEBUG   📊 Drizzle PostgreSQL Query | SQL:select "id", "symbol", "name", "type_id"...[0m
[0] [36m🕒 09:59:59 🐛 DEBUG   🔍 PostgreSQL Query | SQL:select "id", "symbol", "name", "type_id"...[0m
[0] [36m🕒 09:59:59 🐛 DEBUG   📊 Drizzle PostgreSQL Query | SQL:select "id", "token_id", "base_token_id"...[0m
[0] [36m🕒 09:59:59 🐛 DEBUG   🔍 PostgreSQL Query | SQL:select "id", "token_id", "base_token_id"...[0m
[0] [36m🕒 09:59:59 🐛 DEBUG   📊 Drizzle PostgreSQL Query | SQL:select "id", "symbol", "name", "type_id"...[0m
[0] [36m🕒 09:59:59 🐛 DEBUG   🔍 PostgreSQL Query | SQL:select "id", "symbol", "name", "type_id"...[0m
[0] [36m🕒 09:59:59 🐛 DEBUG   📊 Drizzle PostgreSQL Query | SQL:select "id", "code", "name", "descriptio...[0m
[0] [36m🕒 09:59:59 🐛 DEBUG   🔍 PostgreSQL Query | SQL:select "id", "code", "name", "descriptio...[0m
[0] Failed to fetch profile for XUU.TO: 403 Forbidden
[0] Failed to fetch price for XUU.TO/USD: Error: Finnhub API error for XUU.TO: 403 Forbidden. {"error":"You don't have access to this resource."}. Using price 0.
[0] [36m🕒 10:00:00 🐛 DEBUG   📊 Drizzle PostgreSQL Query | SQL:select "id", "symbol", "name", "type_id"...[0m
[0] [36m🕒 10:00:00 🐛 DEBUG   🔍 PostgreSQL Query | SQL:select "id", "symbol", "name", "type_id"...[0m
[0] [36m🕒 10:00:00 🐛 DEBUG   📊 Drizzle PostgreSQL Query | SQL:select "id", "symbol", "name", "type_id"...[0m
[0] [36m🕒 10:00:00 🐛 DEBUG   🔍 PostgreSQL Query | SQL:select "id", "symbol", "name", "type_id"...[0m
[0] [36m🕒 10:00:00 🐛 DEBUG   📊 Drizzle PostgreSQL Query | SQL:select "id", "token_id", "base_token_id"...[0m
[0] [36m🕒 10:00:00 🐛 DEBUG   🔍 PostgreSQL Query | SQL:select "id", "token_id", "base_token_id"...[0m
[0] [32m🕒 10:00:00 📝 INFO    ✅ Procedure completed successfully: holdings.getUnpriceableTokens | ⏱️ 5489.722417ms[0m
[0] [32m🕒 10:00:00 📝 INFO   {tupyu52g} ✅ HTTP Response sent successfully | GET http://localhost:3001/trpc/transactions.getAll,accounts.getAll,holdings.getAll,tokens.getAll,users.getCurrent,transactionTypes.getAll,holdings.getUnpriceableTokens?batch=1&input=%7B%7D | ⏱️ 6007.310166ms | 🟢200[0m
[0] [32m🕒 10:00:00 📝 INFO   {jkn305ft} 📨 HTTP Request received | OPTIONS http://localhost:3001/trpc/holdings.getAll,accounts.getAll,tokens.getAll,institutions.getAll,transactionTypes.getAll,users.getCurrent?batch=1&input=%7B%7D[0m
[0] [32m🕒 10:00:00 📝 INFO   {jkn305ft} ✅ HTTP Response sent successfully | OPTIONS http://localhost:3001/trpc/holdings.getAll,accounts.getAll,tokens.getAll,institutions.getAll,transactionTypes.getAll,users.getCurrent?batch=1&input=%7B%7D | ⏱️ 1.079708ms | 🟢200[0m
[0] [32m🕒 10:00:00 📝 INFO   {ru17p5vd} 📨 HTTP Request received | GET http://localhost:3001/trpc/holdings.getAll,accounts.getAll,tokens.getAll,institutions.getAll,transactionTypes.getAll,users.getCurrent?batch=1&input=%7B%7D[0m
[0] [32m🕒 10:00:00 📝 INFO   {ex0x7t06} 🔄 Incoming tRPC request | GET http://localhost:3001/trpc/holdings.getAll,accounts.getAll,tokens.getAll,institutions.getAll,transactionTypes.getAll,users.getCurrent?batch=1&input=%7B%7D[0m
[0] [36m🕒 10:00:00 🐛 DEBUG   📊 Drizzle PostgreSQL Query | SQL:select "id", "email", "name", "avatar", ...[0m
[0] [36m🕒 10:00:00 🐛 DEBUG   🔍 PostgreSQL Query | SQL:select "id", "email", "name", "avatar", ...[0m
[0] [36m🕒 10:00:00 🐛 DEBUG   ⚡ Starting query procedure: holdings.getAll[0m
[0] [36m🕒 10:00:00 🐛 DEBUG   ⚡ Starting query procedure: accounts.getAll[0m
[0] [36m🕒 10:00:00 🐛 DEBUG   ⚡ Starting query procedure: tokens.getAll[0m
[0] [36m🕒 10:00:00 🐛 DEBUG   ⚡ Starting query procedure: institutions.getAll[0m
[0] [36m🕒 10:00:00 🐛 DEBUG   ⚡ Starting query procedure: transactionTypes.getAll[0m
[0] [36m🕒 10:00:00 🐛 DEBUG   ⚡ Starting query procedure: users.getCurrent[0m
[0] [36m🕒 10:00:00 🐛 DEBUG   📊 Drizzle PostgreSQL Query | SQL:select "id", "user_id", "account_id", "t...[0m
[0] [36m🕒 10:00:00 🐛 DEBUG   📊 Drizzle PostgreSQL Query | SQL:select "accounts"."id", "accounts"."inst...[0m
[0] [36m🕒 10:00:00 🐛 DEBUG   📊 Drizzle PostgreSQL Query | SQL:select "tokens"."id", "tokens"."symbol",...[0m
[0] [36m🕒 10:00:00 🐛 DEBUG   📊 Drizzle PostgreSQL Query | SQL:select "institutions"."id", "institution...[0m
[0] [36m🕒 10:00:00 🐛 DEBUG   📊 Drizzle PostgreSQL Query | SQL:select "id", "code", "name", "descriptio...[0m
[0] [36m🕒 10:00:00 🐛 DEBUG   🔍 PostgreSQL Query | SQL:select "id", "user_id", "account_id", "t...[0m
[0] [36m🕒 10:00:00 🐛 DEBUG   🔍 PostgreSQL Query | SQL:select "accounts"."id", "accounts"."inst...[0m
[0] [36m🕒 10:00:00 🐛 DEBUG   🔍 PostgreSQL Query | SQL:select "tokens"."id", "tokens"."symbol",...[0m
[0] [36m🕒 10:00:00 🐛 DEBUG   🔍 PostgreSQL Query | SQL:select "institutions"."id", "institution...[0m
[0] [36m🕒 10:00:00 🐛 DEBUG   🔍 PostgreSQL Query | SQL:select "id", "code", "name", "descriptio...[0m
[0] [32m🕒 10:00:00 📝 INFO    ✅ Procedure completed successfully: users.getCurrent | ⏱️ 3.581041ms[0m
[0] [32m🕒 10:00:00 📝 INFO    ✅ Procedure completed successfully: holdings.getAll | ⏱️ 94.0525ms[0m
[0] [32m🕒 10:00:00 📝 INFO    ✅ Procedure completed successfully: transactionTypes.getAll | ⏱️ 93.175ms[0m
[0] [32m🕒 10:00:00 📝 INFO    ✅ Procedure completed successfully: accounts.getAll | ⏱️ 97.705709ms[0m
[0] [32m🕒 10:00:00 📝 INFO    ✅ Procedure completed successfully: tokens.getAll | ⏱️ 143.696333ms[0m
[0] [32m🕒 10:00:00 📝 INFO    ✅ Procedure completed successfully: institutions.getAll | ⏱️ 182.023375ms[0m
[0] [32m🕒 10:00:00 📝 INFO   {ru17p5vd} ✅ HTTP Response sent successfully | GET http://localhost:3001/trpc/holdings.getAll,accounts.getAll,tokens.getAll,institutions.getAll,transactionTypes.getAll,users.getCurrent?batch=1&input=%7B%7D | ⏱️ 347.458541ms | 🟢200[0m
[0] [32m🕒 10:00:03 📝 INFO    🛑 Graceful shutdown initiated[0m
[0] [32m🕒 10:00:03 📝 INFO    undefined[0m
[0] [32m🕒 10:00:03 📝 INFO    undefined[0m
[0] [32m🕒 10:00:03 📝 INFO    undefined[0m
[0] cd apps/backend && bun dev exited with code 0
[1] cd apps/frontend && bun dev exited with code SIGINT
